#
# A fatal error has been detected by the Java Runtime Environment:
#
#  SIGSEGV (0xb) at pc=0x00007f5a439380f0, pid=704, tid=705
#
# JRE version: Java(TM) SE Runtime Environment (11.0.2+9) (build 11.0.2+9-LTS)
# Java VM: Java HotSpot(TM) 64-Bit Server VM (11.0.2+9-LTS, mixed mode, tiered, compressed oops, g1 gc, linux-amd64)
# Problematic frame:
# C  [libstdc++.so.6+0x1250f0]  std::__cxx11::basic_string<char, std::char_traits<char>, std::allocator<char> >::size() const+0x0
#
# Core dump will be written. Default location: Core dumps may be processed with "/usr/share/apport/apport %p %s %c %d %P" (or dumping to /mnt/0F74233D71F0CA95/Documents/GitHub/CSCI_2270_Project/core.704)
#
# If you would like to submit a bug report, please visit:
#   http://bugreport.java.com/bugreport/crash.jsp
# The crash happened outside the Java Virtual Machine in native code.
# See problematic frame for where to report the bug.
#

---------------  S U M M A R Y ------------

Command Line: project.jar

Host: Intel(R) Core(TM) i7-8550U CPU @ 1.80GHz, 8 cores, 15G, Ubuntu 18.04.2 LTS
Time: Tue Apr 23 10:31:19 2019 MDT elapsed time: 0 seconds (0d 0h 0m 0s)

---------------  T H R E A D  ---------------

Current thread (0x00007f5ac0012000):  JavaThread "main" [_thread_in_native, id=705, stack(0x00007f5ac7864000,0x00007f5ac7965000)]

Stack: [0x00007f5ac7864000,0x00007f5ac7965000],  sp=0x00007f5ac79632c8,  free space=1020k
Native frames: (J=compiled Java code, A=aot compiled Java code, j=interpreted, Vv=VM code, C=native code)
C  [libstdc++.so.6+0x1250f0]  std::__cxx11::basic_string<char, std::char_traits<char>, std::allocator<char> >::size() const+0x0
C  [share.so+0x4fd09]  wordSearch::addNodeHelper(wordNode*, std::__cxx11::basic_string<char, std::char_traits<char>, std::allocator<char> >, Part*)+0x47
C  [share.so+0x4ff12]  wordSearch::addNode(std::__cxx11::basic_string<char, std::char_traits<char>, std::allocator<char> >, Part*)+0xa0
C  [share.so+0x4fc0a]  wordSearch::addPart(Part*)+0x13c
C  [share.so+0x3f28c]  Java_mypackage_testJNI_wordSearch_1addPart+0x68
j  mypackage.testJNI.wordSearch_addPart(JLmypackage/wordSearch;JLmypackage/Part;)V+0
j  mypackage.wordSearch.addPart(Lmypackage/Part;)V+10
j  mypackage.Main.main([Ljava/lang/String;)V+415
v  ~StubRoutines::call_stub
V  [libjvm.so+0x886899]  JavaCalls::call_helper(JavaValue*, methodHandle const&, JavaCallArguments*, Thread*)+0x3b9
V  [libjvm.so+0x90126a]  jni_invoke_static(JNIEnv_*, JavaValue*, _jobject*, JNICallType, _jmethodID*, JNI_ArgumentPusher*, Thread*) [clone .isra.65] [clone .constprop.193]+0x1ba
V  [libjvm.so+0x9038d4]  jni_CallStaticVoidMethod+0x164
C  [libjli.so+0x582d]  JavaMain+0xe4d

Java frames: (J=compiled Java code, j=interpreted, Vv=VM code)
j  mypackage.testJNI.wordSearch_addPart(JLmypackage/wordSearch;JLmypackage/Part;)V+0
j  mypackage.wordSearch.addPart(Lmypackage/Part;)V+10
j  mypackage.Main.main([Ljava/lang/String;)V+415
v  ~StubRoutines::call_stub

siginfo: si_signo: 11 (SIGSEGV), si_code: 128 (SI_KERNEL), si_addr: 0x0000000000000000

Register to memory mapping:

RAX=0x726150656e696863 is an unknown value
RBX=0x00007f5ac79633fb is pointing into the stack for thread: 0x00007f5ac0012000
RCX=0x000000000070756e is an unknown value
RDX=0x00007f5ac7963380 is pointing into the stack for thread: 0x00007f5ac0012000
RSP=0x00007f5ac79632c8 is pointing into the stack for thread: 0x00007f5ac0012000
RBP=0x00007f5ac79632f0 is pointing into the stack for thread: 0x00007f5ac0012000
RSI=0x00007f5ac7963380 is pointing into the stack for thread: 0x00007f5ac0012000
RDI=0x726150656e696863 is an unknown value
R8 =0x000000000000000f is an unknown value
R9 =0x00007f5a43b8e660: _ZTINSt6locale5facetE+0x0000000000000000 in /usr/lib/x86_64-linux-gnu/libstdc++.so.6 at 0x00007f5a43813000
R10=0x0000000000000006 is an unknown value
R11=0x00007f5a43bd3b9c: _ZN9__gnu_cxx13new_allocatorIP4PartE10deallocateEPS2_m+0x0000000000000000 in /tmp/nativeutils3560299649674/share.so at 0x00007f5a43b9c000
R12=0x00007f5ac79633f0 is pointing into the stack for thread: 0x00007f5ac0012000
R13={method} {0x00007f5a43e2a520} 'wordSearch_addPart' '(JLmypackage/wordSearch;JLmypackage/Part;)V' in 'mypackage/testJNI'
R14=0x00007f5ac7963718 is pointing into the stack for thread: 0x00007f5ac0012000
R15=0x00007f5ac0012000 is a thread


Registers:
RAX=0x726150656e696863, RBX=0x00007f5ac79633fb, RCX=0x000000000070756e, RDX=0x00007f5ac7963380
RSP=0x00007f5ac79632c8, RBP=0x00007f5ac79632f0, RSI=0x00007f5ac7963380, RDI=0x726150656e696863
R8 =0x000000000000000f, R9 =0x00007f5a43b8e660, R10=0x0000000000000006, R11=0x00007f5a43bd3b9c
R12=0x00007f5ac79633f0, R13=0x00007f5a43e2a520, R14=0x00007f5ac7963718, R15=0x00007f5ac0012000
RIP=0x00007f5a439380f0, EFLAGS=0x0000000000010202, CSGSFS=0x002b000000000033, ERR=0x0000000000000000
  TRAPNO=0x000000000000000d

Top of Stack: (sp=0x00007f5ac79632c8)
0x00007f5ac79632c8:   00007f5a43bec5cd 00007f5ac7963380
0x00007f5ac79632d8:   726150656e696863 00007f5ac79633fb
0x00007f5ac79632e8:   00007f5ac79633f0 00007f5ac7963350
0x00007f5ac79632f8:   00007f5a43bebd09 00007f5ac07207e0 

Instructions: (pc=0x00007f5a439380f0)
0x00007f5a439380d0:   48 8b 56 08 48 03 16 48 89 f8 48 89 17 c3 66 90
0x00007f5a439380e0:   48 8b 16 48 89 f8 48 89 17 c3 66 0f 1f 44 00 00
0x00007f5a439380f0:   48 8b 47 08 c3 66 2e 0f 1f 84 00 00 00 00 00 90
0x00007f5a43938100:   48 8b 47 08 c3 66 2e 0f 1f 84 00 00 00 00 00 90 

Stack slot to memory mapping:
stack at sp + 0 slots: 0x00007f5a43bec5cd: _ZSteqIcEN9__gnu_cxx11__enable_ifIXsrSt9__is_charIT_E7__valueEbE6__typeERKNSt7__cxx1112basic_stringIS3_St11char_traitsIS3_ESaIS3_EEESE_+0x000000000000001f in /tmp/nativeutils3560299649674/share.so at 0x00007f5a43b9c000
stack at sp + 1 slots: 0x00007f5ac7963380 is pointing into the stack for thread: 0x00007f5ac0012000
stack at sp + 2 slots: 0x726150656e696863 is an unknown value
stack at sp + 3 slots: 0x00007f5ac79633fb is pointing into the stack for thread: 0x00007f5ac0012000
stack at sp + 4 slots: 0x00007f5ac79633f0 is pointing into the stack for thread: 0x00007f5ac0012000
stack at sp + 5 slots: 0x00007f5ac7963350 is pointing into the stack for thread: 0x00007f5ac0012000
stack at sp + 6 slots: 0x00007f5a43bebd09: _ZN10wordSearch13addNodeHelperEP8wordNodeNSt7__cxx1112basic_stringIcSt11char_traitsIcESaIcEEEP4Part+0x0000000000000047 in /tmp/nativeutils3560299649674/share.so at 0x00007f5a43b9c000
stack at sp + 7 slots: 0x00007f5ac07207e0 points into unknown readable memory: 03 00 00 00 0a 00 00 00


---------------  P R O C E S S  ---------------

Threads class SMR info:
_java_thread_list=0x00007f5a682bff10, length=12, elements={
0x00007f5ac0012000, 0x00007f5ac026a800, 0x00007f5ac026e800, 0x00007f5ac0281000,
0x00007f5ac0283000, 0x00007f5ac0285000, 0x00007f5ac0287000, 0x00007f5ac032e000,
0x00007f5ac0344000, 0x00007f5ac0532000, 0x00007f5ac05b7000, 0x00007f5a682be800
}

Java Threads: ( => current thread )
=>0x00007f5ac0012000 JavaThread "main" [_thread_in_native, id=705, stack(0x00007f5ac7864000,0x00007f5ac7965000)]
  0x00007f5ac026a800 JavaThread "Reference Handler" daemon [_thread_blocked, id=712, stack(0x00007f5a8b6ff000,0x00007f5a8b800000)]
  0x00007f5ac026e800 JavaThread "Finalizer" daemon [_thread_blocked, id=713, stack(0x00007f5a8b5fe000,0x00007f5a8b6ff000)]
  0x00007f5ac0281000 JavaThread "Signal Dispatcher" daemon [_thread_blocked, id=714, stack(0x00007f5a8ab2e000,0x00007f5a8ac2f000)]
  0x00007f5ac0283000 JavaThread "C2 CompilerThread0" daemon [_thread_blocked, id=715, stack(0x00007f5a8aa2d000,0x00007f5a8ab2e000)]
  0x00007f5ac0285000 JavaThread "C1 CompilerThread0" daemon [_thread_blocked, id=716, stack(0x00007f5a8a92c000,0x00007f5a8aa2d000)]
  0x00007f5ac0287000 JavaThread "Sweeper thread" daemon [_thread_blocked, id=717, stack(0x00007f5a8a82b000,0x00007f5a8a92c000)]
  0x00007f5ac032e000 JavaThread "Service Thread" daemon [_thread_blocked, id=718, stack(0x00007f5a8a72a000,0x00007f5a8a82b000)]
  0x00007f5ac0344000 JavaThread "Common-Cleaner" daemon [_thread_blocked, id=720, stack(0x00007f5a8a527000,0x00007f5a8a628000)]
  0x00007f5ac0532000 JavaThread "Java2D Disposer" daemon [_thread_blocked, id=724, stack(0x00007f5a5c672000,0x00007f5a5c773000)]
  0x00007f5ac05b7000 JavaThread "AWT-XAWT" daemon [_thread_in_native, id=725, stack(0x00007f5a5c161000,0x00007f5a5c262000)]
  0x00007f5a682be800 JavaThread "C2 CompilerThread1" daemon [_thread_blocked, id=726, stack(0x00007f5a5c060000,0x00007f5a5c161000)]

Other Threads:
  0x00007f5ac0262000 VMThread "VM Thread" [stack: 0x00007f5a98022000,0x00007f5a98122000] [id=711]
  0x00007f5ac033d000 WatcherThread [stack: 0x00007f5a8a62a000,0x00007f5a8a72a000] [id=719]
  0x00007f5ac003a000 GCTaskThread "GC Thread#0" [stack: 0x00007f5aa896c000,0x00007f5aa8a6c000] [id=706]
  0x00007f5ac0097800 ConcurrentGCThread "G1 Main Marker" [stack: 0x00007f5a9ac32000,0x00007f5a9ad32000] [id=707]
  0x00007f5ac0099000 ConcurrentGCThread "G1 Conc#0" [stack: 0x00007f5a9ab30000,0x00007f5a9ac30000] [id=708]
  0x00007f5ac0197000 ConcurrentGCThread "G1 Refine#0" [stack: 0x00007f5a98226000,0x00007f5a98326000] [id=709]
  0x00007f5ac0199000 ConcurrentGCThread "G1 Young RemSet Sampling" [stack: 0x00007f5a98124000,0x00007f5a98224000] [id=710]

Threads with active compile tasks:

VM state:not at safepoint (normal execution)

VM Mutex/Monitor currently owned by a thread: None

Heap address: 0x0000000708c00000, size: 3956 MB, Compressed Oops mode: Zero based, Oop shift amount: 3
Narrow klass base: 0x0000000800000000, Narrow klass shift: 0
Compressed class space size: 1073741824 Address: 0x0000000800000000

Heap:
 garbage-first heap   total 253952K, used 7168K [0x0000000708c00000, 0x0000000800000000)
  region size 1024K, 8 young (8192K), 0 survivors (0K)
 Metaspace       used 11745K, capacity 12099K, committed 12416K, reserved 1060864K
  class space    used 1189K, capacity 1344K, committed 1408K, reserved 1048576K
Heap Regions: E=young(eden), S=young(survivor), O=old, HS=humongous(starts), HC=humongous(continues), CS=collection set, F=free, A=archive, TAMS=top-at-mark-start (previous, next)
|   0|0x0000000708c00000, 0x0000000708c00000, 0x0000000708d00000|  0%| F|  |TAMS 0x0000000708c00000, 0x0000000708c00000| Untracked 
|   1|0x0000000708d00000, 0x0000000708d00000, 0x0000000708e00000|  0%| F|  |TAMS 0x0000000708d00000, 0x0000000708d00000| Untracked 
|   2|0x0000000708e00000, 0x0000000708e00000, 0x0000000708f00000|  0%| F|  |TAMS 0x0000000708e00000, 0x0000000708e00000| Untracked 
|   3|0x0000000708f00000, 0x0000000708f00000, 0x0000000709000000|  0%| F|  |TAMS 0x0000000708f00000, 0x0000000708f00000| Untracked 
|   4|0x0000000709000000, 0x0000000709000000, 0x0000000709100000|  0%| F|  |TAMS 0x0000000709000000, 0x0000000709000000| Untracked 
|   5|0x0000000709100000, 0x0000000709100000, 0x0000000709200000|  0%| F|  |TAMS 0x0000000709100000, 0x0000000709100000| Untracked 
|   6|0x0000000709200000, 0x0000000709200000, 0x0000000709300000|  0%| F|  |TAMS 0x0000000709200000, 0x0000000709200000| Untracked 
|   7|0x0000000709300000, 0x0000000709300000, 0x0000000709400000|  0%| F|  |TAMS 0x0000000709300000, 0x0000000709300000| Untracked 
|   8|0x0000000709400000, 0x0000000709400000, 0x0000000709500000|  0%| F|  |TAMS 0x0000000709400000, 0x0000000709400000| Untracked 
|   9|0x0000000709500000, 0x0000000709500000, 0x0000000709600000|  0%| F|  |TAMS 0x0000000709500000, 0x0000000709500000| Untracked 
|  10|0x0000000709600000, 0x0000000709600000, 0x0000000709700000|  0%| F|  |TAMS 0x0000000709600000, 0x0000000709600000| Untracked 
|  11|0x0000000709700000, 0x0000000709700000, 0x0000000709800000|  0%| F|  |TAMS 0x0000000709700000, 0x0000000709700000| Untracked 
|  12|0x0000000709800000, 0x0000000709800000, 0x0000000709900000|  0%| F|  |TAMS 0x0000000709800000, 0x0000000709800000| Untracked 
|  13|0x0000000709900000, 0x0000000709900000, 0x0000000709a00000|  0%| F|  |TAMS 0x0000000709900000, 0x0000000709900000| Untracked 
|  14|0x0000000709a00000, 0x0000000709a00000, 0x0000000709b00000|  0%| F|  |TAMS 0x0000000709a00000, 0x0000000709a00000| Untracked 
|  15|0x0000000709b00000, 0x0000000709b00000, 0x0000000709c00000|  0%| F|  |TAMS 0x0000000709b00000, 0x0000000709b00000| Untracked 
|  16|0x0000000709c00000, 0x0000000709c00000, 0x0000000709d00000|  0%| F|  |TAMS 0x0000000709c00000, 0x0000000709c00000| Untracked 
|  17|0x0000000709d00000, 0x0000000709d00000, 0x0000000709e00000|  0%| F|  |TAMS 0x0000000709d00000, 0x0000000709d00000| Untracked 
|  18|0x0000000709e00000, 0x0000000709e00000, 0x0000000709f00000|  0%| F|  |TAMS 0x0000000709e00000, 0x0000000709e00000| Untracked 
|  19|0x0000000709f00000, 0x0000000709f00000, 0x000000070a000000|  0%| F|  |TAMS 0x0000000709f00000, 0x0000000709f00000| Untracked 
|  20|0x000000070a000000, 0x000000070a000000, 0x000000070a100000|  0%| F|  |TAMS 0x000000070a000000, 0x000000070a000000| Untracked 
|  21|0x000000070a100000, 0x000000070a100000, 0x000000070a200000|  0%| F|  |TAMS 0x000000070a100000, 0x000000070a100000| Untracked 
|  22|0x000000070a200000, 0x000000070a200000, 0x000000070a300000|  0%| F|  |TAMS 0x000000070a200000, 0x000000070a200000| Untracked 
|  23|0x000000070a300000, 0x000000070a300000, 0x000000070a400000|  0%| F|  |TAMS 0x000000070a300000, 0x000000070a300000| Untracked 
|  24|0x000000070a400000, 0x000000070a400000, 0x000000070a500000|  0%| F|  |TAMS 0x000000070a400000, 0x000000070a400000| Untracked 
|  25|0x000000070a500000, 0x000000070a500000, 0x000000070a600000|  0%| F|  |TAMS 0x000000070a500000, 0x000000070a500000| Untracked 
|  26|0x000000070a600000, 0x000000070a600000, 0x000000070a700000|  0%| F|  |TAMS 0x000000070a600000, 0x000000070a600000| Untracked 
|  27|0x000000070a700000, 0x000000070a700000, 0x000000070a800000|  0%| F|  |TAMS 0x000000070a700000, 0x000000070a700000| Untracked 
|  28|0x000000070a800000, 0x000000070a800000, 0x000000070a900000|  0%| F|  |TAMS 0x000000070a800000, 0x000000070a800000| Untracked 
|  29|0x000000070a900000, 0x000000070a900000, 0x000000070aa00000|  0%| F|  |TAMS 0x000000070a900000, 0x000000070a900000| Untracked 
|  30|0x000000070aa00000, 0x000000070aa00000, 0x000000070ab00000|  0%| F|  |TAMS 0x000000070aa00000, 0x000000070aa00000| Untracked 
|  31|0x000000070ab00000, 0x000000070ab00000, 0x000000070ac00000|  0%| F|  |TAMS 0x000000070ab00000, 0x000000070ab00000| Untracked 
|  32|0x000000070ac00000, 0x000000070ac00000, 0x000000070ad00000|  0%| F|  |TAMS 0x000000070ac00000, 0x000000070ac00000| Untracked 
|  33|0x000000070ad00000, 0x000000070ad00000, 0x000000070ae00000|  0%| F|  |TAMS 0x000000070ad00000, 0x000000070ad00000| Untracked 
|  34|0x000000070ae00000, 0x000000070ae00000, 0x000000070af00000|  0%| F|  |TAMS 0x000000070ae00000, 0x000000070ae00000| Untracked 
|  35|0x000000070af00000, 0x000000070af00000, 0x000000070b000000|  0%| F|  |TAMS 0x000000070af00000, 0x000000070af00000| Untracked 
|  36|0x000000070b000000, 0x000000070b000000, 0x000000070b100000|  0%| F|  |TAMS 0x000000070b000000, 0x000000070b000000| Untracked 
|  37|0x000000070b100000, 0x000000070b100000, 0x000000070b200000|  0%| F|  |TAMS 0x000000070b100000, 0x000000070b100000| Untracked 
|  38|0x000000070b200000, 0x000000070b200000, 0x000000070b300000|  0%| F|  |TAMS 0x000000070b200000, 0x000000070b200000| Untracked 
|  39|0x000000070b300000, 0x000000070b300000, 0x000000070b400000|  0%| F|  |TAMS 0x000000070b300000, 0x000000070b300000| Untracked 
|  40|0x000000070b400000, 0x000000070b400000, 0x000000070b500000|  0%| F|  |TAMS 0x000000070b400000, 0x000000070b400000| Untracked 
|  41|0x000000070b500000, 0x000000070b500000, 0x000000070b600000|  0%| F|  |TAMS 0x000000070b500000, 0x000000070b500000| Untracked 
|  42|0x000000070b600000, 0x000000070b600000, 0x000000070b700000|  0%| F|  |TAMS 0x000000070b600000, 0x000000070b600000| Untracked 
|  43|0x000000070b700000, 0x000000070b700000, 0x000000070b800000|  0%| F|  |TAMS 0x000000070b700000, 0x000000070b700000| Untracked 
|  44|0x000000070b800000, 0x000000070b800000, 0x000000070b900000|  0%| F|  |TAMS 0x000000070b800000, 0x000000070b800000| Untracked 
|  45|0x000000070b900000, 0x000000070b900000, 0x000000070ba00000|  0%| F|  |TAMS 0x000000070b900000, 0x000000070b900000| Untracked 
|  46|0x000000070ba00000, 0x000000070ba00000, 0x000000070bb00000|  0%| F|  |TAMS 0x000000070ba00000, 0x000000070ba00000| Untracked 
|  47|0x000000070bb00000, 0x000000070bb00000, 0x000000070bc00000|  0%| F|  |TAMS 0x000000070bb00000, 0x000000070bb00000| Untracked 
|  48|0x000000070bc00000, 0x000000070bc00000, 0x000000070bd00000|  0%| F|  |TAMS 0x000000070bc00000, 0x000000070bc00000| Untracked 
|  49|0x000000070bd00000, 0x000000070bd00000, 0x000000070be00000|  0%| F|  |TAMS 0x000000070bd00000, 0x000000070bd00000| Untracked 
|  50|0x000000070be00000, 0x000000070be00000, 0x000000070bf00000|  0%| F|  |TAMS 0x000000070be00000, 0x000000070be00000| Untracked 
|  51|0x000000070bf00000, 0x000000070bf00000, 0x000000070c000000|  0%| F|  |TAMS 0x000000070bf00000, 0x000000070bf00000| Untracked 
|  52|0x000000070c000000, 0x000000070c000000, 0x000000070c100000|  0%| F|  |TAMS 0x000000070c000000, 0x000000070c000000| Untracked 
|  53|0x000000070c100000, 0x000000070c100000, 0x000000070c200000|  0%| F|  |TAMS 0x000000070c100000, 0x000000070c100000| Untracked 
|  54|0x000000070c200000, 0x000000070c200000, 0x000000070c300000|  0%| F|  |TAMS 0x000000070c200000, 0x000000070c200000| Untracked 
|  55|0x000000070c300000, 0x000000070c300000, 0x000000070c400000|  0%| F|  |TAMS 0x000000070c300000, 0x000000070c300000| Untracked 
|  56|0x000000070c400000, 0x000000070c400000, 0x000000070c500000|  0%| F|  |TAMS 0x000000070c400000, 0x000000070c400000| Untracked 
|  57|0x000000070c500000, 0x000000070c500000, 0x000000070c600000|  0%| F|  |TAMS 0x000000070c500000, 0x000000070c500000| Untracked 
|  58|0x000000070c600000, 0x000000070c600000, 0x000000070c700000|  0%| F|  |TAMS 0x000000070c600000, 0x000000070c600000| Untracked 
|  59|0x000000070c700000, 0x000000070c700000, 0x000000070c800000|  0%| F|  |TAMS 0x000000070c700000, 0x000000070c700000| Untracked 
|  60|0x000000070c800000, 0x000000070c800000, 0x000000070c900000|  0%| F|  |TAMS 0x000000070c800000, 0x000000070c800000| Untracked 
|  61|0x000000070c900000, 0x000000070c900000, 0x000000070ca00000|  0%| F|  |TAMS 0x000000070c900000, 0x000000070c900000| Untracked 
|  62|0x000000070ca00000, 0x000000070ca00000, 0x000000070cb00000|  0%| F|  |TAMS 0x000000070ca00000, 0x000000070ca00000| Untracked 
|  63|0x000000070cb00000, 0x000000070cb00000, 0x000000070cc00000|  0%| F|  |TAMS 0x000000070cb00000, 0x000000070cb00000| Untracked 
|  64|0x000000070cc00000, 0x000000070cc00000, 0x000000070cd00000|  0%| F|  |TAMS 0x000000070cc00000, 0x000000070cc00000| Untracked 
|  65|0x000000070cd00000, 0x000000070cd00000, 0x000000070ce00000|  0%| F|  |TAMS 0x000000070cd00000, 0x000000070cd00000| Untracked 
|  66|0x000000070ce00000, 0x000000070ce00000, 0x000000070cf00000|  0%| F|  |TAMS 0x000000070ce00000, 0x000000070ce00000| Untracked 
|  67|0x000000070cf00000, 0x000000070cf00000, 0x000000070d000000|  0%| F|  |TAMS 0x000000070cf00000, 0x000000070cf00000| Untracked 
|  68|0x000000070d000000, 0x000000070d000000, 0x000000070d100000|  0%| F|  |TAMS 0x000000070d000000, 0x000000070d000000| Untracked 
|  69|0x000000070d100000, 0x000000070d100000, 0x000000070d200000|  0%| F|  |TAMS 0x000000070d100000, 0x000000070d100000| Untracked 
|  70|0x000000070d200000, 0x000000070d200000, 0x000000070d300000|  0%| F|  |TAMS 0x000000070d200000, 0x000000070d200000| Untracked 
|  71|0x000000070d300000, 0x000000070d300000, 0x000000070d400000|  0%| F|  |TAMS 0x000000070d300000, 0x000000070d300000| Untracked 
|  72|0x000000070d400000, 0x000000070d400000, 0x000000070d500000|  0%| F|  |TAMS 0x000000070d400000, 0x000000070d400000| Untracked 
|  73|0x000000070d500000, 0x000000070d500000, 0x000000070d600000|  0%| F|  |TAMS 0x000000070d500000, 0x000000070d500000| Untracked 
|  74|0x000000070d600000, 0x000000070d600000, 0x000000070d700000|  0%| F|  |TAMS 0x000000070d600000, 0x000000070d600000| Untracked 
|  75|0x000000070d700000, 0x000000070d700000, 0x000000070d800000|  0%| F|  |TAMS 0x000000070d700000, 0x000000070d700000| Untracked 
|  76|0x000000070d800000, 0x000000070d800000, 0x000000070d900000|  0%| F|  |TAMS 0x000000070d800000, 0x000000070d800000| Untracked 
|  77|0x000000070d900000, 0x000000070d900000, 0x000000070da00000|  0%| F|  |TAMS 0x000000070d900000, 0x000000070d900000| Untracked 
|  78|0x000000070da00000, 0x000000070da00000, 0x000000070db00000|  0%| F|  |TAMS 0x000000070da00000, 0x000000070da00000| Untracked 
|  79|0x000000070db00000, 0x000000070db00000, 0x000000070dc00000|  0%| F|  |TAMS 0x000000070db00000, 0x000000070db00000| Untracked 
|  80|0x000000070dc00000, 0x000000070dc00000, 0x000000070dd00000|  0%| F|  |TAMS 0x000000070dc00000, 0x000000070dc00000| Untracked 
|  81|0x000000070dd00000, 0x000000070dd00000, 0x000000070de00000|  0%| F|  |TAMS 0x000000070dd00000, 0x000000070dd00000| Untracked 
|  82|0x000000070de00000, 0x000000070de00000, 0x000000070df00000|  0%| F|  |TAMS 0x000000070de00000, 0x000000070de00000| Untracked 
|  83|0x000000070df00000, 0x000000070df00000, 0x000000070e000000|  0%| F|  |TAMS 0x000000070df00000, 0x000000070df00000| Untracked 
|  84|0x000000070e000000, 0x000000070e000000, 0x000000070e100000|  0%| F|  |TAMS 0x000000070e000000, 0x000000070e000000| Untracked 
|  85|0x000000070e100000, 0x000000070e100000, 0x000000070e200000|  0%| F|  |TAMS 0x000000070e100000, 0x000000070e100000| Untracked 
|  86|0x000000070e200000, 0x000000070e200000, 0x000000070e300000|  0%| F|  |TAMS 0x000000070e200000, 0x000000070e200000| Untracked 
|  87|0x000000070e300000, 0x000000070e300000, 0x000000070e400000|  0%| F|  |TAMS 0x000000070e300000, 0x000000070e300000| Untracked 
|  88|0x000000070e400000, 0x000000070e400000, 0x000000070e500000|  0%| F|  |TAMS 0x000000070e400000, 0x000000070e400000| Untracked 
|  89|0x000000070e500000, 0x000000070e500000, 0x000000070e600000|  0%| F|  |TAMS 0x000000070e500000, 0x000000070e500000| Untracked 
|  90|0x000000070e600000, 0x000000070e600000, 0x000000070e700000|  0%| F|  |TAMS 0x000000070e600000, 0x000000070e600000| Untracked 
|  91|0x000000070e700000, 0x000000070e700000, 0x000000070e800000|  0%| F|  |TAMS 0x000000070e700000, 0x000000070e700000| Untracked 
|  92|0x000000070e800000, 0x000000070e800000, 0x000000070e900000|  0%| F|  |TAMS 0x000000070e800000, 0x000000070e800000| Untracked 
|  93|0x000000070e900000, 0x000000070e900000, 0x000000070ea00000|  0%| F|  |TAMS 0x000000070e900000, 0x000000070e900000| Untracked 
|  94|0x000000070ea00000, 0x000000070ea00000, 0x000000070eb00000|  0%| F|  |TAMS 0x000000070ea00000, 0x000000070ea00000| Untracked 
|  95|0x000000070eb00000, 0x000000070eb00000, 0x000000070ec00000|  0%| F|  |TAMS 0x000000070eb00000, 0x000000070eb00000| Untracked 
|  96|0x000000070ec00000, 0x000000070ec00000, 0x000000070ed00000|  0%| F|  |TAMS 0x000000070ec00000, 0x000000070ec00000| Untracked 
|  97|0x000000070ed00000, 0x000000070ed00000, 0x000000070ee00000|  0%| F|  |TAMS 0x000000070ed00000, 0x000000070ed00000| Untracked 
|  98|0x000000070ee00000, 0x000000070ee00000, 0x000000070ef00000|  0%| F|  |TAMS 0x000000070ee00000, 0x000000070ee00000| Untracked 
|  99|0x000000070ef00000, 0x000000070ef00000, 0x000000070f000000|  0%| F|  |TAMS 0x000000070ef00000, 0x000000070ef00000| Untracked 
| 100|0x000000070f000000, 0x000000070f000000, 0x000000070f100000|  0%| F|  |TAMS 0x000000070f000000, 0x000000070f000000| Untracked 
| 101|0x000000070f100000, 0x000000070f100000, 0x000000070f200000|  0%| F|  |TAMS 0x000000070f100000, 0x000000070f100000| Untracked 
| 102|0x000000070f200000, 0x000000070f200000, 0x000000070f300000|  0%| F|  |TAMS 0x000000070f200000, 0x000000070f200000| Untracked 
| 103|0x000000070f300000, 0x000000070f300000, 0x000000070f400000|  0%| F|  |TAMS 0x000000070f300000, 0x000000070f300000| Untracked 
| 104|0x000000070f400000, 0x000000070f400000, 0x000000070f500000|  0%| F|  |TAMS 0x000000070f400000, 0x000000070f400000| Untracked 
| 105|0x000000070f500000, 0x000000070f500000, 0x000000070f600000|  0%| F|  |TAMS 0x000000070f500000, 0x000000070f500000| Untracked 
| 106|0x000000070f600000, 0x000000070f600000, 0x000000070f700000|  0%| F|  |TAMS 0x000000070f600000, 0x000000070f600000| Untracked 
| 107|0x000000070f700000, 0x000000070f700000, 0x000000070f800000|  0%| F|  |TAMS 0x000000070f700000, 0x000000070f700000| Untracked 
| 108|0x000000070f800000, 0x000000070f800000, 0x000000070f900000|  0%| F|  |TAMS 0x000000070f800000, 0x000000070f800000| Untracked 
| 109|0x000000070f900000, 0x000000070f900000, 0x000000070fa00000|  0%| F|  |TAMS 0x000000070f900000, 0x000000070f900000| Untracked 
| 110|0x000000070fa00000, 0x000000070fa00000, 0x000000070fb00000|  0%| F|  |TAMS 0x000000070fa00000, 0x000000070fa00000| Untracked 
| 111|0x000000070fb00000, 0x000000070fb00000, 0x000000070fc00000|  0%| F|  |TAMS 0x000000070fb00000, 0x000000070fb00000| Untracked 
| 112|0x000000070fc00000, 0x000000070fc00000, 0x000000070fd00000|  0%| F|  |TAMS 0x000000070fc00000, 0x000000070fc00000| Untracked 
| 113|0x000000070fd00000, 0x000000070fd00000, 0x000000070fe00000|  0%| F|  |TAMS 0x000000070fd00000, 0x000000070fd00000| Untracked 
| 114|0x000000070fe00000, 0x000000070fe00000, 0x000000070ff00000|  0%| F|  |TAMS 0x000000070fe00000, 0x000000070fe00000| Untracked 
| 115|0x000000070ff00000, 0x000000070ff00000, 0x0000000710000000|  0%| F|  |TAMS 0x000000070ff00000, 0x000000070ff00000| Untracked 
| 116|0x0000000710000000, 0x0000000710000000, 0x0000000710100000|  0%| F|  |TAMS 0x0000000710000000, 0x0000000710000000| Untracked 
| 117|0x0000000710100000, 0x0000000710100000, 0x0000000710200000|  0%| F|  |TAMS 0x0000000710100000, 0x0000000710100000| Untracked 
| 118|0x0000000710200000, 0x0000000710200000, 0x0000000710300000|  0%| F|  |TAMS 0x0000000710200000, 0x0000000710200000| Untracked 
| 119|0x0000000710300000, 0x0000000710300000, 0x0000000710400000|  0%| F|  |TAMS 0x0000000710300000, 0x0000000710300000| Untracked 
| 120|0x0000000710400000, 0x0000000710400000, 0x0000000710500000|  0%| F|  |TAMS 0x0000000710400000, 0x0000000710400000| Untracked 
| 121|0x0000000710500000, 0x0000000710500000, 0x0000000710600000|  0%| F|  |TAMS 0x0000000710500000, 0x0000000710500000| Untracked 
| 122|0x0000000710600000, 0x0000000710600000, 0x0000000710700000|  0%| F|  |TAMS 0x0000000710600000, 0x0000000710600000| Untracked 
| 123|0x0000000710700000, 0x0000000710700000, 0x0000000710800000|  0%| F|  |TAMS 0x0000000710700000, 0x0000000710700000| Untracked 
| 124|0x0000000710800000, 0x0000000710800000, 0x0000000710900000|  0%| F|  |TAMS 0x0000000710800000, 0x0000000710800000| Untracked 
| 125|0x0000000710900000, 0x0000000710900000, 0x0000000710a00000|  0%| F|  |TAMS 0x0000000710900000, 0x0000000710900000| Untracked 
| 126|0x0000000710a00000, 0x0000000710a00000, 0x0000000710b00000|  0%| F|  |TAMS 0x0000000710a00000, 0x0000000710a00000| Untracked 
| 127|0x0000000710b00000, 0x0000000710b00000, 0x0000000710c00000|  0%| F|  |TAMS 0x0000000710b00000, 0x0000000710b00000| Untracked 
| 128|0x0000000710c00000, 0x0000000710c00000, 0x0000000710d00000|  0%| F|  |TAMS 0x0000000710c00000, 0x0000000710c00000| Untracked 
| 129|0x0000000710d00000, 0x0000000710d00000, 0x0000000710e00000|  0%| F|  |TAMS 0x0000000710d00000, 0x0000000710d00000| Untracked 
| 130|0x0000000710e00000, 0x0000000710e00000, 0x0000000710f00000|  0%| F|  |TAMS 0x0000000710e00000, 0x0000000710e00000| Untracked 
| 131|0x0000000710f00000, 0x0000000710f00000, 0x0000000711000000|  0%| F|  |TAMS 0x0000000710f00000, 0x0000000710f00000| Untracked 
| 132|0x0000000711000000, 0x0000000711000000, 0x0000000711100000|  0%| F|  |TAMS 0x0000000711000000, 0x0000000711000000| Untracked 
| 133|0x0000000711100000, 0x0000000711100000, 0x0000000711200000|  0%| F|  |TAMS 0x0000000711100000, 0x0000000711100000| Untracked 
| 134|0x0000000711200000, 0x0000000711200000, 0x0000000711300000|  0%| F|  |TAMS 0x0000000711200000, 0x0000000711200000| Untracked 
| 135|0x0000000711300000, 0x0000000711300000, 0x0000000711400000|  0%| F|  |TAMS 0x0000000711300000, 0x0000000711300000| Untracked 
| 136|0x0000000711400000, 0x0000000711400000, 0x0000000711500000|  0%| F|  |TAMS 0x0000000711400000, 0x0000000711400000| Untracked 
| 137|0x0000000711500000, 0x0000000711500000, 0x0000000711600000|  0%| F|  |TAMS 0x0000000711500000, 0x0000000711500000| Untracked 
| 138|0x0000000711600000, 0x0000000711600000, 0x0000000711700000|  0%| F|  |TAMS 0x0000000711600000, 0x0000000711600000| Untracked 
| 139|0x0000000711700000, 0x0000000711700000, 0x0000000711800000|  0%| F|  |TAMS 0x0000000711700000, 0x0000000711700000| Untracked 
| 140|0x0000000711800000, 0x0000000711800000, 0x0000000711900000|  0%| F|  |TAMS 0x0000000711800000, 0x0000000711800000| Untracked 
| 141|0x0000000711900000, 0x0000000711900000, 0x0000000711a00000|  0%| F|  |TAMS 0x0000000711900000, 0x0000000711900000| Untracked 
| 142|0x0000000711a00000, 0x0000000711a00000, 0x0000000711b00000|  0%| F|  |TAMS 0x0000000711a00000, 0x0000000711a00000| Untracked 
| 143|0x0000000711b00000, 0x0000000711b00000, 0x0000000711c00000|  0%| F|  |TAMS 0x0000000711b00000, 0x0000000711b00000| Untracked 
| 144|0x0000000711c00000, 0x0000000711c00000, 0x0000000711d00000|  0%| F|  |TAMS 0x0000000711c00000, 0x0000000711c00000| Untracked 
| 145|0x0000000711d00000, 0x0000000711d00000, 0x0000000711e00000|  0%| F|  |TAMS 0x0000000711d00000, 0x0000000711d00000| Untracked 
| 146|0x0000000711e00000, 0x0000000711e00000, 0x0000000711f00000|  0%| F|  |TAMS 0x0000000711e00000, 0x0000000711e00000| Untracked 
| 147|0x0000000711f00000, 0x0000000711f00000, 0x0000000712000000|  0%| F|  |TAMS 0x0000000711f00000, 0x0000000711f00000| Untracked 
| 148|0x0000000712000000, 0x0000000712000000, 0x0000000712100000|  0%| F|  |TAMS 0x0000000712000000, 0x0000000712000000| Untracked 
| 149|0x0000000712100000, 0x0000000712100000, 0x0000000712200000|  0%| F|  |TAMS 0x0000000712100000, 0x0000000712100000| Untracked 
| 150|0x0000000712200000, 0x0000000712200000, 0x0000000712300000|  0%| F|  |TAMS 0x0000000712200000, 0x0000000712200000| Untracked 
| 151|0x0000000712300000, 0x0000000712300000, 0x0000000712400000|  0%| F|  |TAMS 0x0000000712300000, 0x0000000712300000| Untracked 
| 152|0x0000000712400000, 0x0000000712400000, 0x0000000712500000|  0%| F|  |TAMS 0x0000000712400000, 0x0000000712400000| Untracked 
| 153|0x0000000712500000, 0x0000000712500000, 0x0000000712600000|  0%| F|  |TAMS 0x0000000712500000, 0x0000000712500000| Untracked 
| 154|0x0000000712600000, 0x0000000712600000, 0x0000000712700000|  0%| F|  |TAMS 0x0000000712600000, 0x0000000712600000| Untracked 
| 155|0x0000000712700000, 0x0000000712700000, 0x0000000712800000|  0%| F|  |TAMS 0x0000000712700000, 0x0000000712700000| Untracked 
| 156|0x0000000712800000, 0x0000000712800000, 0x0000000712900000|  0%| F|  |TAMS 0x0000000712800000, 0x0000000712800000| Untracked 
| 157|0x0000000712900000, 0x0000000712900000, 0x0000000712a00000|  0%| F|  |TAMS 0x0000000712900000, 0x0000000712900000| Untracked 
| 158|0x0000000712a00000, 0x0000000712a00000, 0x0000000712b00000|  0%| F|  |TAMS 0x0000000712a00000, 0x0000000712a00000| Untracked 
| 159|0x0000000712b00000, 0x0000000712b00000, 0x0000000712c00000|  0%| F|  |TAMS 0x0000000712b00000, 0x0000000712b00000| Untracked 
| 160|0x0000000712c00000, 0x0000000712c00000, 0x0000000712d00000|  0%| F|  |TAMS 0x0000000712c00000, 0x0000000712c00000| Untracked 
| 161|0x0000000712d00000, 0x0000000712d00000, 0x0000000712e00000|  0%| F|  |TAMS 0x0000000712d00000, 0x0000000712d00000| Untracked 
| 162|0x0000000712e00000, 0x0000000712e00000, 0x0000000712f00000|  0%| F|  |TAMS 0x0000000712e00000, 0x0000000712e00000| Untracked 
| 163|0x0000000712f00000, 0x0000000712f00000, 0x0000000713000000|  0%| F|  |TAMS 0x0000000712f00000, 0x0000000712f00000| Untracked 
| 164|0x0000000713000000, 0x0000000713000000, 0x0000000713100000|  0%| F|  |TAMS 0x0000000713000000, 0x0000000713000000| Untracked 
| 165|0x0000000713100000, 0x0000000713100000, 0x0000000713200000|  0%| F|  |TAMS 0x0000000713100000, 0x0000000713100000| Untracked 
| 166|0x0000000713200000, 0x0000000713200000, 0x0000000713300000|  0%| F|  |TAMS 0x0000000713200000, 0x0000000713200000| Untracked 
| 167|0x0000000713300000, 0x0000000713300000, 0x0000000713400000|  0%| F|  |TAMS 0x0000000713300000, 0x0000000713300000| Untracked 
| 168|0x0000000713400000, 0x0000000713400000, 0x0000000713500000|  0%| F|  |TAMS 0x0000000713400000, 0x0000000713400000| Untracked 
| 169|0x0000000713500000, 0x0000000713500000, 0x0000000713600000|  0%| F|  |TAMS 0x0000000713500000, 0x0000000713500000| Untracked 
| 170|0x0000000713600000, 0x0000000713600000, 0x0000000713700000|  0%| F|  |TAMS 0x0000000713600000, 0x0000000713600000| Untracked 
| 171|0x0000000713700000, 0x0000000713700000, 0x0000000713800000|  0%| F|  |TAMS 0x0000000713700000, 0x0000000713700000| Untracked 
| 172|0x0000000713800000, 0x0000000713800000, 0x0000000713900000|  0%| F|  |TAMS 0x0000000713800000, 0x0000000713800000| Untracked 
| 173|0x0000000713900000, 0x0000000713900000, 0x0000000713a00000|  0%| F|  |TAMS 0x0000000713900000, 0x0000000713900000| Untracked 
| 174|0x0000000713a00000, 0x0000000713a00000, 0x0000000713b00000|  0%| F|  |TAMS 0x0000000713a00000, 0x0000000713a00000| Untracked 
| 175|0x0000000713b00000, 0x0000000713b00000, 0x0000000713c00000|  0%| F|  |TAMS 0x0000000713b00000, 0x0000000713b00000| Untracked 
| 176|0x0000000713c00000, 0x0000000713c00000, 0x0000000713d00000|  0%| F|  |TAMS 0x0000000713c00000, 0x0000000713c00000| Untracked 
| 177|0x0000000713d00000, 0x0000000713d00000, 0x0000000713e00000|  0%| F|  |TAMS 0x0000000713d00000, 0x0000000713d00000| Untracked 
| 178|0x0000000713e00000, 0x0000000713e00000, 0x0000000713f00000|  0%| F|  |TAMS 0x0000000713e00000, 0x0000000713e00000| Untracked 
| 179|0x0000000713f00000, 0x0000000713f00000, 0x0000000714000000|  0%| F|  |TAMS 0x0000000713f00000, 0x0000000713f00000| Untracked 
| 180|0x0000000714000000, 0x0000000714000000, 0x0000000714100000|  0%| F|  |TAMS 0x0000000714000000, 0x0000000714000000| Untracked 
| 181|0x0000000714100000, 0x0000000714100000, 0x0000000714200000|  0%| F|  |TAMS 0x0000000714100000, 0x0000000714100000| Untracked 
| 182|0x0000000714200000, 0x0000000714200000, 0x0000000714300000|  0%| F|  |TAMS 0x0000000714200000, 0x0000000714200000| Untracked 
| 183|0x0000000714300000, 0x0000000714300000, 0x0000000714400000|  0%| F|  |TAMS 0x0000000714300000, 0x0000000714300000| Untracked 
| 184|0x0000000714400000, 0x0000000714400000, 0x0000000714500000|  0%| F|  |TAMS 0x0000000714400000, 0x0000000714400000| Untracked 
| 185|0x0000000714500000, 0x0000000714500000, 0x0000000714600000|  0%| F|  |TAMS 0x0000000714500000, 0x0000000714500000| Untracked 
| 186|0x0000000714600000, 0x0000000714600000, 0x0000000714700000|  0%| F|  |TAMS 0x0000000714600000, 0x0000000714600000| Untracked 
| 187|0x0000000714700000, 0x0000000714700000, 0x0000000714800000|  0%| F|  |TAMS 0x0000000714700000, 0x0000000714700000| Untracked 
| 188|0x0000000714800000, 0x0000000714800000, 0x0000000714900000|  0%| F|  |TAMS 0x0000000714800000, 0x0000000714800000| Untracked 
| 189|0x0000000714900000, 0x0000000714900000, 0x0000000714a00000|  0%| F|  |TAMS 0x0000000714900000, 0x0000000714900000| Untracked 
| 190|0x0000000714a00000, 0x0000000714a00000, 0x0000000714b00000|  0%| F|  |TAMS 0x0000000714a00000, 0x0000000714a00000| Untracked 
| 191|0x0000000714b00000, 0x0000000714b00000, 0x0000000714c00000|  0%| F|  |TAMS 0x0000000714b00000, 0x0000000714b00000| Untracked 
| 192|0x0000000714c00000, 0x0000000714c00000, 0x0000000714d00000|  0%| F|  |TAMS 0x0000000714c00000, 0x0000000714c00000| Untracked 
| 193|0x0000000714d00000, 0x0000000714d00000, 0x0000000714e00000|  0%| F|  |TAMS 0x0000000714d00000, 0x0000000714d00000| Untracked 
| 194|0x0000000714e00000, 0x0000000714e00000, 0x0000000714f00000|  0%| F|  |TAMS 0x0000000714e00000, 0x0000000714e00000| Untracked 
| 195|0x0000000714f00000, 0x0000000714f00000, 0x0000000715000000|  0%| F|  |TAMS 0x0000000714f00000, 0x0000000714f00000| Untracked 
| 196|0x0000000715000000, 0x0000000715000000, 0x0000000715100000|  0%| F|  |TAMS 0x0000000715000000, 0x0000000715000000| Untracked 
| 197|0x0000000715100000, 0x0000000715100000, 0x0000000715200000|  0%| F|  |TAMS 0x0000000715100000, 0x0000000715100000| Untracked 
| 198|0x0000000715200000, 0x0000000715200000, 0x0000000715300000|  0%| F|  |TAMS 0x0000000715200000, 0x0000000715200000| Untracked 
| 199|0x0000000715300000, 0x0000000715300000, 0x0000000715400000|  0%| F|  |TAMS 0x0000000715300000, 0x0000000715300000| Untracked 
| 200|0x0000000715400000, 0x0000000715400000, 0x0000000715500000|  0%| F|  |TAMS 0x0000000715400000, 0x0000000715400000| Untracked 
| 201|0x0000000715500000, 0x0000000715500000, 0x0000000715600000|  0%| F|  |TAMS 0x0000000715500000, 0x0000000715500000| Untracked 
| 202|0x0000000715600000, 0x0000000715600000, 0x0000000715700000|  0%| F|  |TAMS 0x0000000715600000, 0x0000000715600000| Untracked 
| 203|0x0000000715700000, 0x0000000715700000, 0x0000000715800000|  0%| F|  |TAMS 0x0000000715700000, 0x0000000715700000| Untracked 
| 204|0x0000000715800000, 0x0000000715800000, 0x0000000715900000|  0%| F|  |TAMS 0x0000000715800000, 0x0000000715800000| Untracked 
| 205|0x0000000715900000, 0x0000000715900000, 0x0000000715a00000|  0%| F|  |TAMS 0x0000000715900000, 0x0000000715900000| Untracked 
| 206|0x0000000715a00000, 0x0000000715a00000, 0x0000000715b00000|  0%| F|  |TAMS 0x0000000715a00000, 0x0000000715a00000| Untracked 
| 207|0x0000000715b00000, 0x0000000715b00000, 0x0000000715c00000|  0%| F|  |TAMS 0x0000000715b00000, 0x0000000715b00000| Untracked 
| 208|0x0000000715c00000, 0x0000000715c00000, 0x0000000715d00000|  0%| F|  |TAMS 0x0000000715c00000, 0x0000000715c00000| Untracked 
| 209|0x0000000715d00000, 0x0000000715d00000, 0x0000000715e00000|  0%| F|  |TAMS 0x0000000715d00000, 0x0000000715d00000| Untracked 
| 210|0x0000000715e00000, 0x0000000715e00000, 0x0000000715f00000|  0%| F|  |TAMS 0x0000000715e00000, 0x0000000715e00000| Untracked 
| 211|0x0000000715f00000, 0x0000000715f00000, 0x0000000716000000|  0%| F|  |TAMS 0x0000000715f00000, 0x0000000715f00000| Untracked 
| 212|0x0000000716000000, 0x0000000716000000, 0x0000000716100000|  0%| F|  |TAMS 0x0000000716000000, 0x0000000716000000| Untracked 
| 213|0x0000000716100000, 0x0000000716100000, 0x0000000716200000|  0%| F|  |TAMS 0x0000000716100000, 0x0000000716100000| Untracked 
| 214|0x0000000716200000, 0x0000000716200000, 0x0000000716300000|  0%| F|  |TAMS 0x0000000716200000, 0x0000000716200000| Untracked 
| 215|0x0000000716300000, 0x0000000716300000, 0x0000000716400000|  0%| F|  |TAMS 0x0000000716300000, 0x0000000716300000| Untracked 
| 216|0x0000000716400000, 0x0000000716400000, 0x0000000716500000|  0%| F|  |TAMS 0x0000000716400000, 0x0000000716400000| Untracked 
| 217|0x0000000716500000, 0x0000000716500000, 0x0000000716600000|  0%| F|  |TAMS 0x0000000716500000, 0x0000000716500000| Untracked 
| 218|0x0000000716600000, 0x0000000716600000, 0x0000000716700000|  0%| F|  |TAMS 0x0000000716600000, 0x0000000716600000| Untracked 
| 219|0x0000000716700000, 0x0000000716700000, 0x0000000716800000|  0%| F|  |TAMS 0x0000000716700000, 0x0000000716700000| Untracked 
| 220|0x0000000716800000, 0x0000000716800000, 0x0000000716900000|  0%| F|  |TAMS 0x0000000716800000, 0x0000000716800000| Untracked 
| 221|0x0000000716900000, 0x0000000716900000, 0x0000000716a00000|  0%| F|  |TAMS 0x0000000716900000, 0x0000000716900000| Untracked 
| 222|0x0000000716a00000, 0x0000000716a00000, 0x0000000716b00000|  0%| F|  |TAMS 0x0000000716a00000, 0x0000000716a00000| Untracked 
| 223|0x0000000716b00000, 0x0000000716b00000, 0x0000000716c00000|  0%| F|  |TAMS 0x0000000716b00000, 0x0000000716b00000| Untracked 
| 224|0x0000000716c00000, 0x0000000716c00000, 0x0000000716d00000|  0%| F|  |TAMS 0x0000000716c00000, 0x0000000716c00000| Untracked 
| 225|0x0000000716d00000, 0x0000000716d00000, 0x0000000716e00000|  0%| F|  |TAMS 0x0000000716d00000, 0x0000000716d00000| Untracked 
| 226|0x0000000716e00000, 0x0000000716e00000, 0x0000000716f00000|  0%| F|  |TAMS 0x0000000716e00000, 0x0000000716e00000| Untracked 
| 227|0x0000000716f00000, 0x0000000716f00000, 0x0000000717000000|  0%| F|  |TAMS 0x0000000716f00000, 0x0000000716f00000| Untracked 
| 228|0x0000000717000000, 0x0000000717000000, 0x0000000717100000|  0%| F|  |TAMS 0x0000000717000000, 0x0000000717000000| Untracked 
| 229|0x0000000717100000, 0x0000000717100000, 0x0000000717200000|  0%| F|  |TAMS 0x0000000717100000, 0x0000000717100000| Untracked 
| 230|0x0000000717200000, 0x0000000717200000, 0x0000000717300000|  0%| F|  |TAMS 0x0000000717200000, 0x0000000717200000| Untracked 
| 231|0x0000000717300000, 0x0000000717300000, 0x0000000717400000|  0%| F|  |TAMS 0x0000000717300000, 0x0000000717300000| Untracked 
| 232|0x0000000717400000, 0x0000000717400000, 0x0000000717500000|  0%| F|  |TAMS 0x0000000717400000, 0x0000000717400000| Untracked 
| 233|0x0000000717500000, 0x0000000717500000, 0x0000000717600000|  0%| F|  |TAMS 0x0000000717500000, 0x0000000717500000| Untracked 
| 234|0x0000000717600000, 0x0000000717600000, 0x0000000717700000|  0%| F|  |TAMS 0x0000000717600000, 0x0000000717600000| Untracked 
| 235|0x0000000717700000, 0x0000000717700000, 0x0000000717800000|  0%| F|  |TAMS 0x0000000717700000, 0x0000000717700000| Untracked 
| 236|0x0000000717800000, 0x0000000717800000, 0x0000000717900000|  0%| F|  |TAMS 0x0000000717800000, 0x0000000717800000| Untracked 
| 237|0x0000000717900000, 0x0000000717900000, 0x0000000717a00000|  0%| F|  |TAMS 0x0000000717900000, 0x0000000717900000| Untracked 
| 238|0x0000000717a00000, 0x0000000717a00000, 0x0000000717b00000|  0%| F|  |TAMS 0x0000000717a00000, 0x0000000717a00000| Untracked 
| 239|0x0000000717b00000, 0x0000000717b00000, 0x0000000717c00000|  0%| F|  |TAMS 0x0000000717b00000, 0x0000000717b00000| Untracked 
| 240|0x0000000717c00000, 0x0000000717c7b630, 0x0000000717d00000| 48%| E|  |TAMS 0x0000000717c00000, 0x0000000717c00000| Complete 
| 241|0x0000000717d00000, 0x0000000717e00000, 0x0000000717e00000|100%| E|CS|TAMS 0x0000000717d00000, 0x0000000717d00000| Complete 
| 242|0x0000000717e00000, 0x0000000717f00000, 0x0000000717f00000|100%| E|CS|TAMS 0x0000000717e00000, 0x0000000717e00000| Complete 
| 243|0x0000000717f00000, 0x0000000718000000, 0x0000000718000000|100%| E|CS|TAMS 0x0000000717f00000, 0x0000000717f00000| Complete 
| 244|0x0000000718000000, 0x0000000718100000, 0x0000000718100000|100%| E|CS|TAMS 0x0000000718000000, 0x0000000718000000| Complete 
| 245|0x0000000718100000, 0x0000000718200000, 0x0000000718200000|100%| E|CS|TAMS 0x0000000718100000, 0x0000000718100000| Complete 
| 246|0x0000000718200000, 0x0000000718300000, 0x0000000718300000|100%| E|CS|TAMS 0x0000000718200000, 0x0000000718200000| Complete 
| 247|0x0000000718300000, 0x0000000718400000, 0x0000000718400000|100%| E|CS|TAMS 0x0000000718300000, 0x0000000718300000| Complete 

Card table byte_map: [0x00007f5aa308c000,0x00007f5aa3846000] _byte_map_base: 0x00007f5a9f846000

Marking Bits (Prev, Next): (CMBitMap*) 0x00007f5ac00870d8, (CMBitMap*) 0x00007f5ac0087110
 Prev Bits: [0x00007f5a9eb02000, 0x00007f5aa28d2000)
 Next Bits: [0x00007f5a9ad32000, 0x00007f5a9eb02000)

Polling page: 0x00007f5ac797f000

Metaspace:

Usage:
  Non-class:     10.50 MB capacity,    10.31 MB ( 98%) used,   162.14 KB (  2%) free+waste,    36.75 KB ( <1%) overhead. 
      Class:      1.31 MB capacity,     1.16 MB ( 88%) used,   133.68 KB ( 10%) free+waste,    20.94 KB (  2%) overhead. 
       Both:     11.82 MB capacity,    11.47 MB ( 97%) used,   295.82 KB (  2%) free+waste,    57.69 KB ( <1%) overhead. 

Virtual space:
  Non-class space:       12.00 MB reserved,      10.75 MB ( 90%) committed 
      Class space:        1.00 GB reserved,       1.38 MB ( <1%) committed 
             Both:        1.01 GB reserved,      12.12 MB (  1%) committed 

Chunk freelists:
   Non-Class:  7.62 KB
       Class:  0 bytes
        Both:  7.62 KB

CodeHeap 'non-profiled nmethods': size=120032Kb used=216Kb max_used=216Kb free=119815Kb
 bounds [0x00007f5ab070a000, 0x00007f5ab097a000, 0x00007f5ab7c42000]
CodeHeap 'profiled nmethods': size=120028Kb used=1036Kb max_used=1036Kb free=118991Kb
 bounds [0x00007f5aa91d3000, 0x00007f5aa9443000, 0x00007f5ab070a000]
CodeHeap 'non-nmethods': size=5700Kb used=1189Kb max_used=1206Kb free=4510Kb
 bounds [0x00007f5aa8c42000, 0x00007f5aa8eb2000, 0x00007f5aa91d3000]
 total_blobs=1316 nmethods=641 adapters=471
 compilation: enabled
              stopped_count=0, restarted_count=0
 full_count=0

Compilation events (10 events):
Event: 0.481 Thread 0x00007f5a682be800 nmethod 610 0x00007f5ab073e890 code [0x00007f5ab073ea20, 0x00007f5ab073ec38]
Event: 0.482 Thread 0x00007f5ac0285000  636       3       sun.awt.AppContext::getAppContext (51 bytes)
Event: 0.482 Thread 0x00007f5ac0285000 nmethod 636 0x00007f5aa92d3690 code [0x00007f5aa92d38a0, 0x00007f5aa92d3ef8]
Event: 0.482 Thread 0x00007f5ac0285000  637   !   3       sun.awt.AppContext::get (123 bytes)
Event: 0.483 Thread 0x00007f5ac0285000 nmethod 637 0x00007f5aa92d4090 code [0x00007f5aa92d42c0, 0x00007f5aa92d4ec8]
Event: 0.483 Thread 0x00007f5ac0285000  639  s    3       java.util.Hashtable::get (69 bytes)
Event: 0.483 Thread 0x00007f5ac0285000 nmethod 639 0x00007f5aa92d5210 code [0x00007f5aa92d5400, 0x00007f5aa92d5a78]
Event: 0.484 Thread 0x00007f5ac0285000  640       3       java.util.HashMap::<init> (11 bytes)
Event: 0.484 Thread 0x00007f5ac0285000 nmethod 640 0x00007f5aa92d5c90 code [0x00007f5aa92d5e40, 0x00007f5aa92d6050]
Event: 0.484 Thread 0x00007f5ac0283000 nmethod 602 0x00007f5ab073f110 code [0x00007f5ab073f300, 0x00007f5ab073f848]

GC Heap History (0 events):
No events

Deoptimization events (1 events):
Event: 0.109 Thread 0x00007f5ac0012000 Uncommon trap: reason=unstable_if action=reinterpret pc=0x00007f5ab070e4e4 method=java.lang.String.hashCode()I @ 14 c2

Classes redefined (0 events):
No events

Internal exceptions (10 events):
Event: 0.424 Thread 0x00007f5ac0012000 Exception <a 'java/lang/NoSuchMethodError'{0x0000000717e057e8}: java.lang.invoke.DirectMethodHandle$Holder.invokeStatic(Ljava/lang/Object;ILjava/lang/Object;Ljava/lang/Object;Ljava/lang/Object;)Ljava/lang/Object;> (0x0000000717e057e8) thrown at [/scratch/
Event: 0.424 Thread 0x00007f5ac0012000 Exception <a 'java/lang/NoSuchMethodError'{0x0000000717e09328}: java.lang.invoke.DirectMethodHandle$Holder.invokeSpecial(Ljava/lang/Object;Ljava/lang/Object;ILjava/lang/Object;Ljava/lang/Object;Ljava/lang/Object;)Ljava/lang/Object;> (0x0000000717e09328) t
Event: 0.446 Thread 0x00007f5ac0012000 Exception <a 'java/lang/NoSuchMethodError'{0x0000000717d16c70}: java.lang.invoke.Invokers$Holder.linkToTargetMethod(Ljava/lang/Object;ILjava/lang/Object;)Ljava/lang/Object;> (0x0000000717d16c70) thrown at [/scratch/opt/mach5/mesos/work_dir/slaves/2dd962d0
Event: 0.453 Thread 0x00007f5ac0012000 Exception <a 'java/lang/ClassNotFoundException'{0x0000000717d58268}: com/sun/swing/internal/plaf/metal/resources/spi/metalProvider> (0x0000000717d58268) thrown at [/scratch/opt/mach5/mesos/work_dir/slaves/2dd962d0-8988-479b-a804-57ab764ada59-S1222/framewo
Event: 0.454 Thread 0x00007f5ac0012000 Exception <a 'java/lang/ClassNotFoundException'{0x0000000717d5c5f8}: com/sun/swing/internal/plaf/basic/resources/spi/basicProvider> (0x0000000717d5c5f8) thrown at [/scratch/opt/mach5/mesos/work_dir/slaves/2dd962d0-8988-479b-a804-57ab764ada59-S1222/framewo
Event: 0.467 Thread 0x00007f5ac0012000 Exception <a 'java/lang/NoSuchMethodError'{0x0000000717de4cb8}: java.lang.invoke.DirectMethodHandle$Holder.invokeStatic(Ljava/lang/Object;Ljava/lang/Object;Ljava/lang/Object;Ljava/lang/Object;Ljava/lang/Object;Ljava/lang/Object;Ljava/lang/Object;Ljava/lan
Event: 0.469 Thread 0x00007f5ac0012000 Exception <a 'java/lang/NoSuchMethodError'{0x0000000717c03d70}: java.lang.invoke.DirectMethodHandle$Holder.invokeStatic(Ljava/lang/Object;Ljava/lang/Object;Ljava/lang/Object;Ljava/lang/Object;Ljava/lang/Object;Ljava/lang/Object;Ljava/lang/Object;Ljava/lan
Event: 0.470 Thread 0x00007f5ac0012000 Exception <a 'java/lang/NoSuchMethodError'{0x0000000717c22c90}: java.lang.invoke.DirectMethodHandle$Holder.invokeStatic(Ljava/lang/Object;Ljava/lang/Object;Ljava/lang/Object;Ljava/lang/Object;Ljava/lang/Object;Ljava/lang/Object;Ljava/lang/Object;Ljava/lan
Event: 0.471 Thread 0x00007f5ac0012000 Exception <a 'java/lang/NoSuchMethodError'{0x0000000717c31918}: java.lang.invoke.Invokers$Holder.linkToTargetMethod(Ljava/lang/Object;JLjava/lang/Object;)Ljava/lang/Object;> (0x0000000717c31918) thrown at [/scratch/opt/mach5/mesos/work_dir/slaves/2dd962d0
Event: 0.474 Thread 0x00007f5ac0012000 Exception <a 'sun/nio/fs/UnixException'{0x0000000717c3b9c8}> (0x0000000717c3b9c8) thrown at [/scratch/opt/mach5/mesos/work_dir/slaves/2dd962d0-8988-479b-a804-57ab764ada59-S1222/frameworks/1735e8a2-a1db-478c-8104-60c8b0af87dd-0196/executors/1fd16cd3-bd2f-4

Events (10 events):
Event: 0.483 loading class javax/swing/LayoutStyle$ComponentPlacement
Event: 0.483 loading class javax/swing/LayoutStyle$ComponentPlacement done
Event: 0.483 loading class mypackage/Connection
Event: 0.483 loading class mypackage/Connection done
Event: 0.484 loading class mypackage/testJNI
Event: 0.484 loading class mypackage/testJNI done
Event: 0.485 loading class mypackage/wordSearch
Event: 0.485 loading class mypackage/wordSearch done
Event: 0.485 loading class mypackage/Part
Event: 0.485 loading class mypackage/Part done


Dynamic libraries:
00400000-00401000 r-xp 00000000 103:04 2755924                           /usr/lib/jvm/java-11-oracle/bin/java
00600000-00601000 r--p 00000000 103:04 2755924                           /usr/lib/jvm/java-11-oracle/bin/java
00601000-00602000 rw-p 00001000 103:04 2755924                           /usr/lib/jvm/java-11-oracle/bin/java
006a8000-006c9000 rw-p 00000000 00:00 0                                  [heap]
708c00000-718400000 rw-p 00000000 00:00 0 
718400000-800000000 ---p 00000000 00:00 0 
800000000-800160000 rw-p 00000000 00:00 0 
800160000-840000000 ---p 00000000 00:00 0 
7f5a3c000000-7f5a3c1c9000 rw-p 00000000 00:00 0 
7f5a3c1c9000-7f5a40000000 ---p 00000000 00:00 0 
7f5a4327a000-7f5a435fb000 rw-p 00000000 00:00 0 
7f5a435fb000-7f5a43612000 r-xp 00000000 103:04 1048669                   /lib/x86_64-linux-gnu/libgcc_s.so.1
7f5a43612000-7f5a43811000 ---p 00017000 103:04 1048669                   /lib/x86_64-linux-gnu/libgcc_s.so.1
7f5a43811000-7f5a43812000 r--p 00016000 103:04 1048669                   /lib/x86_64-linux-gnu/libgcc_s.so.1
7f5a43812000-7f5a43813000 rw-p 00017000 103:04 1048669                   /lib/x86_64-linux-gnu/libgcc_s.so.1
7f5a43813000-7f5a4398c000 r-xp 00000000 103:04 2752811                   /usr/lib/x86_64-linux-gnu/libstdc++.so.6.0.25
7f5a4398c000-7f5a43b8c000 ---p 00179000 103:04 2752811                   /usr/lib/x86_64-linux-gnu/libstdc++.so.6.0.25
7f5a43b8c000-7f5a43b96000 r--p 00179000 103:04 2752811                   /usr/lib/x86_64-linux-gnu/libstdc++.so.6.0.25
7f5a43b96000-7f5a43b98000 rw-p 00183000 103:04 2752811                   /usr/lib/x86_64-linux-gnu/libstdc++.so.6.0.25
7f5a43b98000-7f5a43b9c000 rw-p 00000000 00:00 0 
7f5a43b9c000-7f5a43bfd000 r-xp 00000000 103:04 2633938                   /tmp/nativeutils3560299649674/share.so (deleted)
7f5a43bfd000-7f5a43dfc000 ---p 00061000 103:04 2633938                   /tmp/nativeutils3560299649674/share.so (deleted)
7f5a43dfc000-7f5a43dfd000 r--p 00060000 103:04 2633938                   /tmp/nativeutils3560299649674/share.so (deleted)
7f5a43dfd000-7f5a43e00000 rw-p 00061000 103:04 2633938                   /tmp/nativeutils3560299649674/share.so (deleted)
7f5a43e00000-7f5a43ec0000 rw-p 00000000 00:00 0 
7f5a43ec0000-7f5a44000000 ---p 00000000 00:00 0 
7f5a44000000-7f5a44021000 rw-p 00000000 00:00 0 
7f5a44021000-7f5a48000000 ---p 00000000 00:00 0 
7f5a48000000-7f5a48021000 rw-p 00000000 00:00 0 
7f5a48021000-7f5a4c000000 ---p 00000000 00:00 0 
7f5a4c000000-7f5a4c021000 rw-p 00000000 00:00 0 
7f5a4c021000-7f5a50000000 ---p 00000000 00:00 0 
7f5a50000000-7f5a50021000 rw-p 00000000 00:00 0 
7f5a50021000-7f5a54000000 ---p 00000000 00:00 0 
7f5a54000000-7f5a54021000 rw-p 00000000 00:00 0 
7f5a54021000-7f5a58000000 ---p 00000000 00:00 0 
7f5a58000000-7f5a58021000 rw-p 00000000 00:00 0 
7f5a58021000-7f5a5c000000 ---p 00000000 00:00 0 
7f5a5c060000-7f5a5c064000 ---p 00000000 00:00 0 
7f5a5c064000-7f5a5c161000 rw-p 00000000 00:00 0 
7f5a5c161000-7f5a5c165000 ---p 00000000 00:00 0 
7f5a5c165000-7f5a5c262000 rw-p 00000000 00:00 0 
7f5a5c262000-7f5a5c267000 r-xp 00000000 103:04 2761820                   /usr/lib/x86_64-linux-gnu/libXfixes.so.3.1.0
7f5a5c267000-7f5a5c466000 ---p 00005000 103:04 2761820                   /usr/lib/x86_64-linux-gnu/libXfixes.so.3.1.0
7f5a5c466000-7f5a5c467000 r--p 00004000 103:04 2761820                   /usr/lib/x86_64-linux-gnu/libXfixes.so.3.1.0
7f5a5c467000-7f5a5c468000 rw-p 00005000 103:04 2761820                   /usr/lib/x86_64-linux-gnu/libXfixes.so.3.1.0
7f5a5c468000-7f5a5c471000 r-xp 00000000 103:04 2761812                   /usr/lib/x86_64-linux-gnu/libXcursor.so.1.0.2
7f5a5c471000-7f5a5c670000 ---p 00009000 103:04 2761812                   /usr/lib/x86_64-linux-gnu/libXcursor.so.1.0.2
7f5a5c670000-7f5a5c671000 r--p 00008000 103:04 2761812                   /usr/lib/x86_64-linux-gnu/libXcursor.so.1.0.2
7f5a5c671000-7f5a5c672000 rw-p 00009000 103:04 2761812                   /usr/lib/x86_64-linux-gnu/libXcursor.so.1.0.2
7f5a5c672000-7f5a5c676000 ---p 00000000 00:00 0 
7f5a5c676000-7f5a5c773000 rw-p 00000000 00:00 0 
7f5a5c773000-7f5a5c774000 ---p 00000000 00:00 0 
7f5a5c774000-7f5a5cf74000 rw-p 00000000 00:00 0 
7f5a5cf74000-7f5a5cf75000 ---p 00000000 00:00 0 
7f5a5cf75000-7f5a5d775000 rw-p 00000000 00:00 0 
7f5a5d775000-7f5a5d776000 ---p 00000000 00:00 0 
7f5a5d776000-7f5a5df76000 rw-p 00000000 00:00 0 
7f5a5df76000-7f5a5df82000 r-xp 00000000 103:04 3015724                   /usr/lib/x86_64-linux-gnu/gio/modules/libdconfsettings.so
7f5a5df82000-7f5a5e181000 ---p 0000c000 103:04 3015724                   /usr/lib/x86_64-linux-gnu/gio/modules/libdconfsettings.so
7f5a5e181000-7f5a5e182000 r--p 0000b000 103:04 3015724                   /usr/lib/x86_64-linux-gnu/gio/modules/libdconfsettings.so
7f5a5e182000-7f5a5e183000 rw-p 0000c000 103:04 3015724                   /usr/lib/x86_64-linux-gnu/gio/modules/libdconfsettings.so
7f5a5e183000-7f5a5e189000 r-xp 00000000 103:04 1049082                   /lib/x86_64-linux-gnu/libuuid.so.1.3.0
7f5a5e189000-7f5a5e388000 ---p 00006000 103:04 1049082                   /lib/x86_64-linux-gnu/libuuid.so.1.3.0
7f5a5e388000-7f5a5e389000 r--p 00005000 103:04 1049082                   /lib/x86_64-linux-gnu/libuuid.so.1.3.0
7f5a5e389000-7f5a5e38a000 rw-p 00006000 103:04 1049082                   /lib/x86_64-linux-gnu/libuuid.so.1.3.0
7f5a5e38a000-7f5a5e3d1000 r-xp 00000000 103:04 1048657                   /lib/x86_64-linux-gnu/libblkid.so.1.1.0
7f5a5e3d1000-7f5a5e5d1000 ---p 00047000 103:04 1048657                   /lib/x86_64-linux-gnu/libblkid.so.1.1.0
7f5a5e5d1000-7f5a5e5d5000 r--p 00047000 103:04 1048657                   /lib/x86_64-linux-gnu/libblkid.so.1.1.0
7f5a5e5d5000-7f5a5e5d6000 rw-p 0004b000 103:04 1048657                   /lib/x86_64-linux-gnu/libblkid.so.1.1.0
7f5a5e5d6000-7f5a5e5d7000 rw-p 00000000 00:00 0 
7f5a5e5d7000-7f5a5e647000 r-xp 00000000 103:04 1054260                   /lib/x86_64-linux-gnu/libpcre.so.3.13.3
7f5a5e647000-7f5a5e847000 ---p 00070000 103:04 1054260                   /lib/x86_64-linux-gnu/libpcre.so.3.13.3
7f5a5e847000-7f5a5e848000 r--p 00070000 103:04 1054260                   /lib/x86_64-linux-gnu/libpcre.so.3.13.3
7f5a5e848000-7f5a5e849000 rw-p 00071000 103:04 1054260                   /lib/x86_64-linux-gnu/libpcre.so.3.13.3
7f5a5e849000-7f5a5e850000 r-xp 00000000 103:04 2762147                   /usr/lib/x86_64-linux-gnu/libffi.so.6.0.4
7f5a5e850000-7f5a5ea4f000 ---p 00007000 103:04 2762147                   /usr/lib/x86_64-linux-gnu/libffi.so.6.0.4
7f5a5ea4f000-7f5a5ea50000 r--p 00006000 103:04 2762147                   /usr/lib/x86_64-linux-gnu/libffi.so.6.0.4
7f5a5ea50000-7f5a5ea51000 rw-p 00007000 103:04 2762147                   /usr/lib/x86_64-linux-gnu/libffi.so.6.0.4
7f5a5ea51000-7f5a5eaa2000 r-xp 00000000 103:04 1048660                   /lib/x86_64-linux-gnu/libmount.so.1.1.0
7f5a5eaa2000-7f5a5eca1000 ---p 00051000 103:04 1048660                   /lib/x86_64-linux-gnu/libmount.so.1.1.0
7f5a5eca1000-7f5a5eca3000 r--p 00050000 103:04 1048660                   /lib/x86_64-linux-gnu/libmount.so.1.1.0
7f5a5eca3000-7f5a5eca4000 rw-p 00052000 103:04 1048660                   /lib/x86_64-linux-gnu/libmount.so.1.1.0
7f5a5eca4000-7f5a5eca5000 rw-p 00000000 00:00 0 
7f5a5eca5000-7f5a5ecbc000 r-xp 00000000 103:04 1054277                   /lib/x86_64-linux-gnu/libresolv-2.27.so
7f5a5ecbc000-7f5a5eebc000 ---p 00017000 103:04 1054277                   /lib/x86_64-linux-gnu/libresolv-2.27.so
7f5a5eebc000-7f5a5eebd000 r--p 00017000 103:04 1054277                   /lib/x86_64-linux-gnu/libresolv-2.27.so
7f5a5eebd000-7f5a5eebe000 rw-p 00018000 103:04 1054277                   /lib/x86_64-linux-gnu/libresolv-2.27.so
7f5a5eebe000-7f5a5eec0000 rw-p 00000000 00:00 0 
7f5a5eec0000-7f5a5eee5000 r-xp 00000000 103:04 1054283                   /lib/x86_64-linux-gnu/libselinux.so.1
7f5a5eee5000-7f5a5f0e4000 ---p 00025000 103:04 1054283                   /lib/x86_64-linux-gnu/libselinux.so.1
7f5a5f0e4000-7f5a5f0e5000 r--p 00024000 103:04 1054283                   /lib/x86_64-linux-gnu/libselinux.so.1
7f5a5f0e5000-7f5a5f0e6000 rw-p 00025000 103:04 1054283                   /lib/x86_64-linux-gnu/libselinux.so.1
7f5a5f0e6000-7f5a5f0e8000 rw-p 00000000 00:00 0 
7f5a5f0e8000-7f5a5f1fb000 r-xp 00000000 103:04 2752855                   /usr/lib/x86_64-linux-gnu/libglib-2.0.so.0.5600.3
7f5a5f1fb000-7f5a5f3fb000 ---p 00113000 103:04 2752855                   /usr/lib/x86_64-linux-gnu/libglib-2.0.so.0.5600.3
7f5a5f3fb000-7f5a5f3fc000 r--p 00113000 103:04 2752855                   /usr/lib/x86_64-linux-gnu/libglib-2.0.so.0.5600.3
7f5a5f3fc000-7f5a5f3fd000 rw-p 00114000 103:04 2752855                   /usr/lib/x86_64-linux-gnu/libglib-2.0.so.0.5600.3
7f5a5f3fd000-7f5a5f3fe000 rw-p 00000000 00:00 0 
7f5a5f3fe000-7f5a5f401000 r-xp 00000000 103:04 2752878                   /usr/lib/x86_64-linux-gnu/libgmodule-2.0.so.0.5600.3
7f5a5f401000-7f5a5f600000 ---p 00003000 103:04 2752878                   /usr/lib/x86_64-linux-gnu/libgmodule-2.0.so.0.5600.3
7f5a5f600000-7f5a5f601000 r--p 00002000 103:04 2752878                   /usr/lib/x86_64-linux-gnu/libgmodule-2.0.so.0.5600.3
7f5a5f601000-7f5a5f602000 rw-p 00003000 103:04 2752878                   /usr/lib/x86_64-linux-gnu/libgmodule-2.0.so.0.5600.3
7f5a5f602000-7f5a5f654000 r-xp 00000000 103:04 2752879                   /usr/lib/x86_64-linux-gnu/libgobject-2.0.so.0.5600.3
7f5a5f654000-7f5a5f854000 ---p 00052000 103:04 2752879                   /usr/lib/x86_64-linux-gnu/libgobject-2.0.so.0.5600.3
7f5a5f854000-7f5a5f855000 r--p 00052000 103:04 2752879                   /usr/lib/x86_64-linux-gnu/libgobject-2.0.so.0.5600.3
7f5a5f855000-7f5a5f856000 rw-p 00053000 103:04 2752879                   /usr/lib/x86_64-linux-gnu/libgobject-2.0.so.0.5600.3
7f5a5f856000-7f5a5f9eb000 r-xp 00000000 103:04 2752847                   /usr/lib/x86_64-linux-gnu/libgio-2.0.so.0.5600.3
7f5a5f9eb000-7f5a5fbeb000 ---p 00195000 103:04 2752847                   /usr/lib/x86_64-linux-gnu/libgio-2.0.so.0.5600.3
7f5a5fbeb000-7f5a5fbf2000 r--p 00195000 103:04 2752847                   /usr/lib/x86_64-linux-gnu/libgio-2.0.so.0.5600.3
7f5a5fbf2000-7f5a5fbf3000 rw-p 0019c000 103:04 2752847                   /usr/lib/x86_64-linux-gnu/libgio-2.0.so.0.5600.3
7f5a5fbf3000-7f5a5fbf5000 rw-p 00000000 00:00 0 
7f5a5fbf5000-7f5a5fbff000 r-xp 00000000 103:04 2761836                   /usr/lib/x86_64-linux-gnu/libXrandr.so.2.2.0
7f5a5fbff000-7f5a5fdfe000 ---p 0000a000 103:04 2761836                   /usr/lib/x86_64-linux-gnu/libXrandr.so.2.2.0
7f5a5fdfe000-7f5a5fdff000 r--p 00009000 103:04 2761836                   /usr/lib/x86_64-linux-gnu/libXrandr.so.2.2.0
7f5a5fdff000-7f5a5fe00000 rw-p 0000a000 103:04 2761836                   /usr/lib/x86_64-linux-gnu/libXrandr.so.2.2.0
7f5a5fe00000-7f5a60000000 rw-p 00000000 00:00 0 
7f5a60000000-7f5a60021000 rw-p 00000000 00:00 0 
7f5a60021000-7f5a64000000 ---p 00000000 00:00 0 
7f5a64000000-7f5a64021000 rw-p 00000000 00:00 0 
7f5a64021000-7f5a68000000 ---p 00000000 00:00 0 
7f5a68000000-7f5a683c1000 rw-p 00000000 00:00 0 
7f5a683c1000-7f5a6c000000 ---p 00000000 00:00 0 
7f5a6c000000-7f5a6c021000 rw-p 00000000 00:00 0 
7f5a6c021000-7f5a70000000 ---p 00000000 00:00 0 
7f5a70000000-7f5a70021000 rw-p 00000000 00:00 0 
7f5a70021000-7f5a74000000 ---p 00000000 00:00 0 
7f5a74000000-7f5a7459c000 rw-p 00000000 00:00 0 
7f5a7459c000-7f5a78000000 ---p 00000000 00:00 0 
7f5a78000000-7f5a78021000 rw-p 00000000 00:00 0 
7f5a78021000-7f5a7c000000 ---p 00000000 00:00 0 
7f5a7c000000-7f5a7c021000 rw-p 00000000 00:00 0 
7f5a7c021000-7f5a80000000 ---p 00000000 00:00 0 
7f5a80000000-7f5a80021000 rw-p 00000000 00:00 0 
7f5a80021000-7f5a84000000 ---p 00000000 00:00 0 
7f5a84000000-7f5a84021000 rw-p 00000000 00:00 0 
7f5a84021000-7f5a88000000 ---p 00000000 00:00 0 
7f5a88073000-7f5a880a4000 r-xp 00000000 103:04 2762669                   /usr/lib/x86_64-linux-gnu/libpng16.so.16.34.0
7f5a880a4000-7f5a882a3000 ---p 00031000 103:04 2762669                   /usr/lib/x86_64-linux-gnu/libpng16.so.16.34.0
7f5a882a3000-7f5a882a4000 r--p 00030000 103:04 2762669                   /usr/lib/x86_64-linux-gnu/libpng16.so.16.34.0
7f5a882a4000-7f5a882a5000 rw-p 00031000 103:04 2762669                   /usr/lib/x86_64-linux-gnu/libpng16.so.16.34.0
7f5a882a5000-7f5a88352000 r-xp 00000000 103:04 2762179                   /usr/lib/x86_64-linux-gnu/libfreetype.so.6.15.0
7f5a88352000-7f5a88551000 ---p 000ad000 103:04 2762179                   /usr/lib/x86_64-linux-gnu/libfreetype.so.6.15.0
7f5a88551000-7f5a88558000 r--p 000ac000 103:04 2762179                   /usr/lib/x86_64-linux-gnu/libfreetype.so.6.15.0
7f5a88558000-7f5a88559000 rw-p 000b3000 103:04 2762179                   /usr/lib/x86_64-linux-gnu/libfreetype.so.6.15.0
7f5a88559000-7f5a88616000 r-xp 00000000 103:04 2765500                   /usr/lib/jvm/java-11-oracle/lib/libfontmanager.so
7f5a88616000-7f5a88815000 ---p 000bd000 103:04 2765500                   /usr/lib/jvm/java-11-oracle/lib/libfontmanager.so
7f5a88815000-7f5a88817000 r--p 000bc000 103:04 2765500                   /usr/lib/jvm/java-11-oracle/lib/libfontmanager.so
7f5a88817000-7f5a88818000 rw-p 000be000 103:04 2765500                   /usr/lib/jvm/java-11-oracle/lib/libfontmanager.so
7f5a88818000-7f5a88819000 rw-p 00000000 00:00 0 
7f5a88819000-7f5a8882c000 r-xp 00000000 103:04 1054134                   /lib/x86_64-linux-gnu/libbsd.so.0.8.7
7f5a8882c000-7f5a88a2b000 ---p 00013000 103:04 1054134                   /lib/x86_64-linux-gnu/libbsd.so.0.8.7
7f5a88a2b000-7f5a88a2c000 r--p 00012000 103:04 1054134                   /lib/x86_64-linux-gnu/libbsd.so.0.8.7
7f5a88a2c000-7f5a88a2d000 rw-p 00013000 103:04 1054134                   /lib/x86_64-linux-gnu/libbsd.so.0.8.7
7f5a88a2d000-7f5a88a2e000 rw-p 00000000 00:00 0 
7f5a88a2e000-7f5a88a33000 r-xp 00000000 103:04 2761816                   /usr/lib/x86_64-linux-gnu/libXdmcp.so.6.0.0
7f5a88a33000-7f5a88c32000 ---p 00005000 103:04 2761816                   /usr/lib/x86_64-linux-gnu/libXdmcp.so.6.0.0
7f5a88c32000-7f5a88c33000 r--p 00004000 103:04 2761816                   /usr/lib/x86_64-linux-gnu/libXdmcp.so.6.0.0
7f5a88c33000-7f5a88c34000 rw-p 00005000 103:04 2761816                   /usr/lib/x86_64-linux-gnu/libXdmcp.so.6.0.0
7f5a88c34000-7f5a88c36000 r-xp 00000000 103:04 2761805                   /usr/lib/x86_64-linux-gnu/libXau.so.6.0.0
7f5a88c36000-7f5a88e36000 ---p 00002000 103:04 2761805                   /usr/lib/x86_64-linux-gnu/libXau.so.6.0.0
7f5a88e36000-7f5a88e37000 r--p 00002000 103:04 2761805                   /usr/lib/x86_64-linux-gnu/libXau.so.6.0.0
7f5a88e37000-7f5a88e38000 rw-p 00003000 103:04 2761805                   /usr/lib/x86_64-linux-gnu/libXau.so.6.0.0
7f5a88e38000-7f5a88e5e000 r-xp 00000000 103:04 2753520                   /usr/lib/x86_64-linux-gnu/libxcb.so.1.1.0
7f5a88e5e000-7f5a8905e000 ---p 00026000 103:04 2753520                   /usr/lib/x86_64-linux-gnu/libxcb.so.1.1.0
7f5a8905e000-7f5a8905f000 r--p 00026000 103:04 2753520                   /usr/lib/x86_64-linux-gnu/libxcb.so.1.1.0
7f5a8905f000-7f5a89060000 rw-p 00027000 103:04 2753520                   /usr/lib/x86_64-linux-gnu/libxcb.so.1.1.0
7f5a89060000-7f5a8906f000 r-xp 00000000 103:04 2761826                   /usr/lib/x86_64-linux-gnu/libXi.so.6.1.0
7f5a8906f000-7f5a8926e000 ---p 0000f000 103:04 2761826                   /usr/lib/x86_64-linux-gnu/libXi.so.6.1.0
7f5a8926e000-7f5a8926f000 r--p 0000e000 103:04 2761826                   /usr/lib/x86_64-linux-gnu/libXi.so.6.1.0
7f5a8926f000-7f5a89270000 rw-p 0000f000 103:04 2761826                   /usr/lib/x86_64-linux-gnu/libXi.so.6.1.0
7f5a89270000-7f5a89275000 r-xp 00000000 103:04 2761844                   /usr/lib/x86_64-linux-gnu/libXtst.so.6.1.0
7f5a89275000-7f5a89474000 ---p 00005000 103:04 2761844                   /usr/lib/x86_64-linux-gnu/libXtst.so.6.1.0
7f5a89474000-7f5a89475000 r--p 00004000 103:04 2761844                   /usr/lib/x86_64-linux-gnu/libXtst.so.6.1.0
7f5a89475000-7f5a89476000 rw-p 00005000 103:04 2761844                   /usr/lib/x86_64-linux-gnu/libXtst.so.6.1.0
7f5a89476000-7f5a8947f000 r-xp 00000000 103:04 2761838                   /usr/lib/x86_64-linux-gnu/libXrender.so.1.3.0
7f5a8947f000-7f5a8967e000 ---p 00009000 103:04 2761838                   /usr/lib/x86_64-linux-gnu/libXrender.so.1.3.0
7f5a8967e000-7f5a8967f000 r--p 00008000 103:04 2761838                   /usr/lib/x86_64-linux-gnu/libXrender.so.1.3.0
7f5a8967f000-7f5a89680000 rw-p 00009000 103:04 2761838                   /usr/lib/x86_64-linux-gnu/libXrender.so.1.3.0
7f5a89680000-7f5a897b3000 r-xp 00000000 103:04 2753522                   /usr/lib/x86_64-linux-gnu/libX11.so.6.3.0
7f5a897b3000-7f5a899b3000 ---p 00133000 103:04 2753522                   /usr/lib/x86_64-linux-gnu/libX11.so.6.3.0
7f5a899b3000-7f5a899b4000 r--p 00133000 103:04 2753522                   /usr/lib/x86_64-linux-gnu/libX11.so.6.3.0
7f5a899b4000-7f5a899b8000 rw-p 00134000 103:04 2753522                   /usr/lib/x86_64-linux-gnu/libX11.so.6.3.0
7f5a899b8000-7f5a899c9000 r-xp 00000000 103:04 2761818                   /usr/lib/x86_64-linux-gnu/libXext.so.6.4.0
7f5a899c9000-7f5a89bc8000 ---p 00011000 103:04 2761818                   /usr/lib/x86_64-linux-gnu/libXext.so.6.4.0
7f5a89bc8000-7f5a89bc9000 r--p 00010000 103:04 2761818                   /usr/lib/x86_64-linux-gnu/libXext.so.6.4.0
7f5a89bc9000-7f5a89bca000 rw-p 00011000 103:04 2761818                   /usr/lib/x86_64-linux-gnu/libXext.so.6.4.0
7f5a89bca000-7f5a89c28000 r-xp 00000000 103:04 2765497                   /usr/lib/jvm/java-11-oracle/lib/libawt_xawt.so
7f5a89c28000-7f5a89e27000 ---p 0005e000 103:04 2765497                   /usr/lib/jvm/java-11-oracle/lib/libawt_xawt.so
7f5a89e27000-7f5a89e28000 r--p 0005d000 103:04 2765497                   /usr/lib/jvm/java-11-oracle/lib/libawt_xawt.so
7f5a89e28000-7f5a89e2b000 rw-p 0005e000 103:04 2765497                   /usr/lib/jvm/java-11-oracle/lib/libawt_xawt.so
7f5a89e2b000-7f5a89e2d000 rw-p 00000000 00:00 0 
7f5a89e2d000-7f5a89ecd000 r-xp 00000000 103:04 2765495                   /usr/lib/jvm/java-11-oracle/lib/libawt.so
7f5a89ecd000-7f5a8a0cd000 ---p 000a0000 103:04 2765495                   /usr/lib/jvm/java-11-oracle/lib/libawt.so
7f5a8a0cd000-7f5a8a0ce000 r--p 000a0000 103:04 2765495                   /usr/lib/jvm/java-11-oracle/lib/libawt.so
7f5a8a0ce000-7f5a8a0d9000 rw-p 000a1000 103:04 2765495                   /usr/lib/jvm/java-11-oracle/lib/libawt.so
7f5a8a0d9000-7f5a8a0fe000 rw-p 00000000 00:00 0 
7f5a8a0fe000-7f5a8a114000 r-xp 00000000 103:04 2765518                   /usr/lib/jvm/java-11-oracle/lib/libnet.so
7f5a8a114000-7f5a8a314000 ---p 00016000 103:04 2765518                   /usr/lib/jvm/java-11-oracle/lib/libnet.so
7f5a8a314000-7f5a8a315000 r--p 00016000 103:04 2765518                   /usr/lib/jvm/java-11-oracle/lib/libnet.so
7f5a8a315000-7f5a8a316000 rw-p 00017000 103:04 2765518                   /usr/lib/jvm/java-11-oracle/lib/libnet.so
7f5a8a316000-7f5a8a326000 r-xp 00000000 103:04 2765519                   /usr/lib/jvm/java-11-oracle/lib/libnio.so
7f5a8a326000-7f5a8a525000 ---p 00010000 103:04 2765519                   /usr/lib/jvm/java-11-oracle/lib/libnio.so
7f5a8a525000-7f5a8a526000 r--p 0000f000 103:04 2765519                   /usr/lib/jvm/java-11-oracle/lib/libnio.so
7f5a8a526000-7f5a8a527000 rw-p 00010000 103:04 2765519                   /usr/lib/jvm/java-11-oracle/lib/libnio.so
7f5a8a527000-7f5a8a52b000 ---p 00000000 00:00 0 
7f5a8a52b000-7f5a8a628000 rw-p 00000000 00:00 0 
7f5a8a628000-7f5a8a629000 ---p 00000000 00:00 0 
7f5a8a629000-7f5a8a72a000 rw-p 00000000 00:00 0 
7f5a8a72a000-7f5a8a72e000 ---p 00000000 00:00 0 
7f5a8a72e000-7f5a8a82b000 rw-p 00000000 00:00 0 
7f5a8a82b000-7f5a8a82f000 ---p 00000000 00:00 0 
7f5a8a82f000-7f5a8a92c000 rw-p 00000000 00:00 0 
7f5a8a92c000-7f5a8a930000 ---p 00000000 00:00 0 
7f5a8a930000-7f5a8aa2d000 rw-p 00000000 00:00 0 
7f5a8aa2d000-7f5a8aa31000 ---p 00000000 00:00 0 
7f5a8aa31000-7f5a8ab2e000 rw-p 00000000 00:00 0 
7f5a8ab2e000-7f5a8ab32000 ---p 00000000 00:00 0 
7f5a8ab32000-7f5a8ac2f000 rw-p 00000000 00:00 0 
7f5a8ac2f000-7f5a8b5fe000 r--p 00000000 103:04 2759365                   /usr/lib/locale/locale-archive
7f5a8b5fe000-7f5a8b602000 ---p 00000000 00:00 0 
7f5a8b602000-7f5a8b6ff000 rw-p 00000000 00:00 0 
7f5a8b6ff000-7f5a8b703000 ---p 00000000 00:00 0 
7f5a8b703000-7f5a8c000000 rw-p 00000000 00:00 0 
7f5a8c000000-7f5a8c021000 rw-p 00000000 00:00 0 
7f5a8c021000-7f5a90000000 ---p 00000000 00:00 0 
7f5a90000000-7f5a90021000 rw-p 00000000 00:00 0 
7f5a90021000-7f5a94000000 ---p 00000000 00:00 0 
7f5a94000000-7f5a94021000 rw-p 00000000 00:00 0 
7f5a94021000-7f5a98000000 ---p 00000000 00:00 0 
7f5a98020000-7f5a98021000 ---p 00000000 00:00 0 
7f5a98021000-7f5a98122000 rw-p 00000000 00:00 0 
7f5a98122000-7f5a98123000 ---p 00000000 00:00 0 
7f5a98123000-7f5a98224000 rw-p 00000000 00:00 0 
7f5a98224000-7f5a98225000 ---p 00000000 00:00 0 
7f5a98225000-7f5a9ab2e000 rw-p 00000000 00:00 0 
7f5a9ab2e000-7f5a9ab2f000 ---p 00000000 00:00 0 
7f5a9ab2f000-7f5a9ac30000 rw-p 00000000 00:00 0 
7f5a9ac30000-7f5a9ac31000 ---p 00000000 00:00 0 
7f5a9ac31000-7f5a9b112000 rw-p 00000000 00:00 0 
7f5a9b112000-7f5a9eb02000 ---p 00000000 00:00 0 
7f5a9eb02000-7f5a9eee2000 rw-p 00000000 00:00 0 
7f5a9eee2000-7f5aa28d2000 ---p 00000000 00:00 0 
7f5aa28d2000-7f5aa294e000 rw-p 00000000 00:00 0 
7f5aa294e000-7f5aa308c000 ---p 00000000 00:00 0 
7f5aa308c000-7f5aa3108000 rw-p 00000000 00:00 0 
7f5aa3108000-7f5aa3846000 ---p 00000000 00:00 0 
7f5aa3846000-7f5aa38c2000 rw-p 00000000 00:00 0 
7f5aa38c2000-7f5aa4000000 ---p 00000000 00:00 0 
7f5aa4000000-7f5aa4021000 rw-p 00000000 00:00 0 
7f5aa4021000-7f5aa8000000 ---p 00000000 00:00 0 
7f5aa8062000-7f5aa896a000 rw-p 00000000 00:00 0 
7f5aa896a000-7f5aa896b000 ---p 00000000 00:00 0 
7f5aa896b000-7f5aa8a71000 rw-p 00000000 00:00 0 
7f5aa8a71000-7f5aa8b57000 ---p 00000000 00:00 0 
7f5aa8b57000-7f5aa8b5c000 rw-p 00000000 00:00 0 
7f5aa8b5c000-7f5aa8c42000 ---p 00000000 00:00 0 
7f5aa8c42000-7f5aa8eb2000 rwxp 00000000 00:00 0 
7f5aa8eb2000-7f5aa91d3000 ---p 00000000 00:00 0 
7f5aa91d3000-7f5aa9443000 rwxp 00000000 00:00 0 
7f5aa9443000-7f5ab070a000 ---p 00000000 00:00 0 
7f5ab070a000-7f5ab097a000 rwxp 00000000 00:00 0 
7f5ab097a000-7f5ab7c42000 ---p 00000000 00:00 0 
7f5ab7c42000-7f5ac0000000 r--s 00000000 103:04 2765529                   /usr/lib/jvm/java-11-oracle/lib/modules
7f5ac0000000-7f5ac0730000 rw-p 00000000 00:00 0 
7f5ac0730000-7f5ac4000000 ---p 00000000 00:00 0 
7f5ac400f000-7f5ac4043000 r--p 00000000 103:04 3014767                   /usr/share/glib-2.0/schemas/gschemas.compiled
7f5ac4043000-7f5ac405e000 r-xp 00000000 103:04 2765510                   /usr/lib/jvm/java-11-oracle/lib/libjimage.so
7f5ac405e000-7f5ac425d000 ---p 0001b000 103:04 2765510                   /usr/lib/jvm/java-11-oracle/lib/libjimage.so
7f5ac425d000-7f5ac425f000 r--p 0001a000 103:04 2765510                   /usr/lib/jvm/java-11-oracle/lib/libjimage.so
7f5ac425f000-7f5ac4260000 rw-p 0001c000 103:04 2765510                   /usr/lib/jvm/java-11-oracle/lib/libjimage.so
7f5ac4260000-7f5ac4267000 r-xp 00000000 103:04 2765528                   /usr/lib/jvm/java-11-oracle/lib/libzip.so
7f5ac4267000-7f5ac4466000 ---p 00007000 103:04 2765528                   /usr/lib/jvm/java-11-oracle/lib/libzip.so
7f5ac4466000-7f5ac4467000 r--p 00006000 103:04 2765528                   /usr/lib/jvm/java-11-oracle/lib/libzip.so
7f5ac4467000-7f5ac4468000 rw-p 00007000 103:04 2765528                   /usr/lib/jvm/java-11-oracle/lib/libzip.so
7f5ac4468000-7f5ac4473000 r-xp 00000000 103:04 1054228                   /lib/x86_64-linux-gnu/libnss_files-2.27.so
7f5ac4473000-7f5ac4672000 ---p 0000b000 103:04 1054228                   /lib/x86_64-linux-gnu/libnss_files-2.27.so
7f5ac4672000-7f5ac4673000 r--p 0000a000 103:04 1054228                   /lib/x86_64-linux-gnu/libnss_files-2.27.so
7f5ac4673000-7f5ac4674000 rw-p 0000b000 103:04 1054228                   /lib/x86_64-linux-gnu/libnss_files-2.27.so
7f5ac4674000-7f5ac467a000 rw-p 00000000 00:00 0 
7f5ac467a000-7f5ac4691000 r-xp 00000000 103:04 1054222                   /lib/x86_64-linux-gnu/libnsl-2.27.so
7f5ac4691000-7f5ac4890000 ---p 00017000 103:04 1054222                   /lib/x86_64-linux-gnu/libnsl-2.27.so
7f5ac4890000-7f5ac4891000 r--p 00016000 103:04 1054222                   /lib/x86_64-linux-gnu/libnsl-2.27.so
7f5ac4891000-7f5ac4892000 rw-p 00017000 103:04 1054222                   /lib/x86_64-linux-gnu/libnsl-2.27.so
7f5ac4892000-7f5ac4894000 rw-p 00000000 00:00 0 
7f5ac4894000-7f5ac489f000 r-xp 00000000 103:04 1054239                   /lib/x86_64-linux-gnu/libnss_nis-2.27.so
7f5ac489f000-7f5ac4a9e000 ---p 0000b000 103:04 1054239                   /lib/x86_64-linux-gnu/libnss_nis-2.27.so
7f5ac4a9e000-7f5ac4a9f000 r--p 0000a000 103:04 1054239                   /lib/x86_64-linux-gnu/libnss_nis-2.27.so
7f5ac4a9f000-7f5ac4aa0000 rw-p 0000b000 103:04 1054239                   /lib/x86_64-linux-gnu/libnss_nis-2.27.so
7f5ac4aa0000-7f5ac4aa8000 r-xp 00000000 103:04 1054224                   /lib/x86_64-linux-gnu/libnss_compat-2.27.so
7f5ac4aa8000-7f5ac4ca8000 ---p 00008000 103:04 1054224                   /lib/x86_64-linux-gnu/libnss_compat-2.27.so
7f5ac4ca8000-7f5ac4ca9000 r--p 00008000 103:04 1054224                   /lib/x86_64-linux-gnu/libnss_compat-2.27.so
7f5ac4ca9000-7f5ac4caa000 rw-p 00009000 103:04 1054224                   /lib/x86_64-linux-gnu/libnss_compat-2.27.so
7f5ac4caa000-7f5ac4cd3000 r-xp 00000000 103:04 2765506                   /usr/lib/jvm/java-11-oracle/lib/libjava.so
7f5ac4cd3000-7f5ac4ed3000 ---p 00029000 103:04 2765506                   /usr/lib/jvm/java-11-oracle/lib/libjava.so
7f5ac4ed3000-7f5ac4ed4000 r--p 00029000 103:04 2765506                   /usr/lib/jvm/java-11-oracle/lib/libjava.so
7f5ac4ed4000-7f5ac4ed6000 rw-p 0002a000 103:04 2765506                   /usr/lib/jvm/java-11-oracle/lib/libjava.so
7f5ac4ed6000-7f5ac4ee3000 r-xp 00000000 103:04 2765527                   /usr/lib/jvm/java-11-oracle/lib/libverify.so
7f5ac4ee3000-7f5ac50e2000 ---p 0000d000 103:04 2765527                   /usr/lib/jvm/java-11-oracle/lib/libverify.so
7f5ac50e2000-7f5ac50e4000 r--p 0000c000 103:04 2765527                   /usr/lib/jvm/java-11-oracle/lib/libverify.so
7f5ac50e4000-7f5ac50e5000 rw-p 0000e000 103:04 2765527                   /usr/lib/jvm/java-11-oracle/lib/libverify.so
7f5ac50e5000-7f5ac50ec000 r-xp 00000000 103:04 1054279                   /lib/x86_64-linux-gnu/librt-2.27.so
7f5ac50ec000-7f5ac52eb000 ---p 00007000 103:04 1054279                   /lib/x86_64-linux-gnu/librt-2.27.so
7f5ac52eb000-7f5ac52ec000 r--p 00006000 103:04 1054279                   /lib/x86_64-linux-gnu/librt-2.27.so
7f5ac52ec000-7f5ac52ed000 rw-p 00007000 103:04 1054279                   /lib/x86_64-linux-gnu/librt-2.27.so
7f5ac52ed000-7f5ac548a000 r-xp 00000000 103:04 1054201                   /lib/x86_64-linux-gnu/libm-2.27.so
7f5ac548a000-7f5ac5689000 ---p 0019d000 103:04 1054201                   /lib/x86_64-linux-gnu/libm-2.27.so
7f5ac5689000-7f5ac568a000 r--p 0019c000 103:04 1054201                   /lib/x86_64-linux-gnu/libm-2.27.so
7f5ac568a000-7f5ac568b000 rw-p 0019d000 103:04 1054201                   /lib/x86_64-linux-gnu/libm-2.27.so
7f5ac568b000-7f5ac67ca000 r-xp 00000000 103:04 2765540                   /usr/lib/jvm/java-11-oracle/lib/server/libjvm.so
7f5ac67ca000-7f5ac69ca000 ---p 0113f000 103:04 2765540                   /usr/lib/jvm/java-11-oracle/lib/server/libjvm.so
7f5ac69ca000-7f5ac6a89000 r--p 0113f000 103:04 2765540                   /usr/lib/jvm/java-11-oracle/lib/server/libjvm.so
7f5ac6a89000-7f5ac6ac2000 rw-p 011fe000 103:04 2765540                   /usr/lib/jvm/java-11-oracle/lib/server/libjvm.so
7f5ac6ac2000-7f5ac6b18000 rw-p 00000000 00:00 0 
7f5ac6b18000-7f5ac6cff000 r-xp 00000000 103:04 1054138                   /lib/x86_64-linux-gnu/libc-2.27.so
7f5ac6cff000-7f5ac6eff000 ---p 001e7000 103:04 1054138                   /lib/x86_64-linux-gnu/libc-2.27.so
7f5ac6eff000-7f5ac6f03000 r--p 001e7000 103:04 1054138                   /lib/x86_64-linux-gnu/libc-2.27.so
7f5ac6f03000-7f5ac6f05000 rw-p 001eb000 103:04 1054138                   /lib/x86_64-linux-gnu/libc-2.27.so
7f5ac6f05000-7f5ac6f09000 rw-p 00000000 00:00 0 
7f5ac6f09000-7f5ac6f0c000 r-xp 00000000 103:04 1054161                   /lib/x86_64-linux-gnu/libdl-2.27.so
7f5ac6f0c000-7f5ac710b000 ---p 00003000 103:04 1054161                   /lib/x86_64-linux-gnu/libdl-2.27.so
7f5ac710b000-7f5ac710c000 r--p 00002000 103:04 1054161                   /lib/x86_64-linux-gnu/libdl-2.27.so
7f5ac710c000-7f5ac710d000 rw-p 00003000 103:04 1054161                   /lib/x86_64-linux-gnu/libdl-2.27.so
7f5ac710d000-7f5ac711d000 r-xp 00000000 103:04 2765491                   /usr/lib/jvm/java-11-oracle/lib/jli/libjli.so
7f5ac711d000-7f5ac731c000 ---p 00010000 103:04 2765491                   /usr/lib/jvm/java-11-oracle/lib/jli/libjli.so
7f5ac731c000-7f5ac731d000 r--p 0000f000 103:04 2765491                   /usr/lib/jvm/java-11-oracle/lib/jli/libjli.so
7f5ac731d000-7f5ac731e000 rw-p 00010000 103:04 2765491                   /usr/lib/jvm/java-11-oracle/lib/jli/libjli.so
7f5ac731e000-7f5ac7338000 r-xp 00000000 103:04 1054271                   /lib/x86_64-linux-gnu/libpthread-2.27.so
7f5ac7338000-7f5ac7537000 ---p 0001a000 103:04 1054271                   /lib/x86_64-linux-gnu/libpthread-2.27.so
7f5ac7537000-7f5ac7538000 r--p 00019000 103:04 1054271                   /lib/x86_64-linux-gnu/libpthread-2.27.so
7f5ac7538000-7f5ac7539000 rw-p 0001a000 103:04 1054271                   /lib/x86_64-linux-gnu/libpthread-2.27.so
7f5ac7539000-7f5ac753d000 rw-p 00000000 00:00 0 
7f5ac753d000-7f5ac7559000 r-xp 00000000 103:04 1054310                   /lib/x86_64-linux-gnu/libz.so.1.2.11
7f5ac7559000-7f5ac7758000 ---p 0001c000 103:04 1054310                   /lib/x86_64-linux-gnu/libz.so.1.2.11
7f5ac7758000-7f5ac7759000 r--p 0001b000 103:04 1054310                   /lib/x86_64-linux-gnu/libz.so.1.2.11
7f5ac7759000-7f5ac775a000 rw-p 0001c000 103:04 1054310                   /lib/x86_64-linux-gnu/libz.so.1.2.11
7f5ac775a000-7f5ac7781000 r-xp 00000000 103:04 1054110                   /lib/x86_64-linux-gnu/ld-2.27.so
7f5ac7781000-7f5ac7788000 r--p 00000000 103:04 1725408                   /home/carter/.config/dconf/user
7f5ac7788000-7f5ac7864000 rw-p 00000000 00:00 0 
7f5ac7864000-7f5ac7868000 ---p 00000000 00:00 0 
7f5ac7868000-7f5ac7969000 rw-p 00000000 00:00 0 
7f5ac796a000-7f5ac796b000 r--s 00000000 00:35 40                         /run/user/1000/snap.code/dconf/user
7f5ac796b000-7f5ac7970000 rw-p 00000000 00:00 0 
7f5ac7970000-7f5ac7977000 ---p 00000000 00:00 0 
7f5ac7977000-7f5ac797f000 rw-s 00000000 103:04 2622155                   /tmp/hsperfdata_carter/704
7f5ac797f000-7f5ac7980000 ---p 00000000 00:00 0 
7f5ac7980000-7f5ac7981000 r--p 00000000 00:00 0 
7f5ac7981000-7f5ac7982000 r--p 00027000 103:04 1054110                   /lib/x86_64-linux-gnu/ld-2.27.so
7f5ac7982000-7f5ac7983000 rw-p 00028000 103:04 1054110                   /lib/x86_64-linux-gnu/ld-2.27.so
7f5ac7983000-7f5ac7984000 rw-p 00000000 00:00 0 
7fffdc5ef000-7fffdc610000 rw-p 00000000 00:00 0                          [stack]
7fffdc7d0000-7fffdc7d3000 r--p 00000000 00:00 0                          [vvar]
7fffdc7d3000-7fffdc7d5000 r-xp 00000000 00:00 0                          [vdso]
ffffffffff600000-ffffffffff601000 r-xp 00000000 00:00 0                  [vsyscall]


VM Arguments:
java_command: project.jar
java_class_path (initial): project.jar
Launcher Type: SUN_STANDARD

[Global flags]
     intx CICompilerCount                          = 4                                         {product} {ergonomic}
     uint ConcGCThreads                            = 2                                         {product} {ergonomic}
     uint G1ConcRefinementThreads                  = 8                                         {product} {ergonomic}
   size_t G1HeapRegionSize                         = 1048576                                   {product} {ergonomic}
    uintx GCDrainStackTargetSize                   = 64                                        {product} {ergonomic}
   size_t InitialHeapSize                          = 260046848                                 {product} {ergonomic}
   size_t MarkStackSize                            = 4194304                                   {product} {ergonomic}
   size_t MaxHeapSize                              = 4148166656                                {product} {ergonomic}
   size_t MaxNewSize                               = 2488270848                                {product} {ergonomic}
   size_t MinHeapDeltaBytes                        = 1048576                                   {product} {ergonomic}
    uintx NonNMethodCodeHeapSize                   = 5835340                                {pd product} {ergonomic}
    uintx NonProfiledCodeHeapSize                  = 122911450                              {pd product} {ergonomic}
    uintx ProfiledCodeHeapSize                     = 122911450                              {pd product} {ergonomic}
    uintx ReservedCodeCacheSize                    = 251658240                              {pd product} {ergonomic}
     bool SegmentedCodeCache                       = true                                      {product} {ergonomic}
     bool UseCompressedClassPointers               = true                                 {lp64_product} {ergonomic}
     bool UseCompressedOops                        = true                                 {lp64_product} {ergonomic}
     bool UseG1GC                                  = true                                      {product} {ergonomic}

Logging:
Log output configuration:
 #0: stdout all=warning uptime,level,tags
 #1: stderr all=off uptime,level,tags

Environment Variables:
JAVA_HOME=/usr/lib/jvm/java-11-oracle
PATH=/home/carter/bin:/usr/local/sbin:/usr/local/bin:/usr/sbin:/usr/bin:/sbin:/bin:/usr/games:/usr/local/games:/snap/bin:/usr/lib/jvm/java-11-oracle/bin:/usr/lib/jvm/java-11-oracle/db/bin
USERNAME=carter
SHELL=/bin/bash
DISPLAY=:0

Signal Handlers:
SIGSEGV: [libjvm.so+0xe2adf0], sa_mask[0]=11111111011111111101111111111110, sa_flags=SA_RESTART|SA_SIGINFO
SIGBUS: [libjvm.so+0xe2adf0], sa_mask[0]=11111111011111111101111111111110, sa_flags=SA_RESTART|SA_SIGINFO
SIGFPE: [libjvm.so+0xe2adf0], sa_mask[0]=11111111011111111101111111111110, sa_flags=SA_RESTART|SA_SIGINFO
SIGPIPE: SIG_IGN, sa_mask[0]=00000000000010000000000000000000, sa_flags=SA_RESTART
SIGXFSZ: [libjvm.so+0xbff5b0], sa_mask[0]=11111111011111111101111111111110, sa_flags=SA_RESTART|SA_SIGINFO
SIGILL: [libjvm.so+0xe2adf0], sa_mask[0]=11111111011111111101111111111110, sa_flags=SA_RESTART|SA_SIGINFO
SIGUSR2: [libjvm.so+0xbff450], sa_mask[0]=00000000000000000000000000000000, sa_flags=SA_RESTART|SA_SIGINFO
SIGHUP: [libjvm.so+0xbff7b0], sa_mask[0]=11111111011111111101111111111110, sa_flags=SA_RESTART|SA_SIGINFO
SIGINT: [libjvm.so+0xbff7b0], sa_mask[0]=11111111011111111101111111111110, sa_flags=SA_RESTART|SA_SIGINFO
SIGTERM: [libjvm.so+0xbff7b0], sa_mask[0]=11111111011111111101111111111110, sa_flags=SA_RESTART|SA_SIGINFO
SIGQUIT: [libjvm.so+0xbff7b0], sa_mask[0]=11111111011111111101111111111110, sa_flags=SA_RESTART|SA_SIGINFO


---------------  S Y S T E M  ---------------

OS:DISTRIB_ID=Ubuntu
DISTRIB_RELEASE=18.04
DISTRIB_CODENAME=bionic
DISTRIB_DESCRIPTION="Ubuntu 18.04.2 LTS"
uname:Linux 4.15.0-47-generic #50-Ubuntu SMP Wed Mar 13 10:44:52 UTC 2019 x86_64
libc:glibc 2.27 NPTL 2.27 
rlimit: STACK 8192k, CORE 0k, NPROC 62996, NOFILE 1048576, AS infinity, DATA infinity, FSIZE infinity
load average:1.22 1.57 1.34

/proc/meminfo:
MemTotal:       16203024 kB
MemFree:         9151944 kB
MemAvailable:   11638360 kB
Buffers:          534084 kB
Cached:          3199296 kB
SwapCached:            0 kB
Active:          3637424 kB
Inactive:        3003472 kB
Active(anon):    2758952 kB
Inactive(anon):  1194444 kB
Active(file):     878472 kB
Inactive(file):  1809028 kB
Unevictable:          64 kB
Mlocked:              64 kB
SwapTotal:             0 kB
SwapFree:              0 kB
Dirty:              1636 kB
Writeback:             0 kB
AnonPages:       2907612 kB
Mapped:           887852 kB
Shmem:           1197200 kB
Slab:             192640 kB
SReclaimable:     114040 kB
SUnreclaim:        78600 kB
KernelStack:       16864 kB
PageTables:        68512 kB
NFS_Unstable:          0 kB
Bounce:                0 kB
WritebackTmp:          0 kB
CommitLimit:     8101512 kB
Committed_AS:   11713020 kB
VmallocTotal:   34359738367 kB
VmallocUsed:           0 kB
VmallocChunk:          0 kB
HardwareCorrupted:     0 kB
AnonHugePages:         0 kB
ShmemHugePages:        0 kB
ShmemPmdMapped:        0 kB
CmaTotal:              0 kB
CmaFree:               0 kB
HugePages_Total:       0
HugePages_Free:        0
HugePages_Rsvd:        0
HugePages_Surp:        0
Hugepagesize:       2048 kB
DirectMap4k:      405108 kB
DirectMap2M:     8808448 kB
DirectMap1G:     8388608 kB


/proc/sys/kernel/threads-max (system-wide limit on the number of threads):
125992


/proc/sys/vm/max_map_count (maximum number of memory map areas a process may have):
65530


/proc/sys/kernel/pid_max (system-wide limit on number of process identifiers):
32768



container (cgroup) information:
container_type: cgroupv1
cpu_cpuset_cpus: 0-7
cpu_memory_nodes: 0
active_processor_count: 8
cpu_quota: -1
cpu_period: 100000
cpu_shares: -1
memory_limit_in_bytes: -1
memory_and_swap_limit_in_bytes: -2
memory_soft_limit_in_bytes: -1
memory_usage_in_bytes: 6800424960
memory_max_usage_in_bytes: 0


CPU:total 8 (initial active 8) (4 cores per cpu, 2 threads per core) family 6 model 142 stepping 10, cmov, cx8, fxsr, mmx, sse, sse2, sse3, ssse3, sse4.1, sse4.2, popcnt, avx, avx2, aes, clmul, erms, 3dnowpref, lzcnt, ht, tsc, tscinvbit, bmi1, bmi2, adx, fma
CPU Model and flags from /proc/cpuinfo:
model name	: Intel(R) Core(TM) i7-8550U CPU @ 1.80GHz
flags		: fpu vme de pse tsc msr pae mce cx8 apic sep mtrr pge mca cmov pat pse36 clflush dts acpi mmx fxsr sse sse2 ss ht tm pbe syscall nx pdpe1gb rdtscp lm constant_tsc art arch_perfmon pebs bts rep_good nopl xtopology nonstop_tsc cpuid aperfmperf tsc_known_freq pni pclmulqdq dtes64 monitor ds_cpl vmx est tm2 ssse3 sdbg fma cx16 xtpr pdcm pcid sse4_1 sse4_2 x2apic movbe popcnt tsc_deadline_timer aes xsave avx f16c rdrand lahf_lm abm 3dnowprefetch cpuid_fault epb invpcid_single pti ssbd ibrs ibpb stibp tpr_shadow vnmi flexpriority ept vpid fsgsbase tsc_adjust bmi1 avx2 smep bmi2 erms invpcid mpx rdseed adx smap clflushopt intel_pt xsaveopt xsavec xgetbv1 xsaves dtherm ida arat pln pts hwp hwp_notify hwp_act_window hwp_epp flush_l1d

Memory: 4k page, physical 16203024k(9151944k free), swap 0k(0k free)

vm_info: Java HotSpot(TM) 64-Bit Server VM (11.0.2+9-LTS) for linux-amd64 JRE (11.0.2+9-LTS), built on Jan 17 2019 21:22:50 by "mach5one" with gcc 7.3.0

END.
