#
# A fatal error has been detected by the Java Runtime Environment:
#
#  SIGSEGV (0xb) at pc=0x00007ff99a8350f0, pid=923, tid=926
#
# JRE version: Java(TM) SE Runtime Environment (11.0.2+9) (build 11.0.2+9-LTS)
# Java VM: Java HotSpot(TM) 64-Bit Server VM (11.0.2+9-LTS, mixed mode, tiered, compressed oops, g1 gc, linux-amd64)
# Problematic frame:
# C  [libstdc++.so.6+0x1250f0]  std::__cxx11::basic_string<char, std::char_traits<char>, std::allocator<char> >::size() const+0x0
#
# Core dump will be written. Default location: Core dumps may be processed with "/usr/share/apport/apport %p %s %c %d %P" (or dumping to /mnt/0F74233D71F0CA95/Documents/GitHub/CSCI_2270_Project/core.923)
#
# If you would like to submit a bug report, please visit:
#   http://bugreport.java.com/bugreport/crash.jsp
# The crash happened outside the Java Virtual Machine in native code.
# See problematic frame for where to report the bug.
#

---------------  S U M M A R Y ------------

Command Line: project.jar

Host: Intel(R) Core(TM) i7-8550U CPU @ 1.80GHz, 8 cores, 15G, Ubuntu 18.04.2 LTS
Time: Tue Apr 23 10:31:57 2019 MDT elapsed time: 0 seconds (0d 0h 0m 0s)

---------------  T H R E A D  ---------------

Current thread (0x00007ffa08012000):  JavaThread "main" [_thread_in_native, id=926, stack(0x00007ffa0e805000,0x00007ffa0e906000)]

Stack: [0x00007ffa0e805000,0x00007ffa0e906000],  sp=0x00007ffa0e9042c8,  free space=1020k
Native frames: (J=compiled Java code, A=aot compiled Java code, j=interpreted, Vv=VM code, C=native code)
C  [libstdc++.so.6+0x1250f0]  std::__cxx11::basic_string<char, std::char_traits<char>, std::allocator<char> >::size() const+0x0
C  [share.so+0x4fd09]  wordSearch::addNodeHelper(wordNode*, std::__cxx11::basic_string<char, std::char_traits<char>, std::allocator<char> >, Part*)+0x47
C  [share.so+0x4ff12]  wordSearch::addNode(std::__cxx11::basic_string<char, std::char_traits<char>, std::allocator<char> >, Part*)+0xa0
C  [share.so+0x4fc0a]  wordSearch::addPart(Part*)+0x13c
C  [share.so+0x3f28c]  Java_mypackage_testJNI_wordSearch_1addPart+0x68
j  mypackage.testJNI.wordSearch_addPart(JLmypackage/wordSearch;JLmypackage/Part;)V+0
j  mypackage.wordSearch.addPart(Lmypackage/Part;)V+10
j  mypackage.Main.main([Ljava/lang/String;)V+415
v  ~StubRoutines::call_stub
V  [libjvm.so+0x886899]  JavaCalls::call_helper(JavaValue*, methodHandle const&, JavaCallArguments*, Thread*)+0x3b9
V  [libjvm.so+0x90126a]  jni_invoke_static(JNIEnv_*, JavaValue*, _jobject*, JNICallType, _jmethodID*, JNI_ArgumentPusher*, Thread*) [clone .isra.65] [clone .constprop.193]+0x1ba
V  [libjvm.so+0x9038d4]  jni_CallStaticVoidMethod+0x164
C  [libjli.so+0x582d]  JavaMain+0xe4d

Java frames: (J=compiled Java code, j=interpreted, Vv=VM code)
j  mypackage.testJNI.wordSearch_addPart(JLmypackage/wordSearch;JLmypackage/Part;)V+0
j  mypackage.wordSearch.addPart(Lmypackage/Part;)V+10
j  mypackage.Main.main([Ljava/lang/String;)V+415
v  ~StubRoutines::call_stub

siginfo: si_signo: 11 (SIGSEGV), si_code: 128 (SI_KERNEL), si_addr: 0x0000000000000000

Register to memory mapping:

RAX=0x726150656e696863 is an unknown value
RBX=0x00007ffa0e9043fb is pointing into the stack for thread: 0x00007ffa08012000
RCX=0x000000000070756e is an unknown value
RDX=0x00007ffa0e904380 is pointing into the stack for thread: 0x00007ffa08012000
RSP=0x00007ffa0e9042c8 is pointing into the stack for thread: 0x00007ffa08012000
RBP=0x00007ffa0e9042f0 is pointing into the stack for thread: 0x00007ffa08012000
RSI=0x00007ffa0e904380 is pointing into the stack for thread: 0x00007ffa08012000
RDI=0x726150656e696863 is an unknown value
R8 =0x000000000000000f is an unknown value
R9 =0x00007ff99aa8b660: _ZTINSt6locale5facetE+0x0000000000000000 in /usr/lib/x86_64-linux-gnu/libstdc++.so.6 at 0x00007ff99a710000
R10=0x0000000000000006 is an unknown value
R11=0x00007ff99aad0b9c: _ZN9__gnu_cxx13new_allocatorIP4PartE10deallocateEPS2_m+0x0000000000000000 in /tmp/nativeutils3597500160638/share.so at 0x00007ff99aa99000
R12=0x00007ffa0e9043f0 is pointing into the stack for thread: 0x00007ffa08012000
R13={method} {0x00007ff99ad29e28} 'wordSearch_addPart' '(JLmypackage/wordSearch;JLmypackage/Part;)V' in 'mypackage/testJNI'
R14=0x00007ffa0e904718 is pointing into the stack for thread: 0x00007ffa08012000
R15=0x00007ffa08012000 is a thread


Registers:
RAX=0x726150656e696863, RBX=0x00007ffa0e9043fb, RCX=0x000000000070756e, RDX=0x00007ffa0e904380
RSP=0x00007ffa0e9042c8, RBP=0x00007ffa0e9042f0, RSI=0x00007ffa0e904380, RDI=0x726150656e696863
R8 =0x000000000000000f, R9 =0x00007ff99aa8b660, R10=0x0000000000000006, R11=0x00007ff99aad0b9c
R12=0x00007ffa0e9043f0, R13=0x00007ff99ad29e28, R14=0x00007ffa0e904718, R15=0x00007ffa08012000
RIP=0x00007ff99a8350f0, EFLAGS=0x0000000000010202, CSGSFS=0x002b000000000033, ERR=0x0000000000000000
  TRAPNO=0x000000000000000d

Top of Stack: (sp=0x00007ffa0e9042c8)
0x00007ffa0e9042c8:   00007ff99aae95cd 00007ffa0e904380
0x00007ffa0e9042d8:   726150656e696863 00007ffa0e9043fb
0x00007ffa0e9042e8:   00007ffa0e9043f0 00007ffa0e904350
0x00007ffa0e9042f8:   00007ff99aae8d09 00007ffa08727950 

Instructions: (pc=0x00007ff99a8350f0)
0x00007ff99a8350d0:   48 8b 56 08 48 03 16 48 89 f8 48 89 17 c3 66 90
0x00007ff99a8350e0:   48 8b 16 48 89 f8 48 89 17 c3 66 0f 1f 44 00 00
0x00007ff99a8350f0:   48 8b 47 08 c3 66 2e 0f 1f 84 00 00 00 00 00 90
0x00007ff99a835100:   48 8b 47 08 c3 66 2e 0f 1f 84 00 00 00 00 00 90 

Stack slot to memory mapping:
stack at sp + 0 slots: 0x00007ff99aae95cd: _ZSteqIcEN9__gnu_cxx11__enable_ifIXsrSt9__is_charIT_E7__valueEbE6__typeERKNSt7__cxx1112basic_stringIS3_St11char_traitsIS3_ESaIS3_EEESE_+0x000000000000001f in /tmp/nativeutils3597500160638/share.so at 0x00007ff99aa99000
stack at sp + 1 slots: 0x00007ffa0e904380 is pointing into the stack for thread: 0x00007ffa08012000
stack at sp + 2 slots: 0x726150656e696863 is an unknown value
stack at sp + 3 slots: 0x00007ffa0e9043fb is pointing into the stack for thread: 0x00007ffa08012000
stack at sp + 4 slots: 0x00007ffa0e9043f0 is pointing into the stack for thread: 0x00007ffa08012000
stack at sp + 5 slots: 0x00007ffa0e904350 is pointing into the stack for thread: 0x00007ffa08012000
stack at sp + 6 slots: 0x00007ff99aae8d09: _ZN10wordSearch13addNodeHelperEP8wordNodeNSt7__cxx1112basic_stringIcSt11char_traitsIcESaIcEEEP4Part+0x0000000000000047 in /tmp/nativeutils3597500160638/share.so at 0x00007ff99aa99000
stack at sp + 7 slots: 0x00007ffa08727950 points into unknown readable memory: 03 00 00 00 0a 00 00 00


---------------  P R O C E S S  ---------------

Threads class SMR info:
_java_thread_list=0x00007ff9b0370890, length=12, elements={
0x00007ffa08012000, 0x00007ffa0826a800, 0x00007ffa0826e800, 0x00007ffa08281000,
0x00007ffa08283000, 0x00007ffa08285000, 0x00007ffa08287000, 0x00007ffa0831e000,
0x00007ffa0832c000, 0x00007ffa084f2800, 0x00007ffa08520000, 0x00007ff9b036f000
}

Java Threads: ( => current thread )
=>0x00007ffa08012000 JavaThread "main" [_thread_in_native, id=926, stack(0x00007ffa0e805000,0x00007ffa0e906000)]
  0x00007ffa0826a800 JavaThread "Reference Handler" daemon [_thread_blocked, id=936, stack(0x00007ff9ec27f000,0x00007ff9ec380000)]
  0x00007ffa0826e800 JavaThread "Finalizer" daemon [_thread_blocked, id=937, stack(0x00007ff9ec17e000,0x00007ff9ec27f000)]
  0x00007ffa08281000 JavaThread "Signal Dispatcher" daemon [_thread_blocked, id=938, stack(0x00007ff9ec07d000,0x00007ff9ec17e000)]
  0x00007ffa08283000 JavaThread "C2 CompilerThread0" daemon [_thread_blocked, id=939, stack(0x00007ff9e035f000,0x00007ff9e0460000)]
  0x00007ffa08285000 JavaThread "C1 CompilerThread0" daemon [_thread_blocked, id=940, stack(0x00007ff9e025e000,0x00007ff9e035f000)]
  0x00007ffa08287000 JavaThread "Sweeper thread" daemon [_thread_blocked, id=941, stack(0x00007ff9e015d000,0x00007ff9e025e000)]
  0x00007ffa0831e000 JavaThread "Service Thread" daemon [_thread_blocked, id=942, stack(0x00007ff9e005c000,0x00007ff9e015d000)]
  0x00007ffa0832c000 JavaThread "Common-Cleaner" daemon [_thread_blocked, id=944, stack(0x00007ff9d942e000,0x00007ff9d952f000)]
  0x00007ffa084f2800 JavaThread "Java2D Disposer" daemon [_thread_blocked, id=949, stack(0x00007ff9d8076000,0x00007ff9d8177000)]
  0x00007ffa08520000 JavaThread "AWT-XAWT" daemon [_thread_in_native, id=950, stack(0x00007ff9a4067000,0x00007ff9a4168000)]
  0x00007ff9b036f000 JavaThread "C2 CompilerThread1" daemon [_thread_blocked, id=951, stack(0x00007ff99aefd000,0x00007ff99affe000)]

Other Threads:
  0x00007ffa08262000 VMThread "VM Thread" [stack: 0x00007ff9ec382000,0x00007ff9ec482000] [id=935]
  0x00007ffa08325000 WatcherThread [stack: 0x00007ff9d9531000,0x00007ff9d9631000] [id=943]
  0x00007ffa0803a000 GCTaskThread "GC Thread#0" [stack: 0x00007ff9ef8ca000,0x00007ff9ef9ca000] [id=927]
  0x00007ffa08097800 ConcurrentGCThread "G1 Main Marker" [stack: 0x00007ff9ed792000,0x00007ff9ed892000] [id=928]
  0x00007ffa08099000 ConcurrentGCThread "G1 Conc#0" [stack: 0x00007ff9ed690000,0x00007ff9ed790000] [id=932]
  0x00007ffa08197000 ConcurrentGCThread "G1 Refine#0" [stack: 0x00007ff9ecd86000,0x00007ff9ece86000] [id=933]
  0x00007ffa08199000 ConcurrentGCThread "G1 Young RemSet Sampling" [stack: 0x00007ff9ecc84000,0x00007ff9ecd84000] [id=934]

Threads with active compile tasks:

VM state:not at safepoint (normal execution)

VM Mutex/Monitor currently owned by a thread: None

Heap address: 0x0000000708c00000, size: 3956 MB, Compressed Oops mode: Zero based, Oop shift amount: 3
Narrow klass base: 0x0000000800000000, Narrow klass shift: 0
Compressed class space size: 1073741824 Address: 0x0000000800000000

Heap:
 garbage-first heap   total 253952K, used 7168K [0x0000000708c00000, 0x0000000800000000)
  region size 1024K, 8 young (8192K), 0 survivors (0K)
 Metaspace       used 11748K, capacity 12099K, committed 12416K, reserved 1060864K
  class space    used 1189K, capacity 1344K, committed 1408K, reserved 1048576K
Heap Regions: E=young(eden), S=young(survivor), O=old, HS=humongous(starts), HC=humongous(continues), CS=collection set, F=free, A=archive, TAMS=top-at-mark-start (previous, next)
|   0|0x0000000708c00000, 0x0000000708c00000, 0x0000000708d00000|  0%| F|  |TAMS 0x0000000708c00000, 0x0000000708c00000| Untracked 
|   1|0x0000000708d00000, 0x0000000708d00000, 0x0000000708e00000|  0%| F|  |TAMS 0x0000000708d00000, 0x0000000708d00000| Untracked 
|   2|0x0000000708e00000, 0x0000000708e00000, 0x0000000708f00000|  0%| F|  |TAMS 0x0000000708e00000, 0x0000000708e00000| Untracked 
|   3|0x0000000708f00000, 0x0000000708f00000, 0x0000000709000000|  0%| F|  |TAMS 0x0000000708f00000, 0x0000000708f00000| Untracked 
|   4|0x0000000709000000, 0x0000000709000000, 0x0000000709100000|  0%| F|  |TAMS 0x0000000709000000, 0x0000000709000000| Untracked 
|   5|0x0000000709100000, 0x0000000709100000, 0x0000000709200000|  0%| F|  |TAMS 0x0000000709100000, 0x0000000709100000| Untracked 
|   6|0x0000000709200000, 0x0000000709200000, 0x0000000709300000|  0%| F|  |TAMS 0x0000000709200000, 0x0000000709200000| Untracked 
|   7|0x0000000709300000, 0x0000000709300000, 0x0000000709400000|  0%| F|  |TAMS 0x0000000709300000, 0x0000000709300000| Untracked 
|   8|0x0000000709400000, 0x0000000709400000, 0x0000000709500000|  0%| F|  |TAMS 0x0000000709400000, 0x0000000709400000| Untracked 
|   9|0x0000000709500000, 0x0000000709500000, 0x0000000709600000|  0%| F|  |TAMS 0x0000000709500000, 0x0000000709500000| Untracked 
|  10|0x0000000709600000, 0x0000000709600000, 0x0000000709700000|  0%| F|  |TAMS 0x0000000709600000, 0x0000000709600000| Untracked 
|  11|0x0000000709700000, 0x0000000709700000, 0x0000000709800000|  0%| F|  |TAMS 0x0000000709700000, 0x0000000709700000| Untracked 
|  12|0x0000000709800000, 0x0000000709800000, 0x0000000709900000|  0%| F|  |TAMS 0x0000000709800000, 0x0000000709800000| Untracked 
|  13|0x0000000709900000, 0x0000000709900000, 0x0000000709a00000|  0%| F|  |TAMS 0x0000000709900000, 0x0000000709900000| Untracked 
|  14|0x0000000709a00000, 0x0000000709a00000, 0x0000000709b00000|  0%| F|  |TAMS 0x0000000709a00000, 0x0000000709a00000| Untracked 
|  15|0x0000000709b00000, 0x0000000709b00000, 0x0000000709c00000|  0%| F|  |TAMS 0x0000000709b00000, 0x0000000709b00000| Untracked 
|  16|0x0000000709c00000, 0x0000000709c00000, 0x0000000709d00000|  0%| F|  |TAMS 0x0000000709c00000, 0x0000000709c00000| Untracked 
|  17|0x0000000709d00000, 0x0000000709d00000, 0x0000000709e00000|  0%| F|  |TAMS 0x0000000709d00000, 0x0000000709d00000| Untracked 
|  18|0x0000000709e00000, 0x0000000709e00000, 0x0000000709f00000|  0%| F|  |TAMS 0x0000000709e00000, 0x0000000709e00000| Untracked 
|  19|0x0000000709f00000, 0x0000000709f00000, 0x000000070a000000|  0%| F|  |TAMS 0x0000000709f00000, 0x0000000709f00000| Untracked 
|  20|0x000000070a000000, 0x000000070a000000, 0x000000070a100000|  0%| F|  |TAMS 0x000000070a000000, 0x000000070a000000| Untracked 
|  21|0x000000070a100000, 0x000000070a100000, 0x000000070a200000|  0%| F|  |TAMS 0x000000070a100000, 0x000000070a100000| Untracked 
|  22|0x000000070a200000, 0x000000070a200000, 0x000000070a300000|  0%| F|  |TAMS 0x000000070a200000, 0x000000070a200000| Untracked 
|  23|0x000000070a300000, 0x000000070a300000, 0x000000070a400000|  0%| F|  |TAMS 0x000000070a300000, 0x000000070a300000| Untracked 
|  24|0x000000070a400000, 0x000000070a400000, 0x000000070a500000|  0%| F|  |TAMS 0x000000070a400000, 0x000000070a400000| Untracked 
|  25|0x000000070a500000, 0x000000070a500000, 0x000000070a600000|  0%| F|  |TAMS 0x000000070a500000, 0x000000070a500000| Untracked 
|  26|0x000000070a600000, 0x000000070a600000, 0x000000070a700000|  0%| F|  |TAMS 0x000000070a600000, 0x000000070a600000| Untracked 
|  27|0x000000070a700000, 0x000000070a700000, 0x000000070a800000|  0%| F|  |TAMS 0x000000070a700000, 0x000000070a700000| Untracked 
|  28|0x000000070a800000, 0x000000070a800000, 0x000000070a900000|  0%| F|  |TAMS 0x000000070a800000, 0x000000070a800000| Untracked 
|  29|0x000000070a900000, 0x000000070a900000, 0x000000070aa00000|  0%| F|  |TAMS 0x000000070a900000, 0x000000070a900000| Untracked 
|  30|0x000000070aa00000, 0x000000070aa00000, 0x000000070ab00000|  0%| F|  |TAMS 0x000000070aa00000, 0x000000070aa00000| Untracked 
|  31|0x000000070ab00000, 0x000000070ab00000, 0x000000070ac00000|  0%| F|  |TAMS 0x000000070ab00000, 0x000000070ab00000| Untracked 
|  32|0x000000070ac00000, 0x000000070ac00000, 0x000000070ad00000|  0%| F|  |TAMS 0x000000070ac00000, 0x000000070ac00000| Untracked 
|  33|0x000000070ad00000, 0x000000070ad00000, 0x000000070ae00000|  0%| F|  |TAMS 0x000000070ad00000, 0x000000070ad00000| Untracked 
|  34|0x000000070ae00000, 0x000000070ae00000, 0x000000070af00000|  0%| F|  |TAMS 0x000000070ae00000, 0x000000070ae00000| Untracked 
|  35|0x000000070af00000, 0x000000070af00000, 0x000000070b000000|  0%| F|  |TAMS 0x000000070af00000, 0x000000070af00000| Untracked 
|  36|0x000000070b000000, 0x000000070b000000, 0x000000070b100000|  0%| F|  |TAMS 0x000000070b000000, 0x000000070b000000| Untracked 
|  37|0x000000070b100000, 0x000000070b100000, 0x000000070b200000|  0%| F|  |TAMS 0x000000070b100000, 0x000000070b100000| Untracked 
|  38|0x000000070b200000, 0x000000070b200000, 0x000000070b300000|  0%| F|  |TAMS 0x000000070b200000, 0x000000070b200000| Untracked 
|  39|0x000000070b300000, 0x000000070b300000, 0x000000070b400000|  0%| F|  |TAMS 0x000000070b300000, 0x000000070b300000| Untracked 
|  40|0x000000070b400000, 0x000000070b400000, 0x000000070b500000|  0%| F|  |TAMS 0x000000070b400000, 0x000000070b400000| Untracked 
|  41|0x000000070b500000, 0x000000070b500000, 0x000000070b600000|  0%| F|  |TAMS 0x000000070b500000, 0x000000070b500000| Untracked 
|  42|0x000000070b600000, 0x000000070b600000, 0x000000070b700000|  0%| F|  |TAMS 0x000000070b600000, 0x000000070b600000| Untracked 
|  43|0x000000070b700000, 0x000000070b700000, 0x000000070b800000|  0%| F|  |TAMS 0x000000070b700000, 0x000000070b700000| Untracked 
|  44|0x000000070b800000, 0x000000070b800000, 0x000000070b900000|  0%| F|  |TAMS 0x000000070b800000, 0x000000070b800000| Untracked 
|  45|0x000000070b900000, 0x000000070b900000, 0x000000070ba00000|  0%| F|  |TAMS 0x000000070b900000, 0x000000070b900000| Untracked 
|  46|0x000000070ba00000, 0x000000070ba00000, 0x000000070bb00000|  0%| F|  |TAMS 0x000000070ba00000, 0x000000070ba00000| Untracked 
|  47|0x000000070bb00000, 0x000000070bb00000, 0x000000070bc00000|  0%| F|  |TAMS 0x000000070bb00000, 0x000000070bb00000| Untracked 
|  48|0x000000070bc00000, 0x000000070bc00000, 0x000000070bd00000|  0%| F|  |TAMS 0x000000070bc00000, 0x000000070bc00000| Untracked 
|  49|0x000000070bd00000, 0x000000070bd00000, 0x000000070be00000|  0%| F|  |TAMS 0x000000070bd00000, 0x000000070bd00000| Untracked 
|  50|0x000000070be00000, 0x000000070be00000, 0x000000070bf00000|  0%| F|  |TAMS 0x000000070be00000, 0x000000070be00000| Untracked 
|  51|0x000000070bf00000, 0x000000070bf00000, 0x000000070c000000|  0%| F|  |TAMS 0x000000070bf00000, 0x000000070bf00000| Untracked 
|  52|0x000000070c000000, 0x000000070c000000, 0x000000070c100000|  0%| F|  |TAMS 0x000000070c000000, 0x000000070c000000| Untracked 
|  53|0x000000070c100000, 0x000000070c100000, 0x000000070c200000|  0%| F|  |TAMS 0x000000070c100000, 0x000000070c100000| Untracked 
|  54|0x000000070c200000, 0x000000070c200000, 0x000000070c300000|  0%| F|  |TAMS 0x000000070c200000, 0x000000070c200000| Untracked 
|  55|0x000000070c300000, 0x000000070c300000, 0x000000070c400000|  0%| F|  |TAMS 0x000000070c300000, 0x000000070c300000| Untracked 
|  56|0x000000070c400000, 0x000000070c400000, 0x000000070c500000|  0%| F|  |TAMS 0x000000070c400000, 0x000000070c400000| Untracked 
|  57|0x000000070c500000, 0x000000070c500000, 0x000000070c600000|  0%| F|  |TAMS 0x000000070c500000, 0x000000070c500000| Untracked 
|  58|0x000000070c600000, 0x000000070c600000, 0x000000070c700000|  0%| F|  |TAMS 0x000000070c600000, 0x000000070c600000| Untracked 
|  59|0x000000070c700000, 0x000000070c700000, 0x000000070c800000|  0%| F|  |TAMS 0x000000070c700000, 0x000000070c700000| Untracked 
|  60|0x000000070c800000, 0x000000070c800000, 0x000000070c900000|  0%| F|  |TAMS 0x000000070c800000, 0x000000070c800000| Untracked 
|  61|0x000000070c900000, 0x000000070c900000, 0x000000070ca00000|  0%| F|  |TAMS 0x000000070c900000, 0x000000070c900000| Untracked 
|  62|0x000000070ca00000, 0x000000070ca00000, 0x000000070cb00000|  0%| F|  |TAMS 0x000000070ca00000, 0x000000070ca00000| Untracked 
|  63|0x000000070cb00000, 0x000000070cb00000, 0x000000070cc00000|  0%| F|  |TAMS 0x000000070cb00000, 0x000000070cb00000| Untracked 
|  64|0x000000070cc00000, 0x000000070cc00000, 0x000000070cd00000|  0%| F|  |TAMS 0x000000070cc00000, 0x000000070cc00000| Untracked 
|  65|0x000000070cd00000, 0x000000070cd00000, 0x000000070ce00000|  0%| F|  |TAMS 0x000000070cd00000, 0x000000070cd00000| Untracked 
|  66|0x000000070ce00000, 0x000000070ce00000, 0x000000070cf00000|  0%| F|  |TAMS 0x000000070ce00000, 0x000000070ce00000| Untracked 
|  67|0x000000070cf00000, 0x000000070cf00000, 0x000000070d000000|  0%| F|  |TAMS 0x000000070cf00000, 0x000000070cf00000| Untracked 
|  68|0x000000070d000000, 0x000000070d000000, 0x000000070d100000|  0%| F|  |TAMS 0x000000070d000000, 0x000000070d000000| Untracked 
|  69|0x000000070d100000, 0x000000070d100000, 0x000000070d200000|  0%| F|  |TAMS 0x000000070d100000, 0x000000070d100000| Untracked 
|  70|0x000000070d200000, 0x000000070d200000, 0x000000070d300000|  0%| F|  |TAMS 0x000000070d200000, 0x000000070d200000| Untracked 
|  71|0x000000070d300000, 0x000000070d300000, 0x000000070d400000|  0%| F|  |TAMS 0x000000070d300000, 0x000000070d300000| Untracked 
|  72|0x000000070d400000, 0x000000070d400000, 0x000000070d500000|  0%| F|  |TAMS 0x000000070d400000, 0x000000070d400000| Untracked 
|  73|0x000000070d500000, 0x000000070d500000, 0x000000070d600000|  0%| F|  |TAMS 0x000000070d500000, 0x000000070d500000| Untracked 
|  74|0x000000070d600000, 0x000000070d600000, 0x000000070d700000|  0%| F|  |TAMS 0x000000070d600000, 0x000000070d600000| Untracked 
|  75|0x000000070d700000, 0x000000070d700000, 0x000000070d800000|  0%| F|  |TAMS 0x000000070d700000, 0x000000070d700000| Untracked 
|  76|0x000000070d800000, 0x000000070d800000, 0x000000070d900000|  0%| F|  |TAMS 0x000000070d800000, 0x000000070d800000| Untracked 
|  77|0x000000070d900000, 0x000000070d900000, 0x000000070da00000|  0%| F|  |TAMS 0x000000070d900000, 0x000000070d900000| Untracked 
|  78|0x000000070da00000, 0x000000070da00000, 0x000000070db00000|  0%| F|  |TAMS 0x000000070da00000, 0x000000070da00000| Untracked 
|  79|0x000000070db00000, 0x000000070db00000, 0x000000070dc00000|  0%| F|  |TAMS 0x000000070db00000, 0x000000070db00000| Untracked 
|  80|0x000000070dc00000, 0x000000070dc00000, 0x000000070dd00000|  0%| F|  |TAMS 0x000000070dc00000, 0x000000070dc00000| Untracked 
|  81|0x000000070dd00000, 0x000000070dd00000, 0x000000070de00000|  0%| F|  |TAMS 0x000000070dd00000, 0x000000070dd00000| Untracked 
|  82|0x000000070de00000, 0x000000070de00000, 0x000000070df00000|  0%| F|  |TAMS 0x000000070de00000, 0x000000070de00000| Untracked 
|  83|0x000000070df00000, 0x000000070df00000, 0x000000070e000000|  0%| F|  |TAMS 0x000000070df00000, 0x000000070df00000| Untracked 
|  84|0x000000070e000000, 0x000000070e000000, 0x000000070e100000|  0%| F|  |TAMS 0x000000070e000000, 0x000000070e000000| Untracked 
|  85|0x000000070e100000, 0x000000070e100000, 0x000000070e200000|  0%| F|  |TAMS 0x000000070e100000, 0x000000070e100000| Untracked 
|  86|0x000000070e200000, 0x000000070e200000, 0x000000070e300000|  0%| F|  |TAMS 0x000000070e200000, 0x000000070e200000| Untracked 
|  87|0x000000070e300000, 0x000000070e300000, 0x000000070e400000|  0%| F|  |TAMS 0x000000070e300000, 0x000000070e300000| Untracked 
|  88|0x000000070e400000, 0x000000070e400000, 0x000000070e500000|  0%| F|  |TAMS 0x000000070e400000, 0x000000070e400000| Untracked 
|  89|0x000000070e500000, 0x000000070e500000, 0x000000070e600000|  0%| F|  |TAMS 0x000000070e500000, 0x000000070e500000| Untracked 
|  90|0x000000070e600000, 0x000000070e600000, 0x000000070e700000|  0%| F|  |TAMS 0x000000070e600000, 0x000000070e600000| Untracked 
|  91|0x000000070e700000, 0x000000070e700000, 0x000000070e800000|  0%| F|  |TAMS 0x000000070e700000, 0x000000070e700000| Untracked 
|  92|0x000000070e800000, 0x000000070e800000, 0x000000070e900000|  0%| F|  |TAMS 0x000000070e800000, 0x000000070e800000| Untracked 
|  93|0x000000070e900000, 0x000000070e900000, 0x000000070ea00000|  0%| F|  |TAMS 0x000000070e900000, 0x000000070e900000| Untracked 
|  94|0x000000070ea00000, 0x000000070ea00000, 0x000000070eb00000|  0%| F|  |TAMS 0x000000070ea00000, 0x000000070ea00000| Untracked 
|  95|0x000000070eb00000, 0x000000070eb00000, 0x000000070ec00000|  0%| F|  |TAMS 0x000000070eb00000, 0x000000070eb00000| Untracked 
|  96|0x000000070ec00000, 0x000000070ec00000, 0x000000070ed00000|  0%| F|  |TAMS 0x000000070ec00000, 0x000000070ec00000| Untracked 
|  97|0x000000070ed00000, 0x000000070ed00000, 0x000000070ee00000|  0%| F|  |TAMS 0x000000070ed00000, 0x000000070ed00000| Untracked 
|  98|0x000000070ee00000, 0x000000070ee00000, 0x000000070ef00000|  0%| F|  |TAMS 0x000000070ee00000, 0x000000070ee00000| Untracked 
|  99|0x000000070ef00000, 0x000000070ef00000, 0x000000070f000000|  0%| F|  |TAMS 0x000000070ef00000, 0x000000070ef00000| Untracked 
| 100|0x000000070f000000, 0x000000070f000000, 0x000000070f100000|  0%| F|  |TAMS 0x000000070f000000, 0x000000070f000000| Untracked 
| 101|0x000000070f100000, 0x000000070f100000, 0x000000070f200000|  0%| F|  |TAMS 0x000000070f100000, 0x000000070f100000| Untracked 
| 102|0x000000070f200000, 0x000000070f200000, 0x000000070f300000|  0%| F|  |TAMS 0x000000070f200000, 0x000000070f200000| Untracked 
| 103|0x000000070f300000, 0x000000070f300000, 0x000000070f400000|  0%| F|  |TAMS 0x000000070f300000, 0x000000070f300000| Untracked 
| 104|0x000000070f400000, 0x000000070f400000, 0x000000070f500000|  0%| F|  |TAMS 0x000000070f400000, 0x000000070f400000| Untracked 
| 105|0x000000070f500000, 0x000000070f500000, 0x000000070f600000|  0%| F|  |TAMS 0x000000070f500000, 0x000000070f500000| Untracked 
| 106|0x000000070f600000, 0x000000070f600000, 0x000000070f700000|  0%| F|  |TAMS 0x000000070f600000, 0x000000070f600000| Untracked 
| 107|0x000000070f700000, 0x000000070f700000, 0x000000070f800000|  0%| F|  |TAMS 0x000000070f700000, 0x000000070f700000| Untracked 
| 108|0x000000070f800000, 0x000000070f800000, 0x000000070f900000|  0%| F|  |TAMS 0x000000070f800000, 0x000000070f800000| Untracked 
| 109|0x000000070f900000, 0x000000070f900000, 0x000000070fa00000|  0%| F|  |TAMS 0x000000070f900000, 0x000000070f900000| Untracked 
| 110|0x000000070fa00000, 0x000000070fa00000, 0x000000070fb00000|  0%| F|  |TAMS 0x000000070fa00000, 0x000000070fa00000| Untracked 
| 111|0x000000070fb00000, 0x000000070fb00000, 0x000000070fc00000|  0%| F|  |TAMS 0x000000070fb00000, 0x000000070fb00000| Untracked 
| 112|0x000000070fc00000, 0x000000070fc00000, 0x000000070fd00000|  0%| F|  |TAMS 0x000000070fc00000, 0x000000070fc00000| Untracked 
| 113|0x000000070fd00000, 0x000000070fd00000, 0x000000070fe00000|  0%| F|  |TAMS 0x000000070fd00000, 0x000000070fd00000| Untracked 
| 114|0x000000070fe00000, 0x000000070fe00000, 0x000000070ff00000|  0%| F|  |TAMS 0x000000070fe00000, 0x000000070fe00000| Untracked 
| 115|0x000000070ff00000, 0x000000070ff00000, 0x0000000710000000|  0%| F|  |TAMS 0x000000070ff00000, 0x000000070ff00000| Untracked 
| 116|0x0000000710000000, 0x0000000710000000, 0x0000000710100000|  0%| F|  |TAMS 0x0000000710000000, 0x0000000710000000| Untracked 
| 117|0x0000000710100000, 0x0000000710100000, 0x0000000710200000|  0%| F|  |TAMS 0x0000000710100000, 0x0000000710100000| Untracked 
| 118|0x0000000710200000, 0x0000000710200000, 0x0000000710300000|  0%| F|  |TAMS 0x0000000710200000, 0x0000000710200000| Untracked 
| 119|0x0000000710300000, 0x0000000710300000, 0x0000000710400000|  0%| F|  |TAMS 0x0000000710300000, 0x0000000710300000| Untracked 
| 120|0x0000000710400000, 0x0000000710400000, 0x0000000710500000|  0%| F|  |TAMS 0x0000000710400000, 0x0000000710400000| Untracked 
| 121|0x0000000710500000, 0x0000000710500000, 0x0000000710600000|  0%| F|  |TAMS 0x0000000710500000, 0x0000000710500000| Untracked 
| 122|0x0000000710600000, 0x0000000710600000, 0x0000000710700000|  0%| F|  |TAMS 0x0000000710600000, 0x0000000710600000| Untracked 
| 123|0x0000000710700000, 0x0000000710700000, 0x0000000710800000|  0%| F|  |TAMS 0x0000000710700000, 0x0000000710700000| Untracked 
| 124|0x0000000710800000, 0x0000000710800000, 0x0000000710900000|  0%| F|  |TAMS 0x0000000710800000, 0x0000000710800000| Untracked 
| 125|0x0000000710900000, 0x0000000710900000, 0x0000000710a00000|  0%| F|  |TAMS 0x0000000710900000, 0x0000000710900000| Untracked 
| 126|0x0000000710a00000, 0x0000000710a00000, 0x0000000710b00000|  0%| F|  |TAMS 0x0000000710a00000, 0x0000000710a00000| Untracked 
| 127|0x0000000710b00000, 0x0000000710b00000, 0x0000000710c00000|  0%| F|  |TAMS 0x0000000710b00000, 0x0000000710b00000| Untracked 
| 128|0x0000000710c00000, 0x0000000710c00000, 0x0000000710d00000|  0%| F|  |TAMS 0x0000000710c00000, 0x0000000710c00000| Untracked 
| 129|0x0000000710d00000, 0x0000000710d00000, 0x0000000710e00000|  0%| F|  |TAMS 0x0000000710d00000, 0x0000000710d00000| Untracked 
| 130|0x0000000710e00000, 0x0000000710e00000, 0x0000000710f00000|  0%| F|  |TAMS 0x0000000710e00000, 0x0000000710e00000| Untracked 
| 131|0x0000000710f00000, 0x0000000710f00000, 0x0000000711000000|  0%| F|  |TAMS 0x0000000710f00000, 0x0000000710f00000| Untracked 
| 132|0x0000000711000000, 0x0000000711000000, 0x0000000711100000|  0%| F|  |TAMS 0x0000000711000000, 0x0000000711000000| Untracked 
| 133|0x0000000711100000, 0x0000000711100000, 0x0000000711200000|  0%| F|  |TAMS 0x0000000711100000, 0x0000000711100000| Untracked 
| 134|0x0000000711200000, 0x0000000711200000, 0x0000000711300000|  0%| F|  |TAMS 0x0000000711200000, 0x0000000711200000| Untracked 
| 135|0x0000000711300000, 0x0000000711300000, 0x0000000711400000|  0%| F|  |TAMS 0x0000000711300000, 0x0000000711300000| Untracked 
| 136|0x0000000711400000, 0x0000000711400000, 0x0000000711500000|  0%| F|  |TAMS 0x0000000711400000, 0x0000000711400000| Untracked 
| 137|0x0000000711500000, 0x0000000711500000, 0x0000000711600000|  0%| F|  |TAMS 0x0000000711500000, 0x0000000711500000| Untracked 
| 138|0x0000000711600000, 0x0000000711600000, 0x0000000711700000|  0%| F|  |TAMS 0x0000000711600000, 0x0000000711600000| Untracked 
| 139|0x0000000711700000, 0x0000000711700000, 0x0000000711800000|  0%| F|  |TAMS 0x0000000711700000, 0x0000000711700000| Untracked 
| 140|0x0000000711800000, 0x0000000711800000, 0x0000000711900000|  0%| F|  |TAMS 0x0000000711800000, 0x0000000711800000| Untracked 
| 141|0x0000000711900000, 0x0000000711900000, 0x0000000711a00000|  0%| F|  |TAMS 0x0000000711900000, 0x0000000711900000| Untracked 
| 142|0x0000000711a00000, 0x0000000711a00000, 0x0000000711b00000|  0%| F|  |TAMS 0x0000000711a00000, 0x0000000711a00000| Untracked 
| 143|0x0000000711b00000, 0x0000000711b00000, 0x0000000711c00000|  0%| F|  |TAMS 0x0000000711b00000, 0x0000000711b00000| Untracked 
| 144|0x0000000711c00000, 0x0000000711c00000, 0x0000000711d00000|  0%| F|  |TAMS 0x0000000711c00000, 0x0000000711c00000| Untracked 
| 145|0x0000000711d00000, 0x0000000711d00000, 0x0000000711e00000|  0%| F|  |TAMS 0x0000000711d00000, 0x0000000711d00000| Untracked 
| 146|0x0000000711e00000, 0x0000000711e00000, 0x0000000711f00000|  0%| F|  |TAMS 0x0000000711e00000, 0x0000000711e00000| Untracked 
| 147|0x0000000711f00000, 0x0000000711f00000, 0x0000000712000000|  0%| F|  |TAMS 0x0000000711f00000, 0x0000000711f00000| Untracked 
| 148|0x0000000712000000, 0x0000000712000000, 0x0000000712100000|  0%| F|  |TAMS 0x0000000712000000, 0x0000000712000000| Untracked 
| 149|0x0000000712100000, 0x0000000712100000, 0x0000000712200000|  0%| F|  |TAMS 0x0000000712100000, 0x0000000712100000| Untracked 
| 150|0x0000000712200000, 0x0000000712200000, 0x0000000712300000|  0%| F|  |TAMS 0x0000000712200000, 0x0000000712200000| Untracked 
| 151|0x0000000712300000, 0x0000000712300000, 0x0000000712400000|  0%| F|  |TAMS 0x0000000712300000, 0x0000000712300000| Untracked 
| 152|0x0000000712400000, 0x0000000712400000, 0x0000000712500000|  0%| F|  |TAMS 0x0000000712400000, 0x0000000712400000| Untracked 
| 153|0x0000000712500000, 0x0000000712500000, 0x0000000712600000|  0%| F|  |TAMS 0x0000000712500000, 0x0000000712500000| Untracked 
| 154|0x0000000712600000, 0x0000000712600000, 0x0000000712700000|  0%| F|  |TAMS 0x0000000712600000, 0x0000000712600000| Untracked 
| 155|0x0000000712700000, 0x0000000712700000, 0x0000000712800000|  0%| F|  |TAMS 0x0000000712700000, 0x0000000712700000| Untracked 
| 156|0x0000000712800000, 0x0000000712800000, 0x0000000712900000|  0%| F|  |TAMS 0x0000000712800000, 0x0000000712800000| Untracked 
| 157|0x0000000712900000, 0x0000000712900000, 0x0000000712a00000|  0%| F|  |TAMS 0x0000000712900000, 0x0000000712900000| Untracked 
| 158|0x0000000712a00000, 0x0000000712a00000, 0x0000000712b00000|  0%| F|  |TAMS 0x0000000712a00000, 0x0000000712a00000| Untracked 
| 159|0x0000000712b00000, 0x0000000712b00000, 0x0000000712c00000|  0%| F|  |TAMS 0x0000000712b00000, 0x0000000712b00000| Untracked 
| 160|0x0000000712c00000, 0x0000000712c00000, 0x0000000712d00000|  0%| F|  |TAMS 0x0000000712c00000, 0x0000000712c00000| Untracked 
| 161|0x0000000712d00000, 0x0000000712d00000, 0x0000000712e00000|  0%| F|  |TAMS 0x0000000712d00000, 0x0000000712d00000| Untracked 
| 162|0x0000000712e00000, 0x0000000712e00000, 0x0000000712f00000|  0%| F|  |TAMS 0x0000000712e00000, 0x0000000712e00000| Untracked 
| 163|0x0000000712f00000, 0x0000000712f00000, 0x0000000713000000|  0%| F|  |TAMS 0x0000000712f00000, 0x0000000712f00000| Untracked 
| 164|0x0000000713000000, 0x0000000713000000, 0x0000000713100000|  0%| F|  |TAMS 0x0000000713000000, 0x0000000713000000| Untracked 
| 165|0x0000000713100000, 0x0000000713100000, 0x0000000713200000|  0%| F|  |TAMS 0x0000000713100000, 0x0000000713100000| Untracked 
| 166|0x0000000713200000, 0x0000000713200000, 0x0000000713300000|  0%| F|  |TAMS 0x0000000713200000, 0x0000000713200000| Untracked 
| 167|0x0000000713300000, 0x0000000713300000, 0x0000000713400000|  0%| F|  |TAMS 0x0000000713300000, 0x0000000713300000| Untracked 
| 168|0x0000000713400000, 0x0000000713400000, 0x0000000713500000|  0%| F|  |TAMS 0x0000000713400000, 0x0000000713400000| Untracked 
| 169|0x0000000713500000, 0x0000000713500000, 0x0000000713600000|  0%| F|  |TAMS 0x0000000713500000, 0x0000000713500000| Untracked 
| 170|0x0000000713600000, 0x0000000713600000, 0x0000000713700000|  0%| F|  |TAMS 0x0000000713600000, 0x0000000713600000| Untracked 
| 171|0x0000000713700000, 0x0000000713700000, 0x0000000713800000|  0%| F|  |TAMS 0x0000000713700000, 0x0000000713700000| Untracked 
| 172|0x0000000713800000, 0x0000000713800000, 0x0000000713900000|  0%| F|  |TAMS 0x0000000713800000, 0x0000000713800000| Untracked 
| 173|0x0000000713900000, 0x0000000713900000, 0x0000000713a00000|  0%| F|  |TAMS 0x0000000713900000, 0x0000000713900000| Untracked 
| 174|0x0000000713a00000, 0x0000000713a00000, 0x0000000713b00000|  0%| F|  |TAMS 0x0000000713a00000, 0x0000000713a00000| Untracked 
| 175|0x0000000713b00000, 0x0000000713b00000, 0x0000000713c00000|  0%| F|  |TAMS 0x0000000713b00000, 0x0000000713b00000| Untracked 
| 176|0x0000000713c00000, 0x0000000713c00000, 0x0000000713d00000|  0%| F|  |TAMS 0x0000000713c00000, 0x0000000713c00000| Untracked 
| 177|0x0000000713d00000, 0x0000000713d00000, 0x0000000713e00000|  0%| F|  |TAMS 0x0000000713d00000, 0x0000000713d00000| Untracked 
| 178|0x0000000713e00000, 0x0000000713e00000, 0x0000000713f00000|  0%| F|  |TAMS 0x0000000713e00000, 0x0000000713e00000| Untracked 
| 179|0x0000000713f00000, 0x0000000713f00000, 0x0000000714000000|  0%| F|  |TAMS 0x0000000713f00000, 0x0000000713f00000| Untracked 
| 180|0x0000000714000000, 0x0000000714000000, 0x0000000714100000|  0%| F|  |TAMS 0x0000000714000000, 0x0000000714000000| Untracked 
| 181|0x0000000714100000, 0x0000000714100000, 0x0000000714200000|  0%| F|  |TAMS 0x0000000714100000, 0x0000000714100000| Untracked 
| 182|0x0000000714200000, 0x0000000714200000, 0x0000000714300000|  0%| F|  |TAMS 0x0000000714200000, 0x0000000714200000| Untracked 
| 183|0x0000000714300000, 0x0000000714300000, 0x0000000714400000|  0%| F|  |TAMS 0x0000000714300000, 0x0000000714300000| Untracked 
| 184|0x0000000714400000, 0x0000000714400000, 0x0000000714500000|  0%| F|  |TAMS 0x0000000714400000, 0x0000000714400000| Untracked 
| 185|0x0000000714500000, 0x0000000714500000, 0x0000000714600000|  0%| F|  |TAMS 0x0000000714500000, 0x0000000714500000| Untracked 
| 186|0x0000000714600000, 0x0000000714600000, 0x0000000714700000|  0%| F|  |TAMS 0x0000000714600000, 0x0000000714600000| Untracked 
| 187|0x0000000714700000, 0x0000000714700000, 0x0000000714800000|  0%| F|  |TAMS 0x0000000714700000, 0x0000000714700000| Untracked 
| 188|0x0000000714800000, 0x0000000714800000, 0x0000000714900000|  0%| F|  |TAMS 0x0000000714800000, 0x0000000714800000| Untracked 
| 189|0x0000000714900000, 0x0000000714900000, 0x0000000714a00000|  0%| F|  |TAMS 0x0000000714900000, 0x0000000714900000| Untracked 
| 190|0x0000000714a00000, 0x0000000714a00000, 0x0000000714b00000|  0%| F|  |TAMS 0x0000000714a00000, 0x0000000714a00000| Untracked 
| 191|0x0000000714b00000, 0x0000000714b00000, 0x0000000714c00000|  0%| F|  |TAMS 0x0000000714b00000, 0x0000000714b00000| Untracked 
| 192|0x0000000714c00000, 0x0000000714c00000, 0x0000000714d00000|  0%| F|  |TAMS 0x0000000714c00000, 0x0000000714c00000| Untracked 
| 193|0x0000000714d00000, 0x0000000714d00000, 0x0000000714e00000|  0%| F|  |TAMS 0x0000000714d00000, 0x0000000714d00000| Untracked 
| 194|0x0000000714e00000, 0x0000000714e00000, 0x0000000714f00000|  0%| F|  |TAMS 0x0000000714e00000, 0x0000000714e00000| Untracked 
| 195|0x0000000714f00000, 0x0000000714f00000, 0x0000000715000000|  0%| F|  |TAMS 0x0000000714f00000, 0x0000000714f00000| Untracked 
| 196|0x0000000715000000, 0x0000000715000000, 0x0000000715100000|  0%| F|  |TAMS 0x0000000715000000, 0x0000000715000000| Untracked 
| 197|0x0000000715100000, 0x0000000715100000, 0x0000000715200000|  0%| F|  |TAMS 0x0000000715100000, 0x0000000715100000| Untracked 
| 198|0x0000000715200000, 0x0000000715200000, 0x0000000715300000|  0%| F|  |TAMS 0x0000000715200000, 0x0000000715200000| Untracked 
| 199|0x0000000715300000, 0x0000000715300000, 0x0000000715400000|  0%| F|  |TAMS 0x0000000715300000, 0x0000000715300000| Untracked 
| 200|0x0000000715400000, 0x0000000715400000, 0x0000000715500000|  0%| F|  |TAMS 0x0000000715400000, 0x0000000715400000| Untracked 
| 201|0x0000000715500000, 0x0000000715500000, 0x0000000715600000|  0%| F|  |TAMS 0x0000000715500000, 0x0000000715500000| Untracked 
| 202|0x0000000715600000, 0x0000000715600000, 0x0000000715700000|  0%| F|  |TAMS 0x0000000715600000, 0x0000000715600000| Untracked 
| 203|0x0000000715700000, 0x0000000715700000, 0x0000000715800000|  0%| F|  |TAMS 0x0000000715700000, 0x0000000715700000| Untracked 
| 204|0x0000000715800000, 0x0000000715800000, 0x0000000715900000|  0%| F|  |TAMS 0x0000000715800000, 0x0000000715800000| Untracked 
| 205|0x0000000715900000, 0x0000000715900000, 0x0000000715a00000|  0%| F|  |TAMS 0x0000000715900000, 0x0000000715900000| Untracked 
| 206|0x0000000715a00000, 0x0000000715a00000, 0x0000000715b00000|  0%| F|  |TAMS 0x0000000715a00000, 0x0000000715a00000| Untracked 
| 207|0x0000000715b00000, 0x0000000715b00000, 0x0000000715c00000|  0%| F|  |TAMS 0x0000000715b00000, 0x0000000715b00000| Untracked 
| 208|0x0000000715c00000, 0x0000000715c00000, 0x0000000715d00000|  0%| F|  |TAMS 0x0000000715c00000, 0x0000000715c00000| Untracked 
| 209|0x0000000715d00000, 0x0000000715d00000, 0x0000000715e00000|  0%| F|  |TAMS 0x0000000715d00000, 0x0000000715d00000| Untracked 
| 210|0x0000000715e00000, 0x0000000715e00000, 0x0000000715f00000|  0%| F|  |TAMS 0x0000000715e00000, 0x0000000715e00000| Untracked 
| 211|0x0000000715f00000, 0x0000000715f00000, 0x0000000716000000|  0%| F|  |TAMS 0x0000000715f00000, 0x0000000715f00000| Untracked 
| 212|0x0000000716000000, 0x0000000716000000, 0x0000000716100000|  0%| F|  |TAMS 0x0000000716000000, 0x0000000716000000| Untracked 
| 213|0x0000000716100000, 0x0000000716100000, 0x0000000716200000|  0%| F|  |TAMS 0x0000000716100000, 0x0000000716100000| Untracked 
| 214|0x0000000716200000, 0x0000000716200000, 0x0000000716300000|  0%| F|  |TAMS 0x0000000716200000, 0x0000000716200000| Untracked 
| 215|0x0000000716300000, 0x0000000716300000, 0x0000000716400000|  0%| F|  |TAMS 0x0000000716300000, 0x0000000716300000| Untracked 
| 216|0x0000000716400000, 0x0000000716400000, 0x0000000716500000|  0%| F|  |TAMS 0x0000000716400000, 0x0000000716400000| Untracked 
| 217|0x0000000716500000, 0x0000000716500000, 0x0000000716600000|  0%| F|  |TAMS 0x0000000716500000, 0x0000000716500000| Untracked 
| 218|0x0000000716600000, 0x0000000716600000, 0x0000000716700000|  0%| F|  |TAMS 0x0000000716600000, 0x0000000716600000| Untracked 
| 219|0x0000000716700000, 0x0000000716700000, 0x0000000716800000|  0%| F|  |TAMS 0x0000000716700000, 0x0000000716700000| Untracked 
| 220|0x0000000716800000, 0x0000000716800000, 0x0000000716900000|  0%| F|  |TAMS 0x0000000716800000, 0x0000000716800000| Untracked 
| 221|0x0000000716900000, 0x0000000716900000, 0x0000000716a00000|  0%| F|  |TAMS 0x0000000716900000, 0x0000000716900000| Untracked 
| 222|0x0000000716a00000, 0x0000000716a00000, 0x0000000716b00000|  0%| F|  |TAMS 0x0000000716a00000, 0x0000000716a00000| Untracked 
| 223|0x0000000716b00000, 0x0000000716b00000, 0x0000000716c00000|  0%| F|  |TAMS 0x0000000716b00000, 0x0000000716b00000| Untracked 
| 224|0x0000000716c00000, 0x0000000716c00000, 0x0000000716d00000|  0%| F|  |TAMS 0x0000000716c00000, 0x0000000716c00000| Untracked 
| 225|0x0000000716d00000, 0x0000000716d00000, 0x0000000716e00000|  0%| F|  |TAMS 0x0000000716d00000, 0x0000000716d00000| Untracked 
| 226|0x0000000716e00000, 0x0000000716e00000, 0x0000000716f00000|  0%| F|  |TAMS 0x0000000716e00000, 0x0000000716e00000| Untracked 
| 227|0x0000000716f00000, 0x0000000716f00000, 0x0000000717000000|  0%| F|  |TAMS 0x0000000716f00000, 0x0000000716f00000| Untracked 
| 228|0x0000000717000000, 0x0000000717000000, 0x0000000717100000|  0%| F|  |TAMS 0x0000000717000000, 0x0000000717000000| Untracked 
| 229|0x0000000717100000, 0x0000000717100000, 0x0000000717200000|  0%| F|  |TAMS 0x0000000717100000, 0x0000000717100000| Untracked 
| 230|0x0000000717200000, 0x0000000717200000, 0x0000000717300000|  0%| F|  |TAMS 0x0000000717200000, 0x0000000717200000| Untracked 
| 231|0x0000000717300000, 0x0000000717300000, 0x0000000717400000|  0%| F|  |TAMS 0x0000000717300000, 0x0000000717300000| Untracked 
| 232|0x0000000717400000, 0x0000000717400000, 0x0000000717500000|  0%| F|  |TAMS 0x0000000717400000, 0x0000000717400000| Untracked 
| 233|0x0000000717500000, 0x0000000717500000, 0x0000000717600000|  0%| F|  |TAMS 0x0000000717500000, 0x0000000717500000| Untracked 
| 234|0x0000000717600000, 0x0000000717600000, 0x0000000717700000|  0%| F|  |TAMS 0x0000000717600000, 0x0000000717600000| Untracked 
| 235|0x0000000717700000, 0x0000000717700000, 0x0000000717800000|  0%| F|  |TAMS 0x0000000717700000, 0x0000000717700000| Untracked 
| 236|0x0000000717800000, 0x0000000717800000, 0x0000000717900000|  0%| F|  |TAMS 0x0000000717800000, 0x0000000717800000| Untracked 
| 237|0x0000000717900000, 0x0000000717900000, 0x0000000717a00000|  0%| F|  |TAMS 0x0000000717900000, 0x0000000717900000| Untracked 
| 238|0x0000000717a00000, 0x0000000717a00000, 0x0000000717b00000|  0%| F|  |TAMS 0x0000000717a00000, 0x0000000717a00000| Untracked 
| 239|0x0000000717b00000, 0x0000000717b00000, 0x0000000717c00000|  0%| F|  |TAMS 0x0000000717b00000, 0x0000000717b00000| Untracked 
| 240|0x0000000717c00000, 0x0000000717c7b6f0, 0x0000000717d00000| 48%| E|  |TAMS 0x0000000717c00000, 0x0000000717c00000| Complete 
| 241|0x0000000717d00000, 0x0000000717e00000, 0x0000000717e00000|100%| E|CS|TAMS 0x0000000717d00000, 0x0000000717d00000| Complete 
| 242|0x0000000717e00000, 0x0000000717f00000, 0x0000000717f00000|100%| E|CS|TAMS 0x0000000717e00000, 0x0000000717e00000| Complete 
| 243|0x0000000717f00000, 0x0000000718000000, 0x0000000718000000|100%| E|CS|TAMS 0x0000000717f00000, 0x0000000717f00000| Complete 
| 244|0x0000000718000000, 0x0000000718100000, 0x0000000718100000|100%| E|CS|TAMS 0x0000000718000000, 0x0000000718000000| Complete 
| 245|0x0000000718100000, 0x0000000718200000, 0x0000000718200000|100%| E|CS|TAMS 0x0000000718100000, 0x0000000718100000| Complete 
| 246|0x0000000718200000, 0x0000000718300000, 0x0000000718300000|100%| E|CS|TAMS 0x0000000718200000, 0x0000000718200000| Complete 
| 247|0x0000000718300000, 0x0000000718400000, 0x0000000718400000|100%| E|CS|TAMS 0x0000000718300000, 0x0000000718300000| Complete 

Card table byte_map: [0x00007ff9ee14c000,0x00007ff9ee906000] _byte_map_base: 0x00007ff9ea906000

Marking Bits (Prev, Next): (CMBitMap*) 0x00007ffa080870d8, (CMBitMap*) 0x00007ffa08087110
 Prev Bits: [0x00007ff9e4230000, 0x00007ff9e8000000)
 Next Bits: [0x00007ff9e0460000, 0x00007ff9e4230000)

Polling page: 0x00007ffa0e920000

Metaspace:

Usage:
  Non-class:     10.50 MB capacity,    10.31 MB ( 98%) used,   159.51 KB (  1%) free+waste,    36.75 KB ( <1%) overhead. 
      Class:      1.31 MB capacity,     1.16 MB ( 88%) used,   133.68 KB ( 10%) free+waste,    20.94 KB (  2%) overhead. 
       Both:     11.82 MB capacity,    11.47 MB ( 97%) used,   293.19 KB (  2%) free+waste,    57.69 KB ( <1%) overhead. 

Virtual space:
  Non-class space:       12.00 MB reserved,      10.75 MB ( 90%) committed 
      Class space:        1.00 GB reserved,       1.38 MB ( <1%) committed 
             Both:        1.01 GB reserved,      12.12 MB (  1%) committed 

Chunk freelists:
   Non-Class:  1.12 KB
       Class:  0 bytes
        Both:  1.12 KB

CodeHeap 'non-profiled nmethods': size=120032Kb used=214Kb max_used=214Kb free=119817Kb
 bounds [0x00007ff9f7668000, 0x00007ff9f78d8000, 0x00007ff9feba0000]
CodeHeap 'profiled nmethods': size=120028Kb used=1013Kb max_used=1013Kb free=119014Kb
 bounds [0x00007ff9f0131000, 0x00007ff9f03a1000, 0x00007ff9f7668000]
CodeHeap 'non-nmethods': size=5700Kb used=1190Kb max_used=1217Kb free=4509Kb
 bounds [0x00007ff9efba0000, 0x00007ff9efe10000, 0x00007ff9f0131000]
 total_blobs=1306 nmethods=633 adapters=471
 compilation: enabled
              stopped_count=0, restarted_count=0
 full_count=0

Compilation events (10 events):
Event: 0.481 Thread 0x00007ffa08285000  628       3       sun.awt.AppContext::getAppContext (51 bytes)
Event: 0.481 Thread 0x00007ffa08285000 nmethod 628 0x00007ff9f022bb90 code [0x00007ff9f022bda0, 0x00007ff9f022c3f8]
Event: 0.481 Thread 0x00007ffa08285000  629   !   3       sun.awt.AppContext::get (123 bytes)
Event: 0.482 Thread 0x00007ffa08285000 nmethod 629 0x00007ff9f022c590 code [0x00007ff9f022c7c0, 0x00007ff9f022d3c8]
Event: 0.482 Thread 0x00007ffa08285000  631  s    3       java.util.Hashtable::get (69 bytes)
Event: 0.482 Thread 0x00007ffa08285000 nmethod 631 0x00007ff9f022d710 code [0x00007ff9f022d900, 0x00007ff9f022df78]
Event: 0.482 Thread 0x00007ffa08285000  632       3       java.util.HashMap::<init> (11 bytes)
Event: 0.482 Thread 0x00007ffa08285000 nmethod 632 0x00007ff9f022e190 code [0x00007ff9f022e340, 0x00007ff9f022e550]
Event: 0.483 Thread 0x00007ff9b036f000 nmethod 612 0x00007ff9f7695790 code [0x00007ff9f7695940, 0x00007ff9f7695e38]
Event: 0.484 Thread 0x00007ff9b036f000  551       4       jdk.internal.org.objectweb.asm.ByteVector::put12 (64 bytes)

GC Heap History (0 events):
No events

Deoptimization events (1 events):
Event: 0.109 Thread 0x00007ffa08012000 Uncommon trap: reason=unstable_if action=reinterpret pc=0x00007ff9f766c8e4 method=java.lang.String.hashCode()I @ 14 c2

Classes redefined (0 events):
No events

Internal exceptions (10 events):
Event: 0.421 Thread 0x00007ffa08012000 Exception <a 'java/lang/NoSuchMethodError'{0x0000000717e052c0}: java.lang.invoke.DirectMethodHandle$Holder.invokeStatic(Ljava/lang/Object;ILjava/lang/Object;Ljava/lang/Object;Ljava/lang/Object;)Ljava/lang/Object;> (0x0000000717e052c0) thrown at [/scratch/
Event: 0.421 Thread 0x00007ffa08012000 Exception <a 'java/lang/NoSuchMethodError'{0x0000000717e08e00}: java.lang.invoke.DirectMethodHandle$Holder.invokeSpecial(Ljava/lang/Object;Ljava/lang/Object;ILjava/lang/Object;Ljava/lang/Object;Ljava/lang/Object;)Ljava/lang/Object;> (0x0000000717e08e00) t
Event: 0.444 Thread 0x00007ffa08012000 Exception <a 'java/lang/NoSuchMethodError'{0x0000000717d16908}: java.lang.invoke.Invokers$Holder.linkToTargetMethod(Ljava/lang/Object;ILjava/lang/Object;)Ljava/lang/Object;> (0x0000000717d16908) thrown at [/scratch/opt/mach5/mesos/work_dir/slaves/2dd962d0
Event: 0.452 Thread 0x00007ffa08012000 Exception <a 'java/lang/ClassNotFoundException'{0x0000000717d57f20}: com/sun/swing/internal/plaf/metal/resources/spi/metalProvider> (0x0000000717d57f20) thrown at [/scratch/opt/mach5/mesos/work_dir/slaves/2dd962d0-8988-479b-a804-57ab764ada59-S1222/framewo
Event: 0.453 Thread 0x00007ffa08012000 Exception <a 'java/lang/ClassNotFoundException'{0x0000000717d5c2b0}: com/sun/swing/internal/plaf/basic/resources/spi/basicProvider> (0x0000000717d5c2b0) thrown at [/scratch/opt/mach5/mesos/work_dir/slaves/2dd962d0-8988-479b-a804-57ab764ada59-S1222/framewo
Event: 0.466 Thread 0x00007ffa08012000 Exception <a 'java/lang/NoSuchMethodError'{0x0000000717de4968}: java.lang.invoke.DirectMethodHandle$Holder.invokeStatic(Ljava/lang/Object;Ljava/lang/Object;Ljava/lang/Object;Ljava/lang/Object;Ljava/lang/Object;Ljava/lang/Object;Ljava/lang/Object;Ljava/lan
Event: 0.468 Thread 0x00007ffa08012000 Exception <a 'java/lang/NoSuchMethodError'{0x0000000717c033d8}: java.lang.invoke.DirectMethodHandle$Holder.invokeStatic(Ljava/lang/Object;Ljava/lang/Object;Ljava/lang/Object;Ljava/lang/Object;Ljava/lang/Object;Ljava/lang/Object;Ljava/lang/Object;Ljava/lan
Event: 0.469 Thread 0x00007ffa08012000 Exception <a 'java/lang/NoSuchMethodError'{0x0000000717c222f8}: java.lang.invoke.DirectMethodHandle$Holder.invokeStatic(Ljava/lang/Object;Ljava/lang/Object;Ljava/lang/Object;Ljava/lang/Object;Ljava/lang/Object;Ljava/lang/Object;Ljava/lang/Object;Ljava/lan
Event: 0.470 Thread 0x00007ffa08012000 Exception <a 'java/lang/NoSuchMethodError'{0x0000000717c30f80}: java.lang.invoke.Invokers$Holder.linkToTargetMethod(Ljava/lang/Object;JLjava/lang/Object;)Ljava/lang/Object;> (0x0000000717c30f80) thrown at [/scratch/opt/mach5/mesos/work_dir/slaves/2dd962d0
Event: 0.473 Thread 0x00007ffa08012000 Exception <a 'sun/nio/fs/UnixException'{0x0000000717c3b030}> (0x0000000717c3b030) thrown at [/scratch/opt/mach5/mesos/work_dir/slaves/2dd962d0-8988-479b-a804-57ab764ada59-S1222/frameworks/1735e8a2-a1db-478c-8104-60c8b0af87dd-0196/executors/1fd16cd3-bd2f-4

Events (10 events):
Event: 0.482 loading class javax/swing/LayoutStyle$ComponentPlacement
Event: 0.482 loading class javax/swing/LayoutStyle$ComponentPlacement done
Event: 0.482 loading class mypackage/Connection
Event: 0.482 loading class mypackage/Connection done
Event: 0.483 loading class mypackage/testJNI
Event: 0.483 loading class mypackage/testJNI done
Event: 0.484 loading class mypackage/wordSearch
Event: 0.484 loading class mypackage/wordSearch done
Event: 0.484 loading class mypackage/Part
Event: 0.484 loading class mypackage/Part done


Dynamic libraries:
00400000-00401000 r-xp 00000000 103:04 2755924                           /usr/lib/jvm/java-11-oracle/bin/java
00600000-00601000 r--p 00000000 103:04 2755924                           /usr/lib/jvm/java-11-oracle/bin/java
00601000-00602000 rw-p 00001000 103:04 2755924                           /usr/lib/jvm/java-11-oracle/bin/java
025de000-025ff000 rw-p 00000000 00:00 0                                  [heap]
708c00000-718400000 rw-p 00000000 00:00 0 
718400000-800000000 ---p 00000000 00:00 0 
800000000-800160000 rw-p 00000000 00:00 0 
800160000-840000000 ---p 00000000 00:00 0 
7ff984000000-7ff984021000 rw-p 00000000 00:00 0 
7ff984021000-7ff988000000 ---p 00000000 00:00 0 
7ff988000000-7ff988217000 rw-p 00000000 00:00 0 
7ff988217000-7ff98c000000 ---p 00000000 00:00 0 
7ff98c000000-7ff98c021000 rw-p 00000000 00:00 0 
7ff98c021000-7ff990000000 ---p 00000000 00:00 0 
7ff990000000-7ff990021000 rw-p 00000000 00:00 0 
7ff990021000-7ff994000000 ---p 00000000 00:00 0 
7ff994000000-7ff994021000 rw-p 00000000 00:00 0 
7ff994021000-7ff998000000 ---p 00000000 00:00 0 
7ff99a177000-7ff99a4f8000 rw-p 00000000 00:00 0 
7ff99a4f8000-7ff99a50f000 r-xp 00000000 103:04 1048669                   /lib/x86_64-linux-gnu/libgcc_s.so.1
7ff99a50f000-7ff99a70e000 ---p 00017000 103:04 1048669                   /lib/x86_64-linux-gnu/libgcc_s.so.1
7ff99a70e000-7ff99a70f000 r--p 00016000 103:04 1048669                   /lib/x86_64-linux-gnu/libgcc_s.so.1
7ff99a70f000-7ff99a710000 rw-p 00017000 103:04 1048669                   /lib/x86_64-linux-gnu/libgcc_s.so.1
7ff99a710000-7ff99a889000 r-xp 00000000 103:04 2752811                   /usr/lib/x86_64-linux-gnu/libstdc++.so.6.0.25
7ff99a889000-7ff99aa89000 ---p 00179000 103:04 2752811                   /usr/lib/x86_64-linux-gnu/libstdc++.so.6.0.25
7ff99aa89000-7ff99aa93000 r--p 00179000 103:04 2752811                   /usr/lib/x86_64-linux-gnu/libstdc++.so.6.0.25
7ff99aa93000-7ff99aa95000 rw-p 00183000 103:04 2752811                   /usr/lib/x86_64-linux-gnu/libstdc++.so.6.0.25
7ff99aa95000-7ff99aa99000 rw-p 00000000 00:00 0 
7ff99aa99000-7ff99aafa000 r-xp 00000000 103:04 2633940                   /tmp/nativeutils3597500160638/share.so (deleted)
7ff99aafa000-7ff99acf9000 ---p 00061000 103:04 2633940                   /tmp/nativeutils3597500160638/share.so (deleted)
7ff99acf9000-7ff99acfa000 r--p 00060000 103:04 2633940                   /tmp/nativeutils3597500160638/share.so (deleted)
7ff99acfa000-7ff99acfd000 rw-p 00061000 103:04 2633940                   /tmp/nativeutils3597500160638/share.so (deleted)
7ff99acfd000-7ff99adbd000 rw-p 00000000 00:00 0 
7ff99adbd000-7ff99aefd000 ---p 00000000 00:00 0 
7ff99aefd000-7ff99af01000 ---p 00000000 00:00 0 
7ff99af01000-7ff99affe000 rw-p 00000000 00:00 0 
7ff99affe000-7ff99afff000 ---p 00000000 00:00 0 
7ff99afff000-7ff99b7ff000 rw-p 00000000 00:00 0 
7ff99b7ff000-7ff99b800000 ---p 00000000 00:00 0 
7ff99b800000-7ff99c000000 rw-p 00000000 00:00 0 
7ff99c000000-7ff99c021000 rw-p 00000000 00:00 0 
7ff99c021000-7ff9a0000000 ---p 00000000 00:00 0 
7ff9a0000000-7ff9a0021000 rw-p 00000000 00:00 0 
7ff9a0021000-7ff9a4000000 ---p 00000000 00:00 0 
7ff9a4067000-7ff9a406b000 ---p 00000000 00:00 0 
7ff9a406b000-7ff9a4168000 rw-p 00000000 00:00 0 
7ff9a4168000-7ff9a416d000 r-xp 00000000 103:04 2761820                   /usr/lib/x86_64-linux-gnu/libXfixes.so.3.1.0
7ff9a416d000-7ff9a436c000 ---p 00005000 103:04 2761820                   /usr/lib/x86_64-linux-gnu/libXfixes.so.3.1.0
7ff9a436c000-7ff9a436d000 r--p 00004000 103:04 2761820                   /usr/lib/x86_64-linux-gnu/libXfixes.so.3.1.0
7ff9a436d000-7ff9a436e000 rw-p 00005000 103:04 2761820                   /usr/lib/x86_64-linux-gnu/libXfixes.so.3.1.0
7ff9a436e000-7ff9a4377000 r-xp 00000000 103:04 2761812                   /usr/lib/x86_64-linux-gnu/libXcursor.so.1.0.2
7ff9a4377000-7ff9a4576000 ---p 00009000 103:04 2761812                   /usr/lib/x86_64-linux-gnu/libXcursor.so.1.0.2
7ff9a4576000-7ff9a4577000 r--p 00008000 103:04 2761812                   /usr/lib/x86_64-linux-gnu/libXcursor.so.1.0.2
7ff9a4577000-7ff9a4578000 rw-p 00009000 103:04 2761812                   /usr/lib/x86_64-linux-gnu/libXcursor.so.1.0.2
7ff9a4578000-7ff9a4579000 ---p 00000000 00:00 0 
7ff9a4579000-7ff9a4d79000 rw-p 00000000 00:00 0 
7ff9a4d79000-7ff9a4d85000 r-xp 00000000 103:04 3015724                   /usr/lib/x86_64-linux-gnu/gio/modules/libdconfsettings.so
7ff9a4d85000-7ff9a4f84000 ---p 0000c000 103:04 3015724                   /usr/lib/x86_64-linux-gnu/gio/modules/libdconfsettings.so
7ff9a4f84000-7ff9a4f85000 r--p 0000b000 103:04 3015724                   /usr/lib/x86_64-linux-gnu/gio/modules/libdconfsettings.so
7ff9a4f85000-7ff9a4f86000 rw-p 0000c000 103:04 3015724                   /usr/lib/x86_64-linux-gnu/gio/modules/libdconfsettings.so
7ff9a4f86000-7ff9a4f8c000 r-xp 00000000 103:04 1049082                   /lib/x86_64-linux-gnu/libuuid.so.1.3.0
7ff9a4f8c000-7ff9a518b000 ---p 00006000 103:04 1049082                   /lib/x86_64-linux-gnu/libuuid.so.1.3.0
7ff9a518b000-7ff9a518c000 r--p 00005000 103:04 1049082                   /lib/x86_64-linux-gnu/libuuid.so.1.3.0
7ff9a518c000-7ff9a518d000 rw-p 00006000 103:04 1049082                   /lib/x86_64-linux-gnu/libuuid.so.1.3.0
7ff9a518d000-7ff9a51d4000 r-xp 00000000 103:04 1048657                   /lib/x86_64-linux-gnu/libblkid.so.1.1.0
7ff9a51d4000-7ff9a53d4000 ---p 00047000 103:04 1048657                   /lib/x86_64-linux-gnu/libblkid.so.1.1.0
7ff9a53d4000-7ff9a53d8000 r--p 00047000 103:04 1048657                   /lib/x86_64-linux-gnu/libblkid.so.1.1.0
7ff9a53d8000-7ff9a53d9000 rw-p 0004b000 103:04 1048657                   /lib/x86_64-linux-gnu/libblkid.so.1.1.0
7ff9a53d9000-7ff9a53da000 rw-p 00000000 00:00 0 
7ff9a53da000-7ff9a544a000 r-xp 00000000 103:04 1054260                   /lib/x86_64-linux-gnu/libpcre.so.3.13.3
7ff9a544a000-7ff9a564a000 ---p 00070000 103:04 1054260                   /lib/x86_64-linux-gnu/libpcre.so.3.13.3
7ff9a564a000-7ff9a564b000 r--p 00070000 103:04 1054260                   /lib/x86_64-linux-gnu/libpcre.so.3.13.3
7ff9a564b000-7ff9a564c000 rw-p 00071000 103:04 1054260                   /lib/x86_64-linux-gnu/libpcre.so.3.13.3
7ff9a564c000-7ff9a5653000 r-xp 00000000 103:04 2762147                   /usr/lib/x86_64-linux-gnu/libffi.so.6.0.4
7ff9a5653000-7ff9a5852000 ---p 00007000 103:04 2762147                   /usr/lib/x86_64-linux-gnu/libffi.so.6.0.4
7ff9a5852000-7ff9a5853000 r--p 00006000 103:04 2762147                   /usr/lib/x86_64-linux-gnu/libffi.so.6.0.4
7ff9a5853000-7ff9a5854000 rw-p 00007000 103:04 2762147                   /usr/lib/x86_64-linux-gnu/libffi.so.6.0.4
7ff9a5854000-7ff9a58a5000 r-xp 00000000 103:04 1048660                   /lib/x86_64-linux-gnu/libmount.so.1.1.0
7ff9a58a5000-7ff9a5aa4000 ---p 00051000 103:04 1048660                   /lib/x86_64-linux-gnu/libmount.so.1.1.0
7ff9a5aa4000-7ff9a5aa6000 r--p 00050000 103:04 1048660                   /lib/x86_64-linux-gnu/libmount.so.1.1.0
7ff9a5aa6000-7ff9a5aa7000 rw-p 00052000 103:04 1048660                   /lib/x86_64-linux-gnu/libmount.so.1.1.0
7ff9a5aa7000-7ff9a5aa8000 rw-p 00000000 00:00 0 
7ff9a5aa8000-7ff9a5abf000 r-xp 00000000 103:04 1054277                   /lib/x86_64-linux-gnu/libresolv-2.27.so
7ff9a5abf000-7ff9a5cbf000 ---p 00017000 103:04 1054277                   /lib/x86_64-linux-gnu/libresolv-2.27.so
7ff9a5cbf000-7ff9a5cc0000 r--p 00017000 103:04 1054277                   /lib/x86_64-linux-gnu/libresolv-2.27.so
7ff9a5cc0000-7ff9a5cc1000 rw-p 00018000 103:04 1054277                   /lib/x86_64-linux-gnu/libresolv-2.27.so
7ff9a5cc1000-7ff9a5cc3000 rw-p 00000000 00:00 0 
7ff9a5cc3000-7ff9a5ce8000 r-xp 00000000 103:04 1054283                   /lib/x86_64-linux-gnu/libselinux.so.1
7ff9a5ce8000-7ff9a5ee7000 ---p 00025000 103:04 1054283                   /lib/x86_64-linux-gnu/libselinux.so.1
7ff9a5ee7000-7ff9a5ee8000 r--p 00024000 103:04 1054283                   /lib/x86_64-linux-gnu/libselinux.so.1
7ff9a5ee8000-7ff9a5ee9000 rw-p 00025000 103:04 1054283                   /lib/x86_64-linux-gnu/libselinux.so.1
7ff9a5ee9000-7ff9a5eeb000 rw-p 00000000 00:00 0 
7ff9a5eeb000-7ff9a5ffe000 r-xp 00000000 103:04 2752855                   /usr/lib/x86_64-linux-gnu/libglib-2.0.so.0.5600.3
7ff9a5ffe000-7ff9a61fe000 ---p 00113000 103:04 2752855                   /usr/lib/x86_64-linux-gnu/libglib-2.0.so.0.5600.3
7ff9a61fe000-7ff9a61ff000 r--p 00113000 103:04 2752855                   /usr/lib/x86_64-linux-gnu/libglib-2.0.so.0.5600.3
7ff9a61ff000-7ff9a6200000 rw-p 00114000 103:04 2752855                   /usr/lib/x86_64-linux-gnu/libglib-2.0.so.0.5600.3
7ff9a6200000-7ff9a6201000 rw-p 00000000 00:00 0 
7ff9a6201000-7ff9a6204000 r-xp 00000000 103:04 2752878                   /usr/lib/x86_64-linux-gnu/libgmodule-2.0.so.0.5600.3
7ff9a6204000-7ff9a6403000 ---p 00003000 103:04 2752878                   /usr/lib/x86_64-linux-gnu/libgmodule-2.0.so.0.5600.3
7ff9a6403000-7ff9a6404000 r--p 00002000 103:04 2752878                   /usr/lib/x86_64-linux-gnu/libgmodule-2.0.so.0.5600.3
7ff9a6404000-7ff9a6405000 rw-p 00003000 103:04 2752878                   /usr/lib/x86_64-linux-gnu/libgmodule-2.0.so.0.5600.3
7ff9a6405000-7ff9a6457000 r-xp 00000000 103:04 2752879                   /usr/lib/x86_64-linux-gnu/libgobject-2.0.so.0.5600.3
7ff9a6457000-7ff9a6657000 ---p 00052000 103:04 2752879                   /usr/lib/x86_64-linux-gnu/libgobject-2.0.so.0.5600.3
7ff9a6657000-7ff9a6658000 r--p 00052000 103:04 2752879                   /usr/lib/x86_64-linux-gnu/libgobject-2.0.so.0.5600.3
7ff9a6658000-7ff9a6659000 rw-p 00053000 103:04 2752879                   /usr/lib/x86_64-linux-gnu/libgobject-2.0.so.0.5600.3
7ff9a6659000-7ff9a67ee000 r-xp 00000000 103:04 2752847                   /usr/lib/x86_64-linux-gnu/libgio-2.0.so.0.5600.3
7ff9a67ee000-7ff9a69ee000 ---p 00195000 103:04 2752847                   /usr/lib/x86_64-linux-gnu/libgio-2.0.so.0.5600.3
7ff9a69ee000-7ff9a69f5000 r--p 00195000 103:04 2752847                   /usr/lib/x86_64-linux-gnu/libgio-2.0.so.0.5600.3
7ff9a69f5000-7ff9a69f6000 rw-p 0019c000 103:04 2752847                   /usr/lib/x86_64-linux-gnu/libgio-2.0.so.0.5600.3
7ff9a69f6000-7ff9a69f8000 rw-p 00000000 00:00 0 
7ff9a69f8000-7ff9a6a02000 r-xp 00000000 103:04 2761836                   /usr/lib/x86_64-linux-gnu/libXrandr.so.2.2.0
7ff9a6a02000-7ff9a6c01000 ---p 0000a000 103:04 2761836                   /usr/lib/x86_64-linux-gnu/libXrandr.so.2.2.0
7ff9a6c01000-7ff9a6c02000 r--p 00009000 103:04 2761836                   /usr/lib/x86_64-linux-gnu/libXrandr.so.2.2.0
7ff9a6c02000-7ff9a6c03000 rw-p 0000a000 103:04 2761836                   /usr/lib/x86_64-linux-gnu/libXrandr.so.2.2.0
7ff9a6c03000-7ff9a6e03000 rw-p 00000000 00:00 0 
7ff9a6e03000-7ff9a6e34000 r-xp 00000000 103:04 2762669                   /usr/lib/x86_64-linux-gnu/libpng16.so.16.34.0
7ff9a6e34000-7ff9a7033000 ---p 00031000 103:04 2762669                   /usr/lib/x86_64-linux-gnu/libpng16.so.16.34.0
7ff9a7033000-7ff9a7034000 r--p 00030000 103:04 2762669                   /usr/lib/x86_64-linux-gnu/libpng16.so.16.34.0
7ff9a7034000-7ff9a7035000 rw-p 00031000 103:04 2762669                   /usr/lib/x86_64-linux-gnu/libpng16.so.16.34.0
7ff9a7035000-7ff9a70e2000 r-xp 00000000 103:04 2762179                   /usr/lib/x86_64-linux-gnu/libfreetype.so.6.15.0
7ff9a70e2000-7ff9a72e1000 ---p 000ad000 103:04 2762179                   /usr/lib/x86_64-linux-gnu/libfreetype.so.6.15.0
7ff9a72e1000-7ff9a72e8000 r--p 000ac000 103:04 2762179                   /usr/lib/x86_64-linux-gnu/libfreetype.so.6.15.0
7ff9a72e8000-7ff9a72e9000 rw-p 000b3000 103:04 2762179                   /usr/lib/x86_64-linux-gnu/libfreetype.so.6.15.0
7ff9a72e9000-7ff9a73a6000 r-xp 00000000 103:04 2765500                   /usr/lib/jvm/java-11-oracle/lib/libfontmanager.so
7ff9a73a6000-7ff9a75a5000 ---p 000bd000 103:04 2765500                   /usr/lib/jvm/java-11-oracle/lib/libfontmanager.so
7ff9a75a5000-7ff9a75a7000 r--p 000bc000 103:04 2765500                   /usr/lib/jvm/java-11-oracle/lib/libfontmanager.so
7ff9a75a7000-7ff9a75a8000 rw-p 000be000 103:04 2765500                   /usr/lib/jvm/java-11-oracle/lib/libfontmanager.so
7ff9a75a8000-7ff9a75a9000 rw-p 00000000 00:00 0 
7ff9a75a9000-7ff9a75bc000 r-xp 00000000 103:04 1054134                   /lib/x86_64-linux-gnu/libbsd.so.0.8.7
7ff9a75bc000-7ff9a77bb000 ---p 00013000 103:04 1054134                   /lib/x86_64-linux-gnu/libbsd.so.0.8.7
7ff9a77bb000-7ff9a77bc000 r--p 00012000 103:04 1054134                   /lib/x86_64-linux-gnu/libbsd.so.0.8.7
7ff9a77bc000-7ff9a77bd000 rw-p 00013000 103:04 1054134                   /lib/x86_64-linux-gnu/libbsd.so.0.8.7
7ff9a77bd000-7ff9a77be000 rw-p 00000000 00:00 0 
7ff9a77be000-7ff9a77c3000 r-xp 00000000 103:04 2761816                   /usr/lib/x86_64-linux-gnu/libXdmcp.so.6.0.0
7ff9a77c3000-7ff9a79c2000 ---p 00005000 103:04 2761816                   /usr/lib/x86_64-linux-gnu/libXdmcp.so.6.0.0
7ff9a79c2000-7ff9a79c3000 r--p 00004000 103:04 2761816                   /usr/lib/x86_64-linux-gnu/libXdmcp.so.6.0.0
7ff9a79c3000-7ff9a79c4000 rw-p 00005000 103:04 2761816                   /usr/lib/x86_64-linux-gnu/libXdmcp.so.6.0.0
7ff9a79c4000-7ff9a79c6000 r-xp 00000000 103:04 2761805                   /usr/lib/x86_64-linux-gnu/libXau.so.6.0.0
7ff9a79c6000-7ff9a7bc6000 ---p 00002000 103:04 2761805                   /usr/lib/x86_64-linux-gnu/libXau.so.6.0.0
7ff9a7bc6000-7ff9a7bc7000 r--p 00002000 103:04 2761805                   /usr/lib/x86_64-linux-gnu/libXau.so.6.0.0
7ff9a7bc7000-7ff9a7bc8000 rw-p 00003000 103:04 2761805                   /usr/lib/x86_64-linux-gnu/libXau.so.6.0.0
7ff9a7bc8000-7ff9a7bee000 r-xp 00000000 103:04 2753520                   /usr/lib/x86_64-linux-gnu/libxcb.so.1.1.0
7ff9a7bee000-7ff9a7dee000 ---p 00026000 103:04 2753520                   /usr/lib/x86_64-linux-gnu/libxcb.so.1.1.0
7ff9a7dee000-7ff9a7def000 r--p 00026000 103:04 2753520                   /usr/lib/x86_64-linux-gnu/libxcb.so.1.1.0
7ff9a7def000-7ff9a7df0000 rw-p 00027000 103:04 2753520                   /usr/lib/x86_64-linux-gnu/libxcb.so.1.1.0
7ff9a7df0000-7ff9a7dff000 r-xp 00000000 103:04 2761826                   /usr/lib/x86_64-linux-gnu/libXi.so.6.1.0
7ff9a7dff000-7ff9a7ffe000 ---p 0000f000 103:04 2761826                   /usr/lib/x86_64-linux-gnu/libXi.so.6.1.0
7ff9a7ffe000-7ff9a7fff000 r--p 0000e000 103:04 2761826                   /usr/lib/x86_64-linux-gnu/libXi.so.6.1.0
7ff9a7fff000-7ff9a8000000 rw-p 0000f000 103:04 2761826                   /usr/lib/x86_64-linux-gnu/libXi.so.6.1.0
7ff9a8000000-7ff9a8021000 rw-p 00000000 00:00 0 
7ff9a8021000-7ff9ac000000 ---p 00000000 00:00 0 
7ff9ac000000-7ff9ac021000 rw-p 00000000 00:00 0 
7ff9ac021000-7ff9b0000000 ---p 00000000 00:00 0 
7ff9b0000000-7ff9b0439000 rw-p 00000000 00:00 0 
7ff9b0439000-7ff9b4000000 ---p 00000000 00:00 0 
7ff9b4000000-7ff9b4021000 rw-p 00000000 00:00 0 
7ff9b4021000-7ff9b8000000 ---p 00000000 00:00 0 
7ff9b8000000-7ff9b8021000 rw-p 00000000 00:00 0 
7ff9b8021000-7ff9bc000000 ---p 00000000 00:00 0 
7ff9bc000000-7ff9bc585000 rw-p 00000000 00:00 0 
7ff9bc585000-7ff9c0000000 ---p 00000000 00:00 0 
7ff9c0000000-7ff9c0021000 rw-p 00000000 00:00 0 
7ff9c0021000-7ff9c4000000 ---p 00000000 00:00 0 
7ff9c4000000-7ff9c4021000 rw-p 00000000 00:00 0 
7ff9c4021000-7ff9c8000000 ---p 00000000 00:00 0 
7ff9c8000000-7ff9c8021000 rw-p 00000000 00:00 0 
7ff9c8021000-7ff9cc000000 ---p 00000000 00:00 0 
7ff9cc000000-7ff9cc021000 rw-p 00000000 00:00 0 
7ff9cc021000-7ff9d0000000 ---p 00000000 00:00 0 
7ff9d0000000-7ff9d0021000 rw-p 00000000 00:00 0 
7ff9d0021000-7ff9d4000000 ---p 00000000 00:00 0 
7ff9d4000000-7ff9d4021000 rw-p 00000000 00:00 0 
7ff9d4021000-7ff9d8000000 ---p 00000000 00:00 0 
7ff9d8076000-7ff9d807a000 ---p 00000000 00:00 0 
7ff9d807a000-7ff9d8177000 rw-p 00000000 00:00 0 
7ff9d8177000-7ff9d817c000 r-xp 00000000 103:04 2761844                   /usr/lib/x86_64-linux-gnu/libXtst.so.6.1.0
7ff9d817c000-7ff9d837b000 ---p 00005000 103:04 2761844                   /usr/lib/x86_64-linux-gnu/libXtst.so.6.1.0
7ff9d837b000-7ff9d837c000 r--p 00004000 103:04 2761844                   /usr/lib/x86_64-linux-gnu/libXtst.so.6.1.0
7ff9d837c000-7ff9d837d000 rw-p 00005000 103:04 2761844                   /usr/lib/x86_64-linux-gnu/libXtst.so.6.1.0
7ff9d837d000-7ff9d8386000 r-xp 00000000 103:04 2761838                   /usr/lib/x86_64-linux-gnu/libXrender.so.1.3.0
7ff9d8386000-7ff9d8585000 ---p 00009000 103:04 2761838                   /usr/lib/x86_64-linux-gnu/libXrender.so.1.3.0
7ff9d8585000-7ff9d8586000 r--p 00008000 103:04 2761838                   /usr/lib/x86_64-linux-gnu/libXrender.so.1.3.0
7ff9d8586000-7ff9d8587000 rw-p 00009000 103:04 2761838                   /usr/lib/x86_64-linux-gnu/libXrender.so.1.3.0
7ff9d8587000-7ff9d86ba000 r-xp 00000000 103:04 2753522                   /usr/lib/x86_64-linux-gnu/libX11.so.6.3.0
7ff9d86ba000-7ff9d88ba000 ---p 00133000 103:04 2753522                   /usr/lib/x86_64-linux-gnu/libX11.so.6.3.0
7ff9d88ba000-7ff9d88bb000 r--p 00133000 103:04 2753522                   /usr/lib/x86_64-linux-gnu/libX11.so.6.3.0
7ff9d88bb000-7ff9d88bf000 rw-p 00134000 103:04 2753522                   /usr/lib/x86_64-linux-gnu/libX11.so.6.3.0
7ff9d88bf000-7ff9d88d0000 r-xp 00000000 103:04 2761818                   /usr/lib/x86_64-linux-gnu/libXext.so.6.4.0
7ff9d88d0000-7ff9d8acf000 ---p 00011000 103:04 2761818                   /usr/lib/x86_64-linux-gnu/libXext.so.6.4.0
7ff9d8acf000-7ff9d8ad0000 r--p 00010000 103:04 2761818                   /usr/lib/x86_64-linux-gnu/libXext.so.6.4.0
7ff9d8ad0000-7ff9d8ad1000 rw-p 00011000 103:04 2761818                   /usr/lib/x86_64-linux-gnu/libXext.so.6.4.0
7ff9d8ad1000-7ff9d8b2f000 r-xp 00000000 103:04 2765497                   /usr/lib/jvm/java-11-oracle/lib/libawt_xawt.so
7ff9d8b2f000-7ff9d8d2e000 ---p 0005e000 103:04 2765497                   /usr/lib/jvm/java-11-oracle/lib/libawt_xawt.so
7ff9d8d2e000-7ff9d8d2f000 r--p 0005d000 103:04 2765497                   /usr/lib/jvm/java-11-oracle/lib/libawt_xawt.so
7ff9d8d2f000-7ff9d8d32000 rw-p 0005e000 103:04 2765497                   /usr/lib/jvm/java-11-oracle/lib/libawt_xawt.so
7ff9d8d32000-7ff9d8d34000 rw-p 00000000 00:00 0 
7ff9d8d34000-7ff9d8dd4000 r-xp 00000000 103:04 2765495                   /usr/lib/jvm/java-11-oracle/lib/libawt.so
7ff9d8dd4000-7ff9d8fd4000 ---p 000a0000 103:04 2765495                   /usr/lib/jvm/java-11-oracle/lib/libawt.so
7ff9d8fd4000-7ff9d8fd5000 r--p 000a0000 103:04 2765495                   /usr/lib/jvm/java-11-oracle/lib/libawt.so
7ff9d8fd5000-7ff9d8fe0000 rw-p 000a1000 103:04 2765495                   /usr/lib/jvm/java-11-oracle/lib/libawt.so
7ff9d8fe0000-7ff9d9005000 rw-p 00000000 00:00 0 
7ff9d9005000-7ff9d901b000 r-xp 00000000 103:04 2765518                   /usr/lib/jvm/java-11-oracle/lib/libnet.so
7ff9d901b000-7ff9d921b000 ---p 00016000 103:04 2765518                   /usr/lib/jvm/java-11-oracle/lib/libnet.so
7ff9d921b000-7ff9d921c000 r--p 00016000 103:04 2765518                   /usr/lib/jvm/java-11-oracle/lib/libnet.so
7ff9d921c000-7ff9d921d000 rw-p 00017000 103:04 2765518                   /usr/lib/jvm/java-11-oracle/lib/libnet.so
7ff9d921d000-7ff9d922d000 r-xp 00000000 103:04 2765519                   /usr/lib/jvm/java-11-oracle/lib/libnio.so
7ff9d922d000-7ff9d942c000 ---p 00010000 103:04 2765519                   /usr/lib/jvm/java-11-oracle/lib/libnio.so
7ff9d942c000-7ff9d942d000 r--p 0000f000 103:04 2765519                   /usr/lib/jvm/java-11-oracle/lib/libnio.so
7ff9d942d000-7ff9d942e000 rw-p 00010000 103:04 2765519                   /usr/lib/jvm/java-11-oracle/lib/libnio.so
7ff9d942e000-7ff9d9432000 ---p 00000000 00:00 0 
7ff9d9432000-7ff9d952f000 rw-p 00000000 00:00 0 
7ff9d952f000-7ff9d9530000 ---p 00000000 00:00 0 
7ff9d9530000-7ff9d9631000 rw-p 00000000 00:00 0 
7ff9d9631000-7ff9da000000 r--p 00000000 103:04 2759365                   /usr/lib/locale/locale-archive
7ff9da000000-7ff9dc000000 rw-p 00000000 00:00 0 
7ff9dc000000-7ff9dc021000 rw-p 00000000 00:00 0 
7ff9dc021000-7ff9e0000000 ---p 00000000 00:00 0 
7ff9e005c000-7ff9e0060000 ---p 00000000 00:00 0 
7ff9e0060000-7ff9e015d000 rw-p 00000000 00:00 0 
7ff9e015d000-7ff9e0161000 ---p 00000000 00:00 0 
7ff9e0161000-7ff9e025e000 rw-p 00000000 00:00 0 
7ff9e025e000-7ff9e0262000 ---p 00000000 00:00 0 
7ff9e0262000-7ff9e035f000 rw-p 00000000 00:00 0 
7ff9e035f000-7ff9e0363000 ---p 00000000 00:00 0 
7ff9e0363000-7ff9e0840000 rw-p 00000000 00:00 0 
7ff9e0840000-7ff9e4230000 ---p 00000000 00:00 0 
7ff9e4230000-7ff9e4610000 rw-p 00000000 00:00 0 
7ff9e4610000-7ff9e8000000 ---p 00000000 00:00 0 
7ff9e8000000-7ff9e8021000 rw-p 00000000 00:00 0 
7ff9e8021000-7ff9ec000000 ---p 00000000 00:00 0 
7ff9ec07d000-7ff9ec081000 ---p 00000000 00:00 0 
7ff9ec081000-7ff9ec17e000 rw-p 00000000 00:00 0 
7ff9ec17e000-7ff9ec182000 ---p 00000000 00:00 0 
7ff9ec182000-7ff9ec27f000 rw-p 00000000 00:00 0 
7ff9ec27f000-7ff9ec283000 ---p 00000000 00:00 0 
7ff9ec283000-7ff9ec380000 rw-p 00000000 00:00 0 
7ff9ec380000-7ff9ec381000 ---p 00000000 00:00 0 
7ff9ec381000-7ff9ecc82000 rw-p 00000000 00:00 0 
7ff9ecc82000-7ff9ecc83000 ---p 00000000 00:00 0 
7ff9ecc83000-7ff9ecd84000 rw-p 00000000 00:00 0 
7ff9ecd84000-7ff9ecd85000 ---p 00000000 00:00 0 
7ff9ecd85000-7ff9ed68e000 rw-p 00000000 00:00 0 
7ff9ed68e000-7ff9ed68f000 ---p 00000000 00:00 0 
7ff9ed68f000-7ff9ed790000 rw-p 00000000 00:00 0 
7ff9ed790000-7ff9ed791000 ---p 00000000 00:00 0 
7ff9ed791000-7ff9eda0e000 rw-p 00000000 00:00 0 
7ff9eda0e000-7ff9ee14c000 ---p 00000000 00:00 0 
7ff9ee14c000-7ff9ee1c8000 rw-p 00000000 00:00 0 
7ff9ee1c8000-7ff9ee906000 ---p 00000000 00:00 0 
7ff9ee906000-7ff9ee982000 rw-p 00000000 00:00 0 
7ff9ee982000-7ff9ef0c0000 ---p 00000000 00:00 0 
7ff9ef0c0000-7ff9ef8c8000 rw-p 00000000 00:00 0 
7ff9ef8c8000-7ff9ef8c9000 ---p 00000000 00:00 0 
7ff9ef8c9000-7ff9ef9cf000 rw-p 00000000 00:00 0 
7ff9ef9cf000-7ff9efab5000 ---p 00000000 00:00 0 
7ff9efab5000-7ff9efaba000 rw-p 00000000 00:00 0 
7ff9efaba000-7ff9efba0000 ---p 00000000 00:00 0 
7ff9efba0000-7ff9efe10000 rwxp 00000000 00:00 0 
7ff9efe10000-7ff9f0131000 ---p 00000000 00:00 0 
7ff9f0131000-7ff9f03a1000 rwxp 00000000 00:00 0 
7ff9f03a1000-7ff9f7668000 ---p 00000000 00:00 0 
7ff9f7668000-7ff9f78d8000 rwxp 00000000 00:00 0 
7ff9f78d8000-7ff9feba0000 ---p 00000000 00:00 0 
7ff9feba0000-7ffa06f5e000 r--s 00000000 103:04 2765529                   /usr/lib/jvm/java-11-oracle/lib/modules
7ffa06f5e000-7ffa06f79000 r-xp 00000000 103:04 2765510                   /usr/lib/jvm/java-11-oracle/lib/libjimage.so
7ffa06f79000-7ffa07178000 ---p 0001b000 103:04 2765510                   /usr/lib/jvm/java-11-oracle/lib/libjimage.so
7ffa07178000-7ffa0717a000 r--p 0001a000 103:04 2765510                   /usr/lib/jvm/java-11-oracle/lib/libjimage.so
7ffa0717a000-7ffa0717b000 rw-p 0001c000 103:04 2765510                   /usr/lib/jvm/java-11-oracle/lib/libjimage.so
7ffa0717b000-7ffa07182000 r-xp 00000000 103:04 2765528                   /usr/lib/jvm/java-11-oracle/lib/libzip.so
7ffa07182000-7ffa07381000 ---p 00007000 103:04 2765528                   /usr/lib/jvm/java-11-oracle/lib/libzip.so
7ffa07381000-7ffa07382000 r--p 00006000 103:04 2765528                   /usr/lib/jvm/java-11-oracle/lib/libzip.so
7ffa07382000-7ffa07383000 rw-p 00007000 103:04 2765528                   /usr/lib/jvm/java-11-oracle/lib/libzip.so
7ffa07383000-7ffa0738e000 r-xp 00000000 103:04 1054228                   /lib/x86_64-linux-gnu/libnss_files-2.27.so
7ffa0738e000-7ffa0758d000 ---p 0000b000 103:04 1054228                   /lib/x86_64-linux-gnu/libnss_files-2.27.so
7ffa0758d000-7ffa0758e000 r--p 0000a000 103:04 1054228                   /lib/x86_64-linux-gnu/libnss_files-2.27.so
7ffa0758e000-7ffa0758f000 rw-p 0000b000 103:04 1054228                   /lib/x86_64-linux-gnu/libnss_files-2.27.so
7ffa0758f000-7ffa07595000 rw-p 00000000 00:00 0 
7ffa07595000-7ffa075ac000 r-xp 00000000 103:04 1054222                   /lib/x86_64-linux-gnu/libnsl-2.27.so
7ffa075ac000-7ffa077ab000 ---p 00017000 103:04 1054222                   /lib/x86_64-linux-gnu/libnsl-2.27.so
7ffa077ab000-7ffa077ac000 r--p 00016000 103:04 1054222                   /lib/x86_64-linux-gnu/libnsl-2.27.so
7ffa077ac000-7ffa077ad000 rw-p 00017000 103:04 1054222                   /lib/x86_64-linux-gnu/libnsl-2.27.so
7ffa077ad000-7ffa077af000 rw-p 00000000 00:00 0 
7ffa077af000-7ffa077ba000 r-xp 00000000 103:04 1054239                   /lib/x86_64-linux-gnu/libnss_nis-2.27.so
7ffa077ba000-7ffa079b9000 ---p 0000b000 103:04 1054239                   /lib/x86_64-linux-gnu/libnss_nis-2.27.so
7ffa079b9000-7ffa079ba000 r--p 0000a000 103:04 1054239                   /lib/x86_64-linux-gnu/libnss_nis-2.27.so
7ffa079ba000-7ffa079bb000 rw-p 0000b000 103:04 1054239                   /lib/x86_64-linux-gnu/libnss_nis-2.27.so
7ffa079bb000-7ffa079c3000 r-xp 00000000 103:04 1054224                   /lib/x86_64-linux-gnu/libnss_compat-2.27.so
7ffa079c3000-7ffa07bc3000 ---p 00008000 103:04 1054224                   /lib/x86_64-linux-gnu/libnss_compat-2.27.so
7ffa07bc3000-7ffa07bc4000 r--p 00008000 103:04 1054224                   /lib/x86_64-linux-gnu/libnss_compat-2.27.so
7ffa07bc4000-7ffa07bc5000 rw-p 00009000 103:04 1054224                   /lib/x86_64-linux-gnu/libnss_compat-2.27.so
7ffa07bc5000-7ffa07bee000 r-xp 00000000 103:04 2765506                   /usr/lib/jvm/java-11-oracle/lib/libjava.so
7ffa07bee000-7ffa07dee000 ---p 00029000 103:04 2765506                   /usr/lib/jvm/java-11-oracle/lib/libjava.so
7ffa07dee000-7ffa07def000 r--p 00029000 103:04 2765506                   /usr/lib/jvm/java-11-oracle/lib/libjava.so
7ffa07def000-7ffa07df1000 rw-p 0002a000 103:04 2765506                   /usr/lib/jvm/java-11-oracle/lib/libjava.so
7ffa07df1000-7ffa07dfe000 r-xp 00000000 103:04 2765527                   /usr/lib/jvm/java-11-oracle/lib/libverify.so
7ffa07dfe000-7ffa07ffd000 ---p 0000d000 103:04 2765527                   /usr/lib/jvm/java-11-oracle/lib/libverify.so
7ffa07ffd000-7ffa07fff000 r--p 0000c000 103:04 2765527                   /usr/lib/jvm/java-11-oracle/lib/libverify.so
7ffa07fff000-7ffa08000000 rw-p 0000e000 103:04 2765527                   /usr/lib/jvm/java-11-oracle/lib/libverify.so
7ffa08000000-7ffa08737000 rw-p 00000000 00:00 0 
7ffa08737000-7ffa0c000000 ---p 00000000 00:00 0 
7ffa0c052000-7ffa0c086000 r--p 00000000 103:04 3014767                   /usr/share/glib-2.0/schemas/gschemas.compiled
7ffa0c086000-7ffa0c08d000 r-xp 00000000 103:04 1054279                   /lib/x86_64-linux-gnu/librt-2.27.so
7ffa0c08d000-7ffa0c28c000 ---p 00007000 103:04 1054279                   /lib/x86_64-linux-gnu/librt-2.27.so
7ffa0c28c000-7ffa0c28d000 r--p 00006000 103:04 1054279                   /lib/x86_64-linux-gnu/librt-2.27.so
7ffa0c28d000-7ffa0c28e000 rw-p 00007000 103:04 1054279                   /lib/x86_64-linux-gnu/librt-2.27.so
7ffa0c28e000-7ffa0c42b000 r-xp 00000000 103:04 1054201                   /lib/x86_64-linux-gnu/libm-2.27.so
7ffa0c42b000-7ffa0c62a000 ---p 0019d000 103:04 1054201                   /lib/x86_64-linux-gnu/libm-2.27.so
7ffa0c62a000-7ffa0c62b000 r--p 0019c000 103:04 1054201                   /lib/x86_64-linux-gnu/libm-2.27.so
7ffa0c62b000-7ffa0c62c000 rw-p 0019d000 103:04 1054201                   /lib/x86_64-linux-gnu/libm-2.27.so
7ffa0c62c000-7ffa0d76b000 r-xp 00000000 103:04 2765540                   /usr/lib/jvm/java-11-oracle/lib/server/libjvm.so
7ffa0d76b000-7ffa0d96b000 ---p 0113f000 103:04 2765540                   /usr/lib/jvm/java-11-oracle/lib/server/libjvm.so
7ffa0d96b000-7ffa0da2a000 r--p 0113f000 103:04 2765540                   /usr/lib/jvm/java-11-oracle/lib/server/libjvm.so
7ffa0da2a000-7ffa0da63000 rw-p 011fe000 103:04 2765540                   /usr/lib/jvm/java-11-oracle/lib/server/libjvm.so
7ffa0da63000-7ffa0dab9000 rw-p 00000000 00:00 0 
7ffa0dab9000-7ffa0dca0000 r-xp 00000000 103:04 1054138                   /lib/x86_64-linux-gnu/libc-2.27.so
7ffa0dca0000-7ffa0dea0000 ---p 001e7000 103:04 1054138                   /lib/x86_64-linux-gnu/libc-2.27.so
7ffa0dea0000-7ffa0dea4000 r--p 001e7000 103:04 1054138                   /lib/x86_64-linux-gnu/libc-2.27.so
7ffa0dea4000-7ffa0dea6000 rw-p 001eb000 103:04 1054138                   /lib/x86_64-linux-gnu/libc-2.27.so
7ffa0dea6000-7ffa0deaa000 rw-p 00000000 00:00 0 
7ffa0deaa000-7ffa0dead000 r-xp 00000000 103:04 1054161                   /lib/x86_64-linux-gnu/libdl-2.27.so
7ffa0dead000-7ffa0e0ac000 ---p 00003000 103:04 1054161                   /lib/x86_64-linux-gnu/libdl-2.27.so
7ffa0e0ac000-7ffa0e0ad000 r--p 00002000 103:04 1054161                   /lib/x86_64-linux-gnu/libdl-2.27.so
7ffa0e0ad000-7ffa0e0ae000 rw-p 00003000 103:04 1054161                   /lib/x86_64-linux-gnu/libdl-2.27.so
7ffa0e0ae000-7ffa0e0be000 r-xp 00000000 103:04 2765491                   /usr/lib/jvm/java-11-oracle/lib/jli/libjli.so
7ffa0e0be000-7ffa0e2bd000 ---p 00010000 103:04 2765491                   /usr/lib/jvm/java-11-oracle/lib/jli/libjli.so
7ffa0e2bd000-7ffa0e2be000 r--p 0000f000 103:04 2765491                   /usr/lib/jvm/java-11-oracle/lib/jli/libjli.so
7ffa0e2be000-7ffa0e2bf000 rw-p 00010000 103:04 2765491                   /usr/lib/jvm/java-11-oracle/lib/jli/libjli.so
7ffa0e2bf000-7ffa0e2d9000 r-xp 00000000 103:04 1054271                   /lib/x86_64-linux-gnu/libpthread-2.27.so
7ffa0e2d9000-7ffa0e4d8000 ---p 0001a000 103:04 1054271                   /lib/x86_64-linux-gnu/libpthread-2.27.so
7ffa0e4d8000-7ffa0e4d9000 r--p 00019000 103:04 1054271                   /lib/x86_64-linux-gnu/libpthread-2.27.so
7ffa0e4d9000-7ffa0e4da000 rw-p 0001a000 103:04 1054271                   /lib/x86_64-linux-gnu/libpthread-2.27.so
7ffa0e4da000-7ffa0e4de000 rw-p 00000000 00:00 0 
7ffa0e4de000-7ffa0e4fa000 r-xp 00000000 103:04 1054310                   /lib/x86_64-linux-gnu/libz.so.1.2.11
7ffa0e4fa000-7ffa0e6f9000 ---p 0001c000 103:04 1054310                   /lib/x86_64-linux-gnu/libz.so.1.2.11
7ffa0e6f9000-7ffa0e6fa000 r--p 0001b000 103:04 1054310                   /lib/x86_64-linux-gnu/libz.so.1.2.11
7ffa0e6fa000-7ffa0e6fb000 rw-p 0001c000 103:04 1054310                   /lib/x86_64-linux-gnu/libz.so.1.2.11
7ffa0e6fb000-7ffa0e722000 r-xp 00000000 103:04 1054110                   /lib/x86_64-linux-gnu/ld-2.27.so
7ffa0e722000-7ffa0e729000 r--p 00000000 103:04 1725408                   /home/carter/.config/dconf/user
7ffa0e729000-7ffa0e805000 rw-p 00000000 00:00 0 
7ffa0e805000-7ffa0e809000 ---p 00000000 00:00 0 
7ffa0e809000-7ffa0e90a000 rw-p 00000000 00:00 0 
7ffa0e90b000-7ffa0e90c000 r--s 00000000 00:35 40                         /run/user/1000/snap.code/dconf/user
7ffa0e90c000-7ffa0e911000 rw-p 00000000 00:00 0 
7ffa0e911000-7ffa0e918000 ---p 00000000 00:00 0 
7ffa0e918000-7ffa0e920000 rw-s 00000000 103:04 2622155                   /tmp/hsperfdata_carter/923
7ffa0e920000-7ffa0e921000 ---p 00000000 00:00 0 
7ffa0e921000-7ffa0e922000 r--p 00000000 00:00 0 
7ffa0e922000-7ffa0e923000 r--p 00027000 103:04 1054110                   /lib/x86_64-linux-gnu/ld-2.27.so
7ffa0e923000-7ffa0e924000 rw-p 00028000 103:04 1054110                   /lib/x86_64-linux-gnu/ld-2.27.so
7ffa0e924000-7ffa0e925000 rw-p 00000000 00:00 0 
7ffde3a7b000-7ffde3a9c000 rw-p 00000000 00:00 0                          [stack]
7ffde3b27000-7ffde3b2a000 r--p 00000000 00:00 0                          [vvar]
7ffde3b2a000-7ffde3b2c000 r-xp 00000000 00:00 0                          [vdso]
ffffffffff600000-ffffffffff601000 r-xp 00000000 00:00 0                  [vsyscall]


VM Arguments:
java_command: project.jar
java_class_path (initial): project.jar
Launcher Type: SUN_STANDARD

[Global flags]
     intx CICompilerCount                          = 4                                         {product} {ergonomic}
     uint ConcGCThreads                            = 2                                         {product} {ergonomic}
     uint G1ConcRefinementThreads                  = 8                                         {product} {ergonomic}
   size_t G1HeapRegionSize                         = 1048576                                   {product} {ergonomic}
    uintx GCDrainStackTargetSize                   = 64                                        {product} {ergonomic}
   size_t InitialHeapSize                          = 260046848                                 {product} {ergonomic}
   size_t MarkStackSize                            = 4194304                                   {product} {ergonomic}
   size_t MaxHeapSize                              = 4148166656                                {product} {ergonomic}
   size_t MaxNewSize                               = 2488270848                                {product} {ergonomic}
   size_t MinHeapDeltaBytes                        = 1048576                                   {product} {ergonomic}
    uintx NonNMethodCodeHeapSize                   = 5835340                                {pd product} {ergonomic}
    uintx NonProfiledCodeHeapSize                  = 122911450                              {pd product} {ergonomic}
    uintx ProfiledCodeHeapSize                     = 122911450                              {pd product} {ergonomic}
    uintx ReservedCodeCacheSize                    = 251658240                              {pd product} {ergonomic}
     bool SegmentedCodeCache                       = true                                      {product} {ergonomic}
     bool UseCompressedClassPointers               = true                                 {lp64_product} {ergonomic}
     bool UseCompressedOops                        = true                                 {lp64_product} {ergonomic}
     bool UseG1GC                                  = true                                      {product} {ergonomic}

Logging:
Log output configuration:
 #0: stdout all=warning uptime,level,tags
 #1: stderr all=off uptime,level,tags

Environment Variables:
JAVA_HOME=/usr/lib/jvm/java-11-oracle
PATH=/home/carter/bin:/usr/local/sbin:/usr/local/bin:/usr/sbin:/usr/bin:/sbin:/bin:/usr/games:/usr/local/games:/snap/bin:/usr/lib/jvm/java-11-oracle/bin:/usr/lib/jvm/java-11-oracle/db/bin
USERNAME=carter
SHELL=/bin/bash
DISPLAY=:0

Signal Handlers:
SIGSEGV: [libjvm.so+0xe2adf0], sa_mask[0]=11111111011111111101111111111110, sa_flags=SA_RESTART|SA_SIGINFO
SIGBUS: [libjvm.so+0xe2adf0], sa_mask[0]=11111111011111111101111111111110, sa_flags=SA_RESTART|SA_SIGINFO
SIGFPE: [libjvm.so+0xe2adf0], sa_mask[0]=11111111011111111101111111111110, sa_flags=SA_RESTART|SA_SIGINFO
SIGPIPE: SIG_IGN, sa_mask[0]=00000000000010000000000000000000, sa_flags=SA_RESTART
SIGXFSZ: [libjvm.so+0xbff5b0], sa_mask[0]=11111111011111111101111111111110, sa_flags=SA_RESTART|SA_SIGINFO
SIGILL: [libjvm.so+0xe2adf0], sa_mask[0]=11111111011111111101111111111110, sa_flags=SA_RESTART|SA_SIGINFO
SIGUSR2: [libjvm.so+0xbff450], sa_mask[0]=00000000000000000000000000000000, sa_flags=SA_RESTART|SA_SIGINFO
SIGHUP: [libjvm.so+0xbff7b0], sa_mask[0]=11111111011111111101111111111110, sa_flags=SA_RESTART|SA_SIGINFO
SIGINT: [libjvm.so+0xbff7b0], sa_mask[0]=11111111011111111101111111111110, sa_flags=SA_RESTART|SA_SIGINFO
SIGTERM: [libjvm.so+0xbff7b0], sa_mask[0]=11111111011111111101111111111110, sa_flags=SA_RESTART|SA_SIGINFO
SIGQUIT: [libjvm.so+0xbff7b0], sa_mask[0]=11111111011111111101111111111110, sa_flags=SA_RESTART|SA_SIGINFO


---------------  S Y S T E M  ---------------

OS:DISTRIB_ID=Ubuntu
DISTRIB_RELEASE=18.04
DISTRIB_CODENAME=bionic
DISTRIB_DESCRIPTION="Ubuntu 18.04.2 LTS"
uname:Linux 4.15.0-47-generic #50-Ubuntu SMP Wed Mar 13 10:44:52 UTC 2019 x86_64
libc:glibc 2.27 NPTL 2.27 
rlimit: STACK 8192k, CORE 0k, NPROC 62996, NOFILE 1048576, AS infinity, DATA infinity, FSIZE infinity
load average:0.89 1.44 1.30

/proc/meminfo:
MemTotal:       16203024 kB
MemFree:         9122064 kB
MemAvailable:   11614076 kB
Buffers:          535484 kB
Cached:          3202192 kB
SwapCached:            0 kB
Active:          3660744 kB
Inactive:        3008948 kB
Active(anon):    2779400 kB
Inactive(anon):  1197232 kB
Active(file):     881344 kB
Inactive(file):  1811716 kB
Unevictable:          64 kB
Mlocked:              64 kB
SwapTotal:             0 kB
SwapFree:              0 kB
Dirty:              2748 kB
Writeback:             0 kB
AnonPages:       2932204 kB
Mapped:           887504 kB
Shmem:           1199988 kB
Slab:             192772 kB
SReclaimable:     114108 kB
SUnreclaim:        78664 kB
KernelStack:       16832 kB
PageTables:        68596 kB
NFS_Unstable:          0 kB
Bounce:                0 kB
WritebackTmp:          0 kB
CommitLimit:     8101512 kB
Committed_AS:   11740616 kB
VmallocTotal:   34359738367 kB
VmallocUsed:           0 kB
VmallocChunk:          0 kB
HardwareCorrupted:     0 kB
AnonHugePages:         0 kB
ShmemHugePages:        0 kB
ShmemPmdMapped:        0 kB
CmaTotal:              0 kB
CmaFree:               0 kB
HugePages_Total:       0
HugePages_Free:        0
HugePages_Rsvd:        0
HugePages_Surp:        0
Hugepagesize:       2048 kB
DirectMap4k:      405108 kB
DirectMap2M:     8808448 kB
DirectMap1G:     8388608 kB


/proc/sys/kernel/threads-max (system-wide limit on the number of threads):
125992


/proc/sys/vm/max_map_count (maximum number of memory map areas a process may have):
65530


/proc/sys/kernel/pid_max (system-wide limit on number of process identifiers):
32768



container (cgroup) information:
container_type: cgroupv1
cpu_cpuset_cpus: 0-7
cpu_memory_nodes: 0
active_processor_count: 8
cpu_quota: -1
cpu_period: 100000
cpu_shares: -1
memory_limit_in_bytes: -1
memory_and_swap_limit_in_bytes: -2
memory_soft_limit_in_bytes: -1
memory_usage_in_bytes: 6830104576
memory_max_usage_in_bytes: 0


CPU:total 8 (initial active 8) (4 cores per cpu, 2 threads per core) family 6 model 142 stepping 10, cmov, cx8, fxsr, mmx, sse, sse2, sse3, ssse3, sse4.1, sse4.2, popcnt, avx, avx2, aes, clmul, erms, 3dnowpref, lzcnt, ht, tsc, tscinvbit, bmi1, bmi2, adx, fma
CPU Model and flags from /proc/cpuinfo:
model name	: Intel(R) Core(TM) i7-8550U CPU @ 1.80GHz
flags		: fpu vme de pse tsc msr pae mce cx8 apic sep mtrr pge mca cmov pat pse36 clflush dts acpi mmx fxsr sse sse2 ss ht tm pbe syscall nx pdpe1gb rdtscp lm constant_tsc art arch_perfmon pebs bts rep_good nopl xtopology nonstop_tsc cpuid aperfmperf tsc_known_freq pni pclmulqdq dtes64 monitor ds_cpl vmx est tm2 ssse3 sdbg fma cx16 xtpr pdcm pcid sse4_1 sse4_2 x2apic movbe popcnt tsc_deadline_timer aes xsave avx f16c rdrand lahf_lm abm 3dnowprefetch cpuid_fault epb invpcid_single pti ssbd ibrs ibpb stibp tpr_shadow vnmi flexpriority ept vpid fsgsbase tsc_adjust bmi1 avx2 smep bmi2 erms invpcid mpx rdseed adx smap clflushopt intel_pt xsaveopt xsavec xgetbv1 xsaves dtherm ida arat pln pts hwp hwp_notify hwp_act_window hwp_epp flush_l1d

Memory: 4k page, physical 16203024k(9122064k free), swap 0k(0k free)

vm_info: Java HotSpot(TM) 64-Bit Server VM (11.0.2+9-LTS) for linux-amd64 JRE (11.0.2+9-LTS), built on Jan 17 2019 21:22:50 by "mach5one" with gcc 7.3.0

END.
